Analysis & Synthesis report for Ex15
Fri Dec 18 04:02:12 2015
Quartus II 64-Bit Version 13.1.0 Build 162 10/23/2013 SJ Web Edition


---------------------
; Table of Contents ;
---------------------
  1. Legal Notice
  2. Analysis & Synthesis Summary
  3. Analysis & Synthesis Settings
  4. Parallel Compilation
  5. Analysis & Synthesis Source Files Read
  6. Analysis & Synthesis Resource Usage Summary
  7. Analysis & Synthesis Resource Utilization by Entity
  8. Analysis & Synthesis RAM Summary
  9. Analysis & Synthesis IP Cores Summary
 10. State Machine - |top|processor:var_mult_echo|pulse_gen:pulse_gen_echo|state
 11. State Machine - |top|spi2adc:SPI_ADC|sr_state
 12. State Machine - |top|spi2dac:SPI_DAC|sr_state
 13. State Machine - |top|pulse_gen:PULSE|state
 14. Registers Removed During Synthesis
 15. Removed Registers Triggering Further Register Optimizations
 16. General Register Statistics
 17. Inverted Register Statistics
 18. Source assignments for processor:var_mult_echo|RAM:ram_echo|altsyncram:altsyncram_component|altsyncram_phq1:auto_generated
 19. Parameter Settings for User Entity Instance: clk_div:GEN_10K
 20. Parameter Settings for User Entity Instance: pulse_gen:PULSE
 21. Parameter Settings for User Entity Instance: spi2dac:SPI_DAC
 22. Parameter Settings for User Entity Instance: spi2adc:SPI_ADC
 23. Parameter Settings for User Entity Instance: processor:var_mult_echo
 24. Parameter Settings for User Entity Instance: processor:var_mult_echo|pulse_gen:pulse_gen_echo
 25. Parameter Settings for User Entity Instance: processor:var_mult_echo|RAM:ram_echo|altsyncram:altsyncram_component
 26. Parameter Settings for User Entity Instance: processor:var_mult_echo|MULT:mult_in|lpm_mult:lpm_mult_component
 27. altsyncram Parameter Settings by Entity Instance
 28. lpm_mult Parameter Settings by Entity Instance
 29. Port Connectivity Checks: "processor:var_mult_echo|bin2bcd:bcd_result|add3_ge5:A22"
 30. Port Connectivity Checks: "processor:var_mult_echo|bin2bcd:bcd_result|add3_ge5:A10"
 31. Port Connectivity Checks: "processor:var_mult_echo|bin2bcd:bcd_result|add3_ge5:A4"
 32. Port Connectivity Checks: "processor:var_mult_echo|bin2bcd:bcd_result|add3_ge5:A1"
 33. Port Connectivity Checks: "processor:var_mult_echo|bin2bcd:bcd_result"
 34. Port Connectivity Checks: "processor:var_mult_echo|MULT:mult_in"
 35. Port Connectivity Checks: "clk_div:GEN_10K"
 36. Elapsed Time Per Partition
 37. Analysis & Synthesis Messages
 38. Analysis & Synthesis Suppressed Messages



----------------
; Legal Notice ;
----------------
Copyright (C) 1991-2013 Altera Corporation
Your use of Altera Corporation's design tools, logic functions 
and other software and tools, and its AMPP partner logic 
functions, and any output files from any of the foregoing 
(including device programming or simulation files), and any 
associated documentation or information are expressly subject 
to the terms and conditions of the Altera Program License 
Subscription Agreement, Altera MegaCore Function License 
Agreement, or other applicable license agreement, including, 
without limitation, that your use is for the sole purpose of 
programming logic devices manufactured by Altera and sold by 
Altera or its authorized distributors.  Please refer to the 
applicable agreement for further details.



+---------------------------------------------------------------------------------+
; Analysis & Synthesis Summary                                                    ;
+------------------------------------+--------------------------------------------+
; Analysis & Synthesis Status        ; Successful - Fri Dec 18 04:02:12 2015      ;
; Quartus II 64-Bit Version          ; 13.1.0 Build 162 10/23/2013 SJ Web Edition ;
; Revision Name                      ; Ex15                                       ;
; Top-level Entity Name              ; top                                        ;
; Family                             ; Cyclone III                                ;
; Total logic elements               ; 289                                        ;
;     Total combinational functions  ; 267                                        ;
;     Dedicated logic registers      ; 115                                        ;
; Total registers                    ; 115                                        ;
; Total pins                         ; 46                                         ;
; Total virtual pins                 ; 0                                          ;
; Total memory bits                  ; 73,728                                     ;
; Embedded Multiplier 9-bit elements ; 0                                          ;
; Total PLLs                         ; 0                                          ;
+------------------------------------+--------------------------------------------+


+----------------------------------------------------------------------------------------------------------------------+
; Analysis & Synthesis Settings                                                                                        ;
+----------------------------------------------------------------------------+--------------------+--------------------+
; Option                                                                     ; Setting            ; Default Value      ;
+----------------------------------------------------------------------------+--------------------+--------------------+
; Device                                                                     ; EP3C16F484C6       ;                    ;
; Top-level entity name                                                      ; top                ; Ex15               ;
; Family name                                                                ; Cyclone III        ; Cyclone IV GX      ;
; Use smart compilation                                                      ; Off                ; Off                ;
; Enable parallel Assembler and TimeQuest Timing Analyzer during compilation ; On                 ; On                 ;
; Enable compact report table                                                ; Off                ; Off                ;
; Restructure Multiplexers                                                   ; Auto               ; Auto               ;
; Create Debugging Nodes for IP Cores                                        ; Off                ; Off                ;
; Preserve fewer node names                                                  ; On                 ; On                 ;
; Disable OpenCore Plus hardware evaluation                                  ; Off                ; Off                ;
; Verilog Version                                                            ; Verilog_2001       ; Verilog_2001       ;
; VHDL Version                                                               ; VHDL_1993          ; VHDL_1993          ;
; State Machine Processing                                                   ; Auto               ; Auto               ;
; Safe State Machine                                                         ; Off                ; Off                ;
; Extract Verilog State Machines                                             ; On                 ; On                 ;
; Extract VHDL State Machines                                                ; On                 ; On                 ;
; Ignore Verilog initial constructs                                          ; Off                ; Off                ;
; Iteration limit for constant Verilog loops                                 ; 5000               ; 5000               ;
; Iteration limit for non-constant Verilog loops                             ; 250                ; 250                ;
; Add Pass-Through Logic to Inferred RAMs                                    ; On                 ; On                 ;
; Infer RAMs from Raw Logic                                                  ; On                 ; On                 ;
; Parallel Synthesis                                                         ; On                 ; On                 ;
; DSP Block Balancing                                                        ; Auto               ; Auto               ;
; NOT Gate Push-Back                                                         ; On                 ; On                 ;
; Power-Up Don't Care                                                        ; On                 ; On                 ;
; Remove Redundant Logic Cells                                               ; Off                ; Off                ;
; Remove Duplicate Registers                                                 ; On                 ; On                 ;
; Ignore CARRY Buffers                                                       ; Off                ; Off                ;
; Ignore CASCADE Buffers                                                     ; Off                ; Off                ;
; Ignore GLOBAL Buffers                                                      ; Off                ; Off                ;
; Ignore ROW GLOBAL Buffers                                                  ; Off                ; Off                ;
; Ignore LCELL Buffers                                                       ; Off                ; Off                ;
; Ignore SOFT Buffers                                                        ; On                 ; On                 ;
; Limit AHDL Integers to 32 Bits                                             ; Off                ; Off                ;
; Optimization Technique                                                     ; Balanced           ; Balanced           ;
; Carry Chain Length                                                         ; 70                 ; 70                 ;
; Auto Carry Chains                                                          ; On                 ; On                 ;
; Auto Open-Drain Pins                                                       ; On                 ; On                 ;
; Perform WYSIWYG Primitive Resynthesis                                      ; Off                ; Off                ;
; Auto ROM Replacement                                                       ; On                 ; On                 ;
; Auto RAM Replacement                                                       ; On                 ; On                 ;
; Auto DSP Block Replacement                                                 ; On                 ; On                 ;
; Auto Shift Register Replacement                                            ; Auto               ; Auto               ;
; Allow Shift Register Merging across Hierarchies                            ; Auto               ; Auto               ;
; Auto Clock Enable Replacement                                              ; On                 ; On                 ;
; Strict RAM Replacement                                                     ; Off                ; Off                ;
; Allow Synchronous Control Signals                                          ; On                 ; On                 ;
; Force Use of Synchronous Clear Signals                                     ; Off                ; Off                ;
; Auto RAM Block Balancing                                                   ; On                 ; On                 ;
; Auto RAM to Logic Cell Conversion                                          ; Off                ; Off                ;
; Auto Resource Sharing                                                      ; Off                ; Off                ;
; Allow Any RAM Size For Recognition                                         ; Off                ; Off                ;
; Allow Any ROM Size For Recognition                                         ; Off                ; Off                ;
; Allow Any Shift Register Size For Recognition                              ; Off                ; Off                ;
; Use LogicLock Constraints during Resource Balancing                        ; On                 ; On                 ;
; Ignore translate_off and synthesis_off directives                          ; Off                ; Off                ;
; Timing-Driven Synthesis                                                    ; On                 ; On                 ;
; Report Parameter Settings                                                  ; On                 ; On                 ;
; Report Source Assignments                                                  ; On                 ; On                 ;
; Report Connectivity Checks                                                 ; On                 ; On                 ;
; Ignore Maximum Fan-Out Assignments                                         ; Off                ; Off                ;
; Synchronization Register Chain Length                                      ; 2                  ; 2                  ;
; PowerPlay Power Optimization                                               ; Normal compilation ; Normal compilation ;
; HDL message level                                                          ; Level2             ; Level2             ;
; Suppress Register Optimization Related Messages                            ; Off                ; Off                ;
; Number of Removed Registers Reported in Synthesis Report                   ; 5000               ; 5000               ;
; Number of Swept Nodes Reported in Synthesis Report                         ; 5000               ; 5000               ;
; Number of Inverted Registers Reported in Synthesis Report                  ; 100                ; 100                ;
; Clock MUX Protection                                                       ; On                 ; On                 ;
; Auto Gated Clock Conversion                                                ; Off                ; Off                ;
; Block Design Naming                                                        ; Auto               ; Auto               ;
; SDC constraint protection                                                  ; Off                ; Off                ;
; Synthesis Effort                                                           ; Auto               ; Auto               ;
; Shift Register Replacement - Allow Asynchronous Clear Signal               ; On                 ; On                 ;
; Pre-Mapping Resynthesis Optimization                                       ; Off                ; Off                ;
; Analysis & Synthesis Message Level                                         ; Medium             ; Medium             ;
; Disable Register Merging Across Hierarchies                                ; Auto               ; Auto               ;
; Resource Aware Inference For Block RAM                                     ; On                 ; On                 ;
; Synthesis Seed                                                             ; 1                  ; 1                  ;
+----------------------------------------------------------------------------+--------------------+--------------------+


Parallel compilation was disabled, but you have multiple processors available. Enable parallel compilation to reduce compilation time.
+-------------------------------------+
; Parallel Compilation                ;
+----------------------------+--------+
; Processors                 ; Number ;
+----------------------------+--------+
; Number detected on machine ; 4      ;
; Maximum allowed            ; 1      ;
+----------------------------+--------+


+----------------------------------------------------------------------------------------------------------------------------------------------------------------------+
; Analysis & Synthesis Source Files Read                                                                                                                               ;
+----------------------------------+-----------------+------------------------------+------------------------------------------------------------------------+---------+
; File Name with User-Entered Path ; Used in Netlist ; File Type                    ; File Name with Absolute Path                                           ; Library ;
+----------------------------------+-----------------+------------------------------+------------------------------------------------------------------------+---------+
; add3_ge5.v                       ; yes             ; User Verilog HDL File        ; D:/Workspace/VERI/Ex15/add3_ge5.v                                      ;         ;
; bin2bcd.v                        ; yes             ; User Verilog HDL File        ; D:/Workspace/VERI/Ex15/bin2bcd.v                                       ;         ;
; top.v                            ; yes             ; User Verilog HDL File        ; D:/Workspace/VERI/Ex15/top.v                                           ;         ;
; spi2dac.v                        ; yes             ; User Verilog HDL File        ; D:/Workspace/VERI/Ex15/spi2dac.v                                       ;         ;
; spi2adc.v                        ; yes             ; User Verilog HDL File        ; D:/Workspace/VERI/Ex15/spi2adc.v                                       ;         ;
; pulse_gen.v                      ; yes             ; User Verilog HDL File        ; D:/Workspace/VERI/Ex15/pulse_gen.v                                     ;         ;
; hex_to_7seg.v                    ; yes             ; User Verilog HDL File        ; D:/Workspace/VERI/Ex15/hex_to_7seg.v                                   ;         ;
; clk_div.v                        ; yes             ; User Verilog HDL File        ; D:/Workspace/VERI/Ex15/clk_div.v                                       ;         ;
; counter.v                        ; yes             ; User Verilog HDL File        ; D:/Workspace/VERI/Ex15/counter.v                                       ;         ;
; RAM.v                            ; yes             ; User Wizard-Generated File   ; D:/Workspace/VERI/Ex15/RAM.v                                           ;         ;
; MULT.v                           ; yes             ; User Wizard-Generated File   ; D:/Workspace/VERI/Ex15/MULT.v                                          ;         ;
; var_echo.v                       ; yes             ; User Verilog HDL File        ; D:/Workspace/VERI/Ex15/var_echo.v                                      ;         ;
; altsyncram.tdf                   ; yes             ; Megafunction                 ; c:/altera/13.1/quartus/libraries/megafunctions/altsyncram.tdf          ;         ;
; stratix_ram_block.inc            ; yes             ; Megafunction                 ; c:/altera/13.1/quartus/libraries/megafunctions/stratix_ram_block.inc   ;         ;
; lpm_mux.inc                      ; yes             ; Megafunction                 ; c:/altera/13.1/quartus/libraries/megafunctions/lpm_mux.inc             ;         ;
; lpm_decode.inc                   ; yes             ; Megafunction                 ; c:/altera/13.1/quartus/libraries/megafunctions/lpm_decode.inc          ;         ;
; aglobal131.inc                   ; yes             ; Megafunction                 ; c:/altera/13.1/quartus/libraries/megafunctions/aglobal131.inc          ;         ;
; a_rdenreg.inc                    ; yes             ; Megafunction                 ; c:/altera/13.1/quartus/libraries/megafunctions/a_rdenreg.inc           ;         ;
; altrom.inc                       ; yes             ; Megafunction                 ; c:/altera/13.1/quartus/libraries/megafunctions/altrom.inc              ;         ;
; altram.inc                       ; yes             ; Megafunction                 ; c:/altera/13.1/quartus/libraries/megafunctions/altram.inc              ;         ;
; altdpram.inc                     ; yes             ; Megafunction                 ; c:/altera/13.1/quartus/libraries/megafunctions/altdpram.inc            ;         ;
; db/altsyncram_phq1.tdf           ; yes             ; Auto-Generated Megafunction  ; D:/Workspace/VERI/Ex15/db/altsyncram_phq1.tdf                          ;         ;
; lpm_mult.tdf                     ; yes             ; Megafunction                 ; c:/altera/13.1/quartus/libraries/megafunctions/lpm_mult.tdf            ;         ;
; lpm_add_sub.inc                  ; yes             ; Megafunction                 ; c:/altera/13.1/quartus/libraries/megafunctions/lpm_add_sub.inc         ;         ;
; multcore.inc                     ; yes             ; Megafunction                 ; c:/altera/13.1/quartus/libraries/megafunctions/multcore.inc            ;         ;
; bypassff.inc                     ; yes             ; Megafunction                 ; c:/altera/13.1/quartus/libraries/megafunctions/bypassff.inc            ;         ;
; altshift.inc                     ; yes             ; Megafunction                 ; c:/altera/13.1/quartus/libraries/megafunctions/altshift.inc            ;         ;
; multcore.tdf                     ; yes             ; Megafunction                 ; c:/altera/13.1/quartus/libraries/megafunctions/multcore.tdf            ;         ;
; csa_add.inc                      ; yes             ; Megafunction                 ; c:/altera/13.1/quartus/libraries/megafunctions/csa_add.inc             ;         ;
; mpar_add.inc                     ; yes             ; Megafunction                 ; c:/altera/13.1/quartus/libraries/megafunctions/mpar_add.inc            ;         ;
; muleabz.inc                      ; yes             ; Megafunction                 ; c:/altera/13.1/quartus/libraries/megafunctions/muleabz.inc             ;         ;
; mul_lfrg.inc                     ; yes             ; Megafunction                 ; c:/altera/13.1/quartus/libraries/megafunctions/mul_lfrg.inc            ;         ;
; mul_boothc.inc                   ; yes             ; Megafunction                 ; c:/altera/13.1/quartus/libraries/megafunctions/mul_boothc.inc          ;         ;
; alt_ded_mult.inc                 ; yes             ; Megafunction                 ; c:/altera/13.1/quartus/libraries/megafunctions/alt_ded_mult.inc        ;         ;
; alt_ded_mult_y.inc               ; yes             ; Megafunction                 ; c:/altera/13.1/quartus/libraries/megafunctions/alt_ded_mult_y.inc      ;         ;
; dffpipe.inc                      ; yes             ; Megafunction                 ; c:/altera/13.1/quartus/libraries/megafunctions/dffpipe.inc             ;         ;
; mpar_add.tdf                     ; yes             ; Megafunction                 ; c:/altera/13.1/quartus/libraries/megafunctions/mpar_add.tdf            ;         ;
; lpm_add_sub.tdf                  ; yes             ; Megafunction                 ; c:/altera/13.1/quartus/libraries/megafunctions/lpm_add_sub.tdf         ;         ;
; addcore.inc                      ; yes             ; Megafunction                 ; c:/altera/13.1/quartus/libraries/megafunctions/addcore.inc             ;         ;
; look_add.inc                     ; yes             ; Megafunction                 ; c:/altera/13.1/quartus/libraries/megafunctions/look_add.inc            ;         ;
; alt_stratix_add_sub.inc          ; yes             ; Megafunction                 ; c:/altera/13.1/quartus/libraries/megafunctions/alt_stratix_add_sub.inc ;         ;
; db/add_sub_ffh.tdf               ; yes             ; Auto-Generated Megafunction  ; D:/Workspace/VERI/Ex15/db/add_sub_ffh.tdf                              ;         ;
; db/add_sub_jfh.tdf               ; yes             ; Auto-Generated Megafunction  ; D:/Workspace/VERI/Ex15/db/add_sub_jfh.tdf                              ;         ;
; altshift.tdf                     ; yes             ; Megafunction                 ; c:/altera/13.1/quartus/libraries/megafunctions/altshift.tdf            ;         ;
+----------------------------------+-----------------+------------------------------+------------------------------------------------------------------------+---------+


+--------------------------------------------------------------+
; Analysis & Synthesis Resource Usage Summary                  ;
+---------------------------------------------+----------------+
; Resource                                    ; Usage          ;
+---------------------------------------------+----------------+
; Estimated Total logic elements              ; 289            ;
;                                             ;                ;
; Total combinational functions               ; 267            ;
; Logic element usage by number of LUT inputs ;                ;
;     -- 4 input functions                    ; 129            ;
;     -- 3 input functions                    ; 58             ;
;     -- <=2 input functions                  ; 80             ;
;                                             ;                ;
; Logic elements by mode                      ;                ;
;     -- normal mode                          ; 182            ;
;     -- arithmetic mode                      ; 85             ;
;                                             ;                ;
; Total registers                             ; 115            ;
;     -- Dedicated logic registers            ; 115            ;
;     -- I/O registers                        ; 0              ;
;                                             ;                ;
; I/O pins                                    ; 46             ;
; Total memory bits                           ; 73728          ;
; Embedded Multiplier 9-bit elements          ; 0              ;
; Maximum fan-out node                        ; CLOCK_50~input ;
; Maximum fan-out                             ; 61             ;
; Total fan-out                               ; 1404           ;
; Average fan-out                             ; 2.91           ;
+---------------------------------------------+----------------+


+-----------------------------------------------------------------------------------------------------------------------------------------------------------------------------------------------------------------------------------------------------------------------------------------------------------------------------------------------------------------+
; Analysis & Synthesis Resource Utilization by Entity                                                                                                                                                                                                                                                                                                             ;
+------------------------------------------------------+-------------------+--------------+-------------+--------------+---------+-----------+------+--------------+-------------------------------------------------------------------------------------------------------------------------------------------------------------------------------+--------------+
; Compilation Hierarchy Node                           ; LC Combinationals ; LC Registers ; Memory Bits ; DSP Elements ; DSP 9x9 ; DSP 18x18 ; Pins ; Virtual Pins ; Full Hierarchy Name                                                                                                                                                           ; Library Name ;
+------------------------------------------------------+-------------------+--------------+-------------+--------------+---------+-----------+------+--------------+-------------------------------------------------------------------------------------------------------------------------------------------------------------------------------+--------------+
; |top                                                 ; 267 (1)           ; 115 (0)      ; 73728       ; 0            ; 0       ; 0         ; 46   ; 0            ; |top                                                                                                                                                                          ; work         ;
;    |clk_div:GEN_10K|                                 ; 43 (43)           ; 22 (22)      ; 0           ; 0            ; 0       ; 0         ; 0    ; 0            ; |top|clk_div:GEN_10K                                                                                                                                                          ; work         ;
;    |processor:var_mult_echo|                         ; 160 (23)          ; 26 (10)      ; 73728       ; 0            ; 0       ; 0         ; 0    ; 0            ; |top|processor:var_mult_echo                                                                                                                                                  ; work         ;
;       |MULT:mult_in|                                 ; 40 (0)            ; 0 (0)        ; 0           ; 0            ; 0       ; 0         ; 0    ; 0            ; |top|processor:var_mult_echo|MULT:mult_in                                                                                                                                     ; work         ;
;          |lpm_mult:lpm_mult_component|               ; 40 (0)            ; 0 (0)        ; 0           ; 0            ; 0       ; 0         ; 0    ; 0            ; |top|processor:var_mult_echo|MULT:mult_in|lpm_mult:lpm_mult_component                                                                                                         ; work         ;
;             |multcore:mult_core|                     ; 40 (15)           ; 0 (0)        ; 0           ; 0            ; 0       ; 0         ; 0    ; 0            ; |top|processor:var_mult_echo|MULT:mult_in|lpm_mult:lpm_mult_component|multcore:mult_core                                                                                      ; work         ;
;                |mpar_add:padder|                     ; 25 (0)            ; 0 (0)        ; 0           ; 0            ; 0       ; 0         ; 0    ; 0            ; |top|processor:var_mult_echo|MULT:mult_in|lpm_mult:lpm_mult_component|multcore:mult_core|mpar_add:padder                                                                      ; work         ;
;                   |lpm_add_sub:adder[0]|             ; 14 (0)            ; 0 (0)        ; 0           ; 0            ; 0       ; 0         ; 0    ; 0            ; |top|processor:var_mult_echo|MULT:mult_in|lpm_mult:lpm_mult_component|multcore:mult_core|mpar_add:padder|lpm_add_sub:adder[0]                                                 ; work         ;
;                      |add_sub_ffh:auto_generated|    ; 14 (14)           ; 0 (0)        ; 0           ; 0            ; 0       ; 0         ; 0    ; 0            ; |top|processor:var_mult_echo|MULT:mult_in|lpm_mult:lpm_mult_component|multcore:mult_core|mpar_add:padder|lpm_add_sub:adder[0]|add_sub_ffh:auto_generated                      ; work         ;
;                   |mpar_add:sub_par_add|             ; 11 (0)            ; 0 (0)        ; 0           ; 0            ; 0       ; 0         ; 0    ; 0            ; |top|processor:var_mult_echo|MULT:mult_in|lpm_mult:lpm_mult_component|multcore:mult_core|mpar_add:padder|mpar_add:sub_par_add                                                 ; work         ;
;                      |lpm_add_sub:adder[0]|          ; 11 (0)            ; 0 (0)        ; 0           ; 0            ; 0       ; 0         ; 0    ; 0            ; |top|processor:var_mult_echo|MULT:mult_in|lpm_mult:lpm_mult_component|multcore:mult_core|mpar_add:padder|mpar_add:sub_par_add|lpm_add_sub:adder[0]                            ; work         ;
;                         |add_sub_jfh:auto_generated| ; 11 (11)           ; 0 (0)        ; 0           ; 0            ; 0       ; 0         ; 0    ; 0            ; |top|processor:var_mult_echo|MULT:mult_in|lpm_mult:lpm_mult_component|multcore:mult_core|mpar_add:padder|mpar_add:sub_par_add|lpm_add_sub:adder[0]|add_sub_jfh:auto_generated ; work         ;
;       |RAM:ram_echo|                                 ; 1 (0)             ; 1 (0)        ; 73728       ; 0            ; 0       ; 0         ; 0    ; 0            ; |top|processor:var_mult_echo|RAM:ram_echo                                                                                                                                     ; work         ;
;          |altsyncram:altsyncram_component|           ; 1 (0)             ; 1 (0)        ; 73728       ; 0            ; 0       ; 0         ; 0    ; 0            ; |top|processor:var_mult_echo|RAM:ram_echo|altsyncram:altsyncram_component                                                                                                     ; work         ;
;             |altsyncram_phq1:auto_generated|         ; 1 (1)             ; 1 (1)        ; 73728       ; 0            ; 0       ; 0         ; 0    ; 0            ; |top|processor:var_mult_echo|RAM:ram_echo|altsyncram:altsyncram_component|altsyncram_phq1:auto_generated                                                                      ; work         ;
;       |bin2bcd:bcd_result|                           ; 52 (0)            ; 0 (0)        ; 0           ; 0            ; 0       ; 0         ; 0    ; 0            ; |top|processor:var_mult_echo|bin2bcd:bcd_result                                                                                                                               ; work         ;
;          |add3_ge5:A12|                              ; 4 (4)             ; 0 (0)        ; 0           ; 0            ; 0       ; 0         ; 0    ; 0            ; |top|processor:var_mult_echo|bin2bcd:bcd_result|add3_ge5:A12                                                                                                                  ; work         ;
;          |add3_ge5:A14|                              ; 1 (1)             ; 0 (0)        ; 0           ; 0            ; 0       ; 0         ; 0    ; 0            ; |top|processor:var_mult_echo|bin2bcd:bcd_result|add3_ge5:A14                                                                                                                  ; work         ;
;          |add3_ge5:A15|                              ; 4 (4)             ; 0 (0)        ; 0           ; 0            ; 0       ; 0         ; 0    ; 0            ; |top|processor:var_mult_echo|bin2bcd:bcd_result|add3_ge5:A15                                                                                                                  ; work         ;
;          |add3_ge5:A17|                              ; 15 (15)           ; 0 (0)        ; 0           ; 0            ; 0       ; 0         ; 0    ; 0            ; |top|processor:var_mult_echo|bin2bcd:bcd_result|add3_ge5:A17                                                                                                                  ; work         ;
;          |add3_ge5:A18|                              ; 4 (4)             ; 0 (0)        ; 0           ; 0            ; 0       ; 0         ; 0    ; 0            ; |top|processor:var_mult_echo|bin2bcd:bcd_result|add3_ge5:A18                                                                                                                  ; work         ;
;          |add3_ge5:A20|                              ; 4 (4)             ; 0 (0)        ; 0           ; 0            ; 0       ; 0         ; 0    ; 0            ; |top|processor:var_mult_echo|bin2bcd:bcd_result|add3_ge5:A20                                                                                                                  ; work         ;
;          |add3_ge5:A21|                              ; 4 (4)             ; 0 (0)        ; 0           ; 0            ; 0       ; 0         ; 0    ; 0            ; |top|processor:var_mult_echo|bin2bcd:bcd_result|add3_ge5:A21                                                                                                                  ; work         ;
;          |add3_ge5:A23|                              ; 2 (2)             ; 0 (0)        ; 0           ; 0            ; 0       ; 0         ; 0    ; 0            ; |top|processor:var_mult_echo|bin2bcd:bcd_result|add3_ge5:A23                                                                                                                  ; work         ;
;          |add3_ge5:A24|                              ; 4 (4)             ; 0 (0)        ; 0           ; 0            ; 0       ; 0         ; 0    ; 0            ; |top|processor:var_mult_echo|bin2bcd:bcd_result|add3_ge5:A24                                                                                                                  ; work         ;
;          |add3_ge5:A25|                              ; 4 (4)             ; 0 (0)        ; 0           ; 0            ; 0       ; 0         ; 0    ; 0            ; |top|processor:var_mult_echo|bin2bcd:bcd_result|add3_ge5:A25                                                                                                                  ; work         ;
;          |add3_ge5:A7|                               ; 2 (2)             ; 0 (0)        ; 0           ; 0            ; 0       ; 0         ; 0    ; 0            ; |top|processor:var_mult_echo|bin2bcd:bcd_result|add3_ge5:A7                                                                                                                   ; work         ;
;          |add3_ge5:A9|                               ; 4 (4)             ; 0 (0)        ; 0           ; 0            ; 0       ; 0         ; 0    ; 0            ; |top|processor:var_mult_echo|bin2bcd:bcd_result|add3_ge5:A9                                                                                                                   ; work         ;
;       |counter:count13|                              ; 13 (13)           ; 13 (13)      ; 0           ; 0            ; 0       ; 0         ; 0    ; 0            ; |top|processor:var_mult_echo|counter:count13                                                                                                                                  ; work         ;
;       |hex_to_7seg:seg0|                             ; 7 (7)             ; 0 (0)        ; 0           ; 0            ; 0       ; 0         ; 0    ; 0            ; |top|processor:var_mult_echo|hex_to_7seg:seg0                                                                                                                                 ; work         ;
;       |hex_to_7seg:seg1|                             ; 7 (7)             ; 0 (0)        ; 0           ; 0            ; 0       ; 0         ; 0    ; 0            ; |top|processor:var_mult_echo|hex_to_7seg:seg1                                                                                                                                 ; work         ;
;       |hex_to_7seg:seg2|                             ; 15 (15)           ; 0 (0)        ; 0           ; 0            ; 0       ; 0         ; 0    ; 0            ; |top|processor:var_mult_echo|hex_to_7seg:seg2                                                                                                                                 ; work         ;
;       |pulse_gen:pulse_gen_echo|                     ; 2 (2)             ; 2 (2)        ; 0           ; 0            ; 0       ; 0         ; 0    ; 0            ; |top|processor:var_mult_echo|pulse_gen:pulse_gen_echo                                                                                                                         ; work         ;
;    |pulse_gen:PULSE|                                 ; 1 (1)             ; 2 (2)        ; 0           ; 0            ; 0       ; 0         ; 0    ; 0            ; |top|pulse_gen:PULSE                                                                                                                                                          ; work         ;
;    |spi2adc:SPI_ADC|                                 ; 31 (31)           ; 39 (39)      ; 0           ; 0            ; 0       ; 0         ; 0    ; 0            ; |top|spi2adc:SPI_ADC                                                                                                                                                          ; work         ;
;    |spi2dac:SPI_DAC|                                 ; 31 (31)           ; 26 (26)      ; 0           ; 0            ; 0       ; 0         ; 0    ; 0            ; |top|spi2dac:SPI_DAC                                                                                                                                                          ; work         ;
+------------------------------------------------------+-------------------+--------------+-------------+--------------+---------+-----------+------+--------------+-------------------------------------------------------------------------------------------------------------------------------------------------------------------------------+--------------+
Note: For table entries with two numbers listed, the numbers in parentheses indicate the number of resources of the given type used by the specific entity alone. The numbers listed outside of parentheses indicate the total resources of the given type used by the specific entity and all of its sub-entities in the hierarchy.


+---------------------------------------------------------------------------------------------------------------------------------------------------------------------------------------------------------------------+
; Analysis & Synthesis RAM Summary                                                                                                                                                                                    ;
+----------------------------------------------------------------------------------------------------------------+------+------------------+--------------+--------------+--------------+--------------+-------+------+
; Name                                                                                                           ; Type ; Mode             ; Port A Depth ; Port A Width ; Port B Depth ; Port B Width ; Size  ; MIF  ;
+----------------------------------------------------------------------------------------------------------------+------+------------------+--------------+--------------+--------------+--------------+-------+------+
; processor:var_mult_echo|RAM:ram_echo|altsyncram:altsyncram_component|altsyncram_phq1:auto_generated|ALTSYNCRAM ; AUTO ; Simple Dual Port ; 8192         ; 9            ; 8192         ; 9            ; 73728 ; None ;
+----------------------------------------------------------------------------------------------------------------+------+------------------+--------------+--------------+--------------+--------------+-------+------+


+-------------------------------------------------------------------------------------------------------------------------------------------+
; Analysis & Synthesis IP Cores Summary                                                                                                     ;
+--------+--------------+---------+--------------+--------------+-------------------------------------------+-------------------------------+
; Vendor ; IP Core Name ; Version ; Release Date ; License Type ; Entity Instance                           ; IP Include File               ;
+--------+--------------+---------+--------------+--------------+-------------------------------------------+-------------------------------+
; Altera ; LPM_MULT     ; 13.1    ; N/A          ; N/A          ; |top|processor:var_mult_echo|MULT:mult_in ; D:/Workspace/VERI/Ex15/MULT.v ;
; Altera ; RAM: 2-PORT  ; 13.1    ; N/A          ; N/A          ; |top|processor:var_mult_echo|RAM:ram_echo ; D:/Workspace/VERI/Ex15/RAM.v  ;
+--------+--------------+---------+--------------+--------------+-------------------------------------------+-------------------------------+


Encoding Type:  One-Hot
+-----------------------------------------------------------------------------+
; State Machine - |top|processor:var_mult_echo|pulse_gen:pulse_gen_echo|state ;
+----------------+------------+----------------+------------------------------+
; Name           ; state.IDLE ; state.WAIT_LOW ; state.IN_HIGH                ;
+----------------+------------+----------------+------------------------------+
; state.IDLE     ; 0          ; 0              ; 0                            ;
; state.IN_HIGH  ; 1          ; 0              ; 1                            ;
; state.WAIT_LOW ; 1          ; 1              ; 0                            ;
+----------------+------------+----------------+------------------------------+


Encoding Type:  One-Hot
+------------------------------------------------------------------------------------------+
; State Machine - |top|spi2adc:SPI_ADC|sr_state                                            ;
+------------------------+---------------+------------------------+------------------------+
; Name                   ; sr_state.IDLE ; sr_state.WAIT_CSB_HIGH ; sr_state.WAIT_CSB_FALL ;
+------------------------+---------------+------------------------+------------------------+
; sr_state.IDLE          ; 0             ; 0                      ; 0                      ;
; sr_state.WAIT_CSB_FALL ; 1             ; 0                      ; 1                      ;
; sr_state.WAIT_CSB_HIGH ; 1             ; 1                      ; 0                      ;
+------------------------+---------------+------------------------+------------------------+


Encoding Type:  One-Hot
+------------------------------------------------------------------------------------------+
; State Machine - |top|spi2dac:SPI_DAC|sr_state                                            ;
+------------------------+---------------+------------------------+------------------------+
; Name                   ; sr_state.IDLE ; sr_state.WAIT_CSB_HIGH ; sr_state.WAIT_CSB_FALL ;
+------------------------+---------------+------------------------+------------------------+
; sr_state.IDLE          ; 0             ; 0                      ; 0                      ;
; sr_state.WAIT_CSB_FALL ; 1             ; 0                      ; 1                      ;
; sr_state.WAIT_CSB_HIGH ; 1             ; 1                      ; 0                      ;
+------------------------+---------------+------------------------+------------------------+


Encoding Type:  One-Hot
+--------------------------------------------------------------+
; State Machine - |top|pulse_gen:PULSE|state                   ;
+----------------+------------+----------------+---------------+
; Name           ; state.IDLE ; state.WAIT_LOW ; state.IN_HIGH ;
+----------------+------------+----------------+---------------+
; state.IDLE     ; 0          ; 0              ; 0             ;
; state.IN_HIGH  ; 1          ; 0              ; 1             ;
; state.WAIT_LOW ; 1          ; 1              ; 0             ;
+----------------+------------+----------------+---------------+


+----------------------------------------------------------------------------------------------------------+
; Registers Removed During Synthesis                                                                       ;
+-----------------------------------------------------------------+----------------------------------------+
; Register name                                                   ; Reason for Removal                     ;
+-----------------------------------------------------------------+----------------------------------------+
; spi2dac:SPI_DAC|shift_reg[0,1]                                  ; Stuck at GND due to stuck port data_in ;
; spi2dac:SPI_DAC|ctr[4]                                          ; Merged with spi2adc:SPI_ADC|ctr[4]     ;
; spi2dac:SPI_DAC|ctr[3]                                          ; Merged with spi2adc:SPI_ADC|ctr[3]     ;
; spi2dac:SPI_DAC|ctr[2]                                          ; Merged with spi2adc:SPI_ADC|ctr[2]     ;
; spi2dac:SPI_DAC|ctr[1]                                          ; Merged with spi2adc:SPI_ADC|ctr[1]     ;
; spi2dac:SPI_DAC|ctr[0]                                          ; Merged with spi2adc:SPI_ADC|ctr[0]     ;
; processor:var_mult_echo|pulse_gen:pulse_gen_echo|state.IN_HIGH  ; Lost fanout                            ;
; processor:var_mult_echo|pulse_gen:pulse_gen_echo|state.WAIT_LOW ; Lost fanout                            ;
; pulse_gen:PULSE|state.IN_HIGH                                   ; Lost fanout                            ;
; pulse_gen:PULSE|state.WAIT_LOW                                  ; Lost fanout                            ;
; Total Number of Removed Registers = 11                          ;                                        ;
+-----------------------------------------------------------------+----------------------------------------+


+---------------------------------------------------------------------------------------------------+
; Removed Registers Triggering Further Register Optimizations                                       ;
+------------------------------+---------------------------+----------------------------------------+
; Register name                ; Reason for Removal        ; Registers Removed due to This Register ;
+------------------------------+---------------------------+----------------------------------------+
; spi2dac:SPI_DAC|shift_reg[0] ; Stuck at GND              ; spi2dac:SPI_DAC|shift_reg[1]           ;
;                              ; due to stuck port data_in ;                                        ;
+------------------------------+---------------------------+----------------------------------------+


+------------------------------------------------------+
; General Register Statistics                          ;
+----------------------------------------------+-------+
; Statistic                                    ; Value ;
+----------------------------------------------+-------+
; Total registers                              ; 115   ;
; Number of registers using Synchronous Clear  ; 5     ;
; Number of registers using Synchronous Load   ; 0     ;
; Number of registers using Asynchronous Clear ; 0     ;
; Number of registers using Asynchronous Load  ; 0     ;
; Number of registers using Clock Enable       ; 22    ;
; Number of registers using Preset             ; 0     ;
+----------------------------------------------+-------+


+--------------------------------------------------+
; Inverted Register Statistics                     ;
+----------------------------------------+---------+
; Inverted Register                      ; Fan out ;
+----------------------------------------+---------+
; spi2dac:SPI_DAC|dac_cs                 ; 20      ;
; spi2adc:SPI_ADC|adc_cs                 ; 22      ;
; Total number of inverted registers = 2 ;         ;
+----------------------------------------+---------+


+----------------------------------------------------------------------------------------------------------------------------+
; Source assignments for processor:var_mult_echo|RAM:ram_echo|altsyncram:altsyncram_component|altsyncram_phq1:auto_generated ;
+---------------------------------+--------------------+------+--------------------------------------------------------------+
; Assignment                      ; Value              ; From ; To                                                           ;
+---------------------------------+--------------------+------+--------------------------------------------------------------+
; OPTIMIZE_POWER_DURING_SYNTHESIS ; NORMAL_COMPILATION ; -    ; -                                                            ;
+---------------------------------+--------------------+------+--------------------------------------------------------------+


+--------------------------------------------------------------+
; Parameter Settings for User Entity Instance: clk_div:GEN_10K ;
+----------------+-------+-------------------------------------+
; Parameter Name ; Value ; Type                                ;
+----------------+-------+-------------------------------------+
; BIT_SZ         ; 21    ; Signed Integer                      ;
+----------------+-------+-------------------------------------+
Note: In order to hide this table in the UI and the text report file, please set the "Show Parameter Settings in Synthesis Report" option in "Analysis and Synthesis Settings -> More Settings" to "Off".


+--------------------------------------------------------------+
; Parameter Settings for User Entity Instance: pulse_gen:PULSE ;
+----------------+-------+-------------------------------------+
; Parameter Name ; Value ; Type                                ;
+----------------+-------+-------------------------------------+
; IDLE           ; 00    ; Unsigned Binary                     ;
; IN_HIGH        ; 01    ; Unsigned Binary                     ;
; WAIT_LOW       ; 10    ; Unsigned Binary                     ;
+----------------+-------+-------------------------------------+
Note: In order to hide this table in the UI and the text report file, please set the "Show Parameter Settings in Synthesis Report" option in "Analysis and Synthesis Settings -> More Settings" to "Off".


+--------------------------------------------------------------+
; Parameter Settings for User Entity Instance: spi2dac:SPI_DAC ;
+----------------+-------+-------------------------------------+
; Parameter Name ; Value ; Type                                ;
+----------------+-------+-------------------------------------+
; BUF            ; 1     ; Unsigned Binary                     ;
; GA_N           ; 0     ; Unsigned Binary                     ;
; SHDN_N         ; 1     ; Unsigned Binary                     ;
; TIME_CONSTANT  ; 11000 ; Unsigned Binary                     ;
; IDLE           ; 00    ; Unsigned Binary                     ;
; WAIT_CSB_FALL  ; 01    ; Unsigned Binary                     ;
; WAIT_CSB_HIGH  ; 10    ; Unsigned Binary                     ;
+----------------+-------+-------------------------------------+
Note: In order to hide this table in the UI and the text report file, please set the "Show Parameter Settings in Synthesis Report" option in "Analysis and Synthesis Settings -> More Settings" to "Off".


+--------------------------------------------------------------+
; Parameter Settings for User Entity Instance: spi2adc:SPI_ADC ;
+----------------+-------+-------------------------------------+
; Parameter Name ; Value ; Type                                ;
+----------------+-------+-------------------------------------+
; SGL            ; 1     ; Unsigned Binary                     ;
; MSBF           ; 1     ; Unsigned Binary                     ;
; TIME_CONSTANT  ; 11000 ; Unsigned Binary                     ;
; IDLE           ; 00    ; Unsigned Binary                     ;
; WAIT_CSB_FALL  ; 01    ; Unsigned Binary                     ;
; WAIT_CSB_HIGH  ; 10    ; Unsigned Binary                     ;
+----------------+-------+-------------------------------------+
Note: In order to hide this table in the UI and the text report file, please set the "Show Parameter Settings in Synthesis Report" option in "Analysis and Synthesis Settings -> More Settings" to "Off".


+----------------------------------------------------------------------+
; Parameter Settings for User Entity Instance: processor:var_mult_echo ;
+----------------+------------+----------------------------------------+
; Parameter Name ; Value      ; Type                                   ;
+----------------+------------+----------------------------------------+
; ADC_OFFSET     ; 0110000001 ; Unsigned Binary                        ;
; DAC_OFFSET     ; 1000000000 ; Unsigned Binary                        ;
+----------------+------------+----------------------------------------+
Note: In order to hide this table in the UI and the text report file, please set the "Show Parameter Settings in Synthesis Report" option in "Analysis and Synthesis Settings -> More Settings" to "Off".


+-----------------------------------------------------------------------------------------------+
; Parameter Settings for User Entity Instance: processor:var_mult_echo|pulse_gen:pulse_gen_echo ;
+----------------+-------+----------------------------------------------------------------------+
; Parameter Name ; Value ; Type                                                                 ;
+----------------+-------+----------------------------------------------------------------------+
; IDLE           ; 00    ; Unsigned Binary                                                      ;
; IN_HIGH        ; 01    ; Unsigned Binary                                                      ;
; WAIT_LOW       ; 10    ; Unsigned Binary                                                      ;
+----------------+-------+----------------------------------------------------------------------+
Note: In order to hide this table in the UI and the text report file, please set the "Show Parameter Settings in Synthesis Report" option in "Analysis and Synthesis Settings -> More Settings" to "Off".


+-------------------------------------------------------------------------------------------------------------------+
; Parameter Settings for User Entity Instance: processor:var_mult_echo|RAM:ram_echo|altsyncram:altsyncram_component ;
+------------------------------------+----------------------+-------------------------------------------------------+
; Parameter Name                     ; Value                ; Type                                                  ;
+------------------------------------+----------------------+-------------------------------------------------------+
; BYTE_SIZE_BLOCK                    ; 8                    ; Untyped                                               ;
; AUTO_CARRY_CHAINS                  ; ON                   ; AUTO_CARRY                                            ;
; IGNORE_CARRY_BUFFERS               ; OFF                  ; IGNORE_CARRY                                          ;
; AUTO_CASCADE_CHAINS                ; ON                   ; AUTO_CASCADE                                          ;
; IGNORE_CASCADE_BUFFERS             ; OFF                  ; IGNORE_CASCADE                                        ;
; WIDTH_BYTEENA                      ; 1                    ; Untyped                                               ;
; OPERATION_MODE                     ; DUAL_PORT            ; Untyped                                               ;
; WIDTH_A                            ; 9                    ; Signed Integer                                        ;
; WIDTHAD_A                          ; 13                   ; Signed Integer                                        ;
; NUMWORDS_A                         ; 8192                 ; Signed Integer                                        ;
; OUTDATA_REG_A                      ; UNREGISTERED         ; Untyped                                               ;
; ADDRESS_ACLR_A                     ; NONE                 ; Untyped                                               ;
; OUTDATA_ACLR_A                     ; NONE                 ; Untyped                                               ;
; WRCONTROL_ACLR_A                   ; NONE                 ; Untyped                                               ;
; INDATA_ACLR_A                      ; NONE                 ; Untyped                                               ;
; BYTEENA_ACLR_A                     ; NONE                 ; Untyped                                               ;
; WIDTH_B                            ; 9                    ; Signed Integer                                        ;
; WIDTHAD_B                          ; 13                   ; Signed Integer                                        ;
; NUMWORDS_B                         ; 8192                 ; Signed Integer                                        ;
; INDATA_REG_B                       ; CLOCK1               ; Untyped                                               ;
; WRCONTROL_WRADDRESS_REG_B          ; CLOCK1               ; Untyped                                               ;
; RDCONTROL_REG_B                    ; CLOCK0               ; Untyped                                               ;
; ADDRESS_REG_B                      ; CLOCK0               ; Untyped                                               ;
; OUTDATA_REG_B                      ; CLOCK0               ; Untyped                                               ;
; BYTEENA_REG_B                      ; CLOCK1               ; Untyped                                               ;
; INDATA_ACLR_B                      ; NONE                 ; Untyped                                               ;
; WRCONTROL_ACLR_B                   ; NONE                 ; Untyped                                               ;
; ADDRESS_ACLR_B                     ; NONE                 ; Untyped                                               ;
; OUTDATA_ACLR_B                     ; NONE                 ; Untyped                                               ;
; RDCONTROL_ACLR_B                   ; NONE                 ; Untyped                                               ;
; BYTEENA_ACLR_B                     ; NONE                 ; Untyped                                               ;
; WIDTH_BYTEENA_A                    ; 1                    ; Signed Integer                                        ;
; WIDTH_BYTEENA_B                    ; 1                    ; Untyped                                               ;
; RAM_BLOCK_TYPE                     ; AUTO                 ; Untyped                                               ;
; BYTE_SIZE                          ; 8                    ; Untyped                                               ;
; READ_DURING_WRITE_MODE_MIXED_PORTS ; DONT_CARE            ; Untyped                                               ;
; READ_DURING_WRITE_MODE_PORT_A      ; NEW_DATA_NO_NBE_READ ; Untyped                                               ;
; READ_DURING_WRITE_MODE_PORT_B      ; NEW_DATA_NO_NBE_READ ; Untyped                                               ;
; INIT_FILE                          ; UNUSED               ; Untyped                                               ;
; INIT_FILE_LAYOUT                   ; PORT_A               ; Untyped                                               ;
; MAXIMUM_DEPTH                      ; 0                    ; Untyped                                               ;
; CLOCK_ENABLE_INPUT_A               ; BYPASS               ; Untyped                                               ;
; CLOCK_ENABLE_INPUT_B               ; BYPASS               ; Untyped                                               ;
; CLOCK_ENABLE_OUTPUT_A              ; NORMAL               ; Untyped                                               ;
; CLOCK_ENABLE_OUTPUT_B              ; BYPASS               ; Untyped                                               ;
; CLOCK_ENABLE_CORE_A                ; USE_INPUT_CLKEN      ; Untyped                                               ;
; CLOCK_ENABLE_CORE_B                ; USE_INPUT_CLKEN      ; Untyped                                               ;
; ENABLE_ECC                         ; FALSE                ; Untyped                                               ;
; ECC_PIPELINE_STAGE_ENABLED         ; FALSE                ; Untyped                                               ;
; WIDTH_ECCSTATUS                    ; 3                    ; Untyped                                               ;
; DEVICE_FAMILY                      ; Cyclone III          ; Untyped                                               ;
; CBXI_PARAMETER                     ; altsyncram_phq1      ; Untyped                                               ;
+------------------------------------+----------------------+-------------------------------------------------------+
Note: In order to hide this table in the UI and the text report file, please set the "Show Parameter Settings in Synthesis Report" option in "Analysis and Synthesis Settings -> More Settings" to "Off".


+---------------------------------------------------------------------------------------------------------------+
; Parameter Settings for User Entity Instance: processor:var_mult_echo|MULT:mult_in|lpm_mult:lpm_mult_component ;
+------------------------------------------------+-------------+------------------------------------------------+
; Parameter Name                                 ; Value       ; Type                                           ;
+------------------------------------------------+-------------+------------------------------------------------+
; AUTO_CARRY_CHAINS                              ; ON          ; AUTO_CARRY                                     ;
; IGNORE_CARRY_BUFFERS                           ; OFF         ; IGNORE_CARRY                                   ;
; AUTO_CASCADE_CHAINS                            ; ON          ; AUTO_CASCADE                                   ;
; IGNORE_CASCADE_BUFFERS                         ; OFF         ; IGNORE_CASCADE                                 ;
; LPM_WIDTHA                                     ; 9           ; Signed Integer                                 ;
; LPM_WIDTHB                                     ; 11          ; Signed Integer                                 ;
; LPM_WIDTHP                                     ; 20          ; Signed Integer                                 ;
; LPM_WIDTHR                                     ; 0           ; Untyped                                        ;
; LPM_WIDTHS                                     ; 1           ; Untyped                                        ;
; LPM_REPRESENTATION                             ; UNSIGNED    ; Untyped                                        ;
; LPM_PIPELINE                                   ; 0           ; Untyped                                        ;
; LATENCY                                        ; 0           ; Untyped                                        ;
; INPUT_A_IS_CONSTANT                            ; NO          ; Untyped                                        ;
; INPUT_B_IS_CONSTANT                            ; YES         ; Untyped                                        ;
; USE_EAB                                        ; OFF         ; Untyped                                        ;
; MAXIMIZE_SPEED                                 ; 5           ; Untyped                                        ;
; DEVICE_FAMILY                                  ; Cyclone III ; Untyped                                        ;
; CARRY_CHAIN                                    ; MANUAL      ; Untyped                                        ;
; APEX20K_TECHNOLOGY_MAPPER                      ; LUT         ; TECH_MAPPER_APEX20K                            ;
; DEDICATED_MULTIPLIER_CIRCUITRY                 ; AUTO        ; Untyped                                        ;
; DEDICATED_MULTIPLIER_MIN_INPUT_WIDTH_FOR_AUTO  ; 0           ; Untyped                                        ;
; DEDICATED_MULTIPLIER_MIN_OUTPUT_WIDTH_FOR_AUTO ; 0           ; Untyped                                        ;
; CBXI_PARAMETER                                 ; NOTHING     ; Untyped                                        ;
; INPUT_A_FIXED_VALUE                            ; Bx          ; Untyped                                        ;
; INPUT_B_FIXED_VALUE                            ; Bx          ; Untyped                                        ;
; USE_AHDL_IMPLEMENTATION                        ; OFF         ; Untyped                                        ;
+------------------------------------------------+-------------+------------------------------------------------+
Note: In order to hide this table in the UI and the text report file, please set the "Show Parameter Settings in Synthesis Report" option in "Analysis and Synthesis Settings -> More Settings" to "Off".


+------------------------------------------------------------------------------------------------------------------+
; altsyncram Parameter Settings by Entity Instance                                                                 ;
+-------------------------------------------+----------------------------------------------------------------------+
; Name                                      ; Value                                                                ;
+-------------------------------------------+----------------------------------------------------------------------+
; Number of entity instances                ; 1                                                                    ;
; Entity Instance                           ; processor:var_mult_echo|RAM:ram_echo|altsyncram:altsyncram_component ;
;     -- OPERATION_MODE                     ; DUAL_PORT                                                            ;
;     -- WIDTH_A                            ; 9                                                                    ;
;     -- NUMWORDS_A                         ; 8192                                                                 ;
;     -- OUTDATA_REG_A                      ; UNREGISTERED                                                         ;
;     -- WIDTH_B                            ; 9                                                                    ;
;     -- NUMWORDS_B                         ; 8192                                                                 ;
;     -- ADDRESS_REG_B                      ; CLOCK0                                                               ;
;     -- OUTDATA_REG_B                      ; CLOCK0                                                               ;
;     -- RAM_BLOCK_TYPE                     ; AUTO                                                                 ;
;     -- READ_DURING_WRITE_MODE_MIXED_PORTS ; DONT_CARE                                                            ;
+-------------------------------------------+----------------------------------------------------------------------+


+----------------------------------------------------------------------------------------------------------+
; lpm_mult Parameter Settings by Entity Instance                                                           ;
+---------------------------------------+------------------------------------------------------------------+
; Name                                  ; Value                                                            ;
+---------------------------------------+------------------------------------------------------------------+
; Number of entity instances            ; 1                                                                ;
; Entity Instance                       ; processor:var_mult_echo|MULT:mult_in|lpm_mult:lpm_mult_component ;
;     -- LPM_WIDTHA                     ; 9                                                                ;
;     -- LPM_WIDTHB                     ; 11                                                               ;
;     -- LPM_WIDTHP                     ; 20                                                               ;
;     -- LPM_REPRESENTATION             ; UNSIGNED                                                         ;
;     -- INPUT_A_IS_CONSTANT            ; NO                                                               ;
;     -- INPUT_B_IS_CONSTANT            ; YES                                                              ;
;     -- USE_EAB                        ; OFF                                                              ;
;     -- DEDICATED_MULTIPLIER_CIRCUITRY ; AUTO                                                             ;
;     -- INPUT_A_FIXED_VALUE            ; Bx                                                               ;
;     -- INPUT_B_FIXED_VALUE            ; Bx                                                               ;
+---------------------------------------+------------------------------------------------------------------+


+----------------------------------------------------------------------------------------------------------------+
; Port Connectivity Checks: "processor:var_mult_echo|bin2bcd:bcd_result|add3_ge5:A22"                            ;
+------+--------+----------+-------------------------------------------------------------------------------------+
; Port ; Type   ; Severity ; Details                                                                             ;
+------+--------+----------+-------------------------------------------------------------------------------------+
; a[3] ; Output ; Info     ; Connected to dangling logic. Logic that only feeds a dangling port will be removed. ;
+------+--------+----------+-------------------------------------------------------------------------------------+


+-------------------------------------------------------------------------------------+
; Port Connectivity Checks: "processor:var_mult_echo|bin2bcd:bcd_result|add3_ge5:A10" ;
+------+-------+----------+-----------------------------------------------------------+
; Port ; Type  ; Severity ; Details                                                   ;
+------+-------+----------+-----------------------------------------------------------+
; w[3] ; Input ; Info     ; Stuck at GND                                              ;
+------+-------+----------+-----------------------------------------------------------+


+------------------------------------------------------------------------------------+
; Port Connectivity Checks: "processor:var_mult_echo|bin2bcd:bcd_result|add3_ge5:A4" ;
+------+-------+----------+----------------------------------------------------------+
; Port ; Type  ; Severity ; Details                                                  ;
+------+-------+----------+----------------------------------------------------------+
; w[3] ; Input ; Info     ; Stuck at GND                                             ;
+------+-------+----------+----------------------------------------------------------+


+------------------------------------------------------------------------------------+
; Port Connectivity Checks: "processor:var_mult_echo|bin2bcd:bcd_result|add3_ge5:A1" ;
+------+-------+----------+----------------------------------------------------------+
; Port ; Type  ; Severity ; Details                                                  ;
+------+-------+----------+----------------------------------------------------------+
; w[3] ; Input ; Info     ; Stuck at GND                                             ;
+------+-------+----------+----------------------------------------------------------+


+------------------------------------------------------------------------+
; Port Connectivity Checks: "processor:var_mult_echo|bin2bcd:bcd_result" ;
+-----------+-------+----------+-----------------------------------------+
; Port      ; Type  ; Severity ; Details                                 ;
+-----------+-------+----------+-----------------------------------------+
; B[13..10] ; Input ; Info     ; Stuck at GND                            ;
+-----------+-------+----------+-----------------------------------------+


+------------------------------------------------------------------------------------------------------------------------+
; Port Connectivity Checks: "processor:var_mult_echo|MULT:mult_in"                                                       ;
+--------------+--------+----------+-------------------------------------------------------------------------------------+
; Port         ; Type   ; Severity ; Details                                                                             ;
+--------------+--------+----------+-------------------------------------------------------------------------------------+
; result[9..0] ; Output ; Info     ; Connected to dangling logic. Logic that only feeds a dangling port will be removed. ;
+--------------+--------+----------+-------------------------------------------------------------------------------------+


+----------------------------------------------+
; Port Connectivity Checks: "clk_div:GEN_10K"  ;
+------------+-------+----------+--------------+
; Port       ; Type  ; Severity ; Details      ;
+------------+-------+----------+--------------+
; tc[8..6]   ; Input ; Info     ; Stuck at VCC ;
; tc[1..0]   ; Input ; Info     ; Stuck at VCC ;
; tc[20..12] ; Input ; Info     ; Stuck at GND ;
; tc[10..9]  ; Input ; Info     ; Stuck at GND ;
; tc[5..2]   ; Input ; Info     ; Stuck at GND ;
; tc[11]     ; Input ; Info     ; Stuck at VCC ;
+------------+-------+----------+--------------+


+-------------------------------+
; Elapsed Time Per Partition    ;
+----------------+--------------+
; Partition Name ; Elapsed Time ;
+----------------+--------------+
; Top            ; 00:00:02     ;
+----------------+--------------+


+-------------------------------+
; Analysis & Synthesis Messages ;
+-------------------------------+
Info: *******************************************************************
Info: Running Quartus II 64-Bit Analysis & Synthesis
    Info: Version 13.1.0 Build 162 10/23/2013 SJ Web Edition
    Info: Processing started: Fri Dec 18 04:02:06 2015
Info: Command: quartus_map --read_settings_files=on --write_settings_files=off Ex15 -c Ex15
Warning (20028): Parallel compilation is not licensed and has been disabled
Info (12021): Found 1 design units, including 1 entities, in source file add3_ge5.v
    Info (12023): Found entity 1: add3_ge5
Info (12021): Found 1 design units, including 1 entities, in source file bin2bcd.v
    Info (12023): Found entity 1: bin2bcd
Info (12021): Found 1 design units, including 1 entities, in source file top.v
    Info (12023): Found entity 1: top
Info (12021): Found 1 design units, including 1 entities, in source file spi2dac.v
    Info (12023): Found entity 1: spi2dac
Info (12021): Found 1 design units, including 1 entities, in source file spi2adc.v
    Info (12023): Found entity 1: spi2adc
Info (12021): Found 1 design units, including 1 entities, in source file pulse_gen.v
    Info (12023): Found entity 1: pulse_gen
Info (12021): Found 1 design units, including 1 entities, in source file hex_to_7seg.v
    Info (12023): Found entity 1: hex_to_7seg
Info (12021): Found 1 design units, including 1 entities, in source file clk_div.v
    Info (12023): Found entity 1: clk_div
Info (12021): Found 1 design units, including 1 entities, in source file counter.v
    Info (12023): Found entity 1: counter
Info (12021): Found 1 design units, including 1 entities, in source file ram.v
    Info (12023): Found entity 1: RAM
Info (12021): Found 1 design units, including 1 entities, in source file mult.v
    Info (12023): Found entity 1: MULT
Info (12021): Found 1 design units, including 1 entities, in source file var_echo.v
    Info (12023): Found entity 1: processor
Info (12127): Elaborating entity "top" for the top level hierarchy
Info (12128): Elaborating entity "clk_div" for hierarchy "clk_div:GEN_10K"
Info (12128): Elaborating entity "pulse_gen" for hierarchy "pulse_gen:PULSE"
Info (12128): Elaborating entity "spi2dac" for hierarchy "spi2dac:SPI_DAC"
Info (12128): Elaborating entity "spi2adc" for hierarchy "spi2adc:SPI_ADC"
Info (12128): Elaborating entity "processor" for hierarchy "processor:var_mult_echo"
Info (12128): Elaborating entity "counter" for hierarchy "processor:var_mult_echo|counter:count13"
Info (12128): Elaborating entity "RAM" for hierarchy "processor:var_mult_echo|RAM:ram_echo"
Info (12128): Elaborating entity "altsyncram" for hierarchy "processor:var_mult_echo|RAM:ram_echo|altsyncram:altsyncram_component"
Info (12130): Elaborated megafunction instantiation "processor:var_mult_echo|RAM:ram_echo|altsyncram:altsyncram_component"
Info (12133): Instantiated megafunction "processor:var_mult_echo|RAM:ram_echo|altsyncram:altsyncram_component" with the following parameter:
    Info (12134): Parameter "address_aclr_b" = "NONE"
    Info (12134): Parameter "address_reg_b" = "CLOCK0"
    Info (12134): Parameter "clock_enable_input_a" = "BYPASS"
    Info (12134): Parameter "clock_enable_input_b" = "BYPASS"
    Info (12134): Parameter "clock_enable_output_b" = "BYPASS"
    Info (12134): Parameter "intended_device_family" = "Cyclone III"
    Info (12134): Parameter "lpm_type" = "altsyncram"
    Info (12134): Parameter "numwords_a" = "8192"
    Info (12134): Parameter "numwords_b" = "8192"
    Info (12134): Parameter "operation_mode" = "DUAL_PORT"
    Info (12134): Parameter "outdata_aclr_b" = "NONE"
    Info (12134): Parameter "outdata_reg_b" = "CLOCK0"
    Info (12134): Parameter "power_up_uninitialized" = "FALSE"
    Info (12134): Parameter "rdcontrol_reg_b" = "CLOCK0"
    Info (12134): Parameter "read_during_write_mode_mixed_ports" = "DONT_CARE"
    Info (12134): Parameter "widthad_a" = "13"
    Info (12134): Parameter "widthad_b" = "13"
    Info (12134): Parameter "width_a" = "9"
    Info (12134): Parameter "width_b" = "9"
    Info (12134): Parameter "width_byteena_a" = "1"
Info (12021): Found 1 design units, including 1 entities, in source file db/altsyncram_phq1.tdf
    Info (12023): Found entity 1: altsyncram_phq1
Info (12128): Elaborating entity "altsyncram_phq1" for hierarchy "processor:var_mult_echo|RAM:ram_echo|altsyncram:altsyncram_component|altsyncram_phq1:auto_generated"
Info (12128): Elaborating entity "MULT" for hierarchy "processor:var_mult_echo|MULT:mult_in"
Info (12128): Elaborating entity "lpm_mult" for hierarchy "processor:var_mult_echo|MULT:mult_in|lpm_mult:lpm_mult_component"
Info (12130): Elaborated megafunction instantiation "processor:var_mult_echo|MULT:mult_in|lpm_mult:lpm_mult_component"
Info (12133): Instantiated megafunction "processor:var_mult_echo|MULT:mult_in|lpm_mult:lpm_mult_component" with the following parameter:
    Info (12134): Parameter "lpm_hint" = "INPUT_B_IS_CONSTANT=YES,MAXIMIZE_SPEED=5"
    Info (12134): Parameter "lpm_representation" = "UNSIGNED"
    Info (12134): Parameter "lpm_type" = "LPM_MULT"
    Info (12134): Parameter "lpm_widtha" = "9"
    Info (12134): Parameter "lpm_widthb" = "11"
    Info (12134): Parameter "lpm_widthp" = "20"
Info (12128): Elaborating entity "multcore" for hierarchy "processor:var_mult_echo|MULT:mult_in|lpm_mult:lpm_mult_component|multcore:mult_core"
Info (12131): Elaborated megafunction instantiation "processor:var_mult_echo|MULT:mult_in|lpm_mult:lpm_mult_component|multcore:mult_core", which is child of megafunction instantiation "processor:var_mult_echo|MULT:mult_in|lpm_mult:lpm_mult_component"
Info (12128): Elaborating entity "mpar_add" for hierarchy "processor:var_mult_echo|MULT:mult_in|lpm_mult:lpm_mult_component|multcore:mult_core|mpar_add:padder"
Info (12131): Elaborated megafunction instantiation "processor:var_mult_echo|MULT:mult_in|lpm_mult:lpm_mult_component|multcore:mult_core|mpar_add:padder", which is child of megafunction instantiation "processor:var_mult_echo|MULT:mult_in|lpm_mult:lpm_mult_component"
Info (12128): Elaborating entity "lpm_add_sub" for hierarchy "processor:var_mult_echo|MULT:mult_in|lpm_mult:lpm_mult_component|multcore:mult_core|mpar_add:padder|lpm_add_sub:adder[0]"
Info (12131): Elaborated megafunction instantiation "processor:var_mult_echo|MULT:mult_in|lpm_mult:lpm_mult_component|multcore:mult_core|mpar_add:padder|lpm_add_sub:adder[0]", which is child of megafunction instantiation "processor:var_mult_echo|MULT:mult_in|lpm_mult:lpm_mult_component"
Info (12021): Found 1 design units, including 1 entities, in source file db/add_sub_ffh.tdf
    Info (12023): Found entity 1: add_sub_ffh
Info (12128): Elaborating entity "add_sub_ffh" for hierarchy "processor:var_mult_echo|MULT:mult_in|lpm_mult:lpm_mult_component|multcore:mult_core|mpar_add:padder|lpm_add_sub:adder[0]|add_sub_ffh:auto_generated"
Info (12128): Elaborating entity "mpar_add" for hierarchy "processor:var_mult_echo|MULT:mult_in|lpm_mult:lpm_mult_component|multcore:mult_core|mpar_add:padder|mpar_add:sub_par_add"
Info (12131): Elaborated megafunction instantiation "processor:var_mult_echo|MULT:mult_in|lpm_mult:lpm_mult_component|multcore:mult_core|mpar_add:padder|mpar_add:sub_par_add", which is child of megafunction instantiation "processor:var_mult_echo|MULT:mult_in|lpm_mult:lpm_mult_component"
Info (12128): Elaborating entity "lpm_add_sub" for hierarchy "processor:var_mult_echo|MULT:mult_in|lpm_mult:lpm_mult_component|multcore:mult_core|mpar_add:padder|mpar_add:sub_par_add|lpm_add_sub:adder[0]"
Info (12131): Elaborated megafunction instantiation "processor:var_mult_echo|MULT:mult_in|lpm_mult:lpm_mult_component|multcore:mult_core|mpar_add:padder|mpar_add:sub_par_add|lpm_add_sub:adder[0]", which is child of megafunction instantiation "processor:var_mult_echo|MULT:mult_in|lpm_mult:lpm_mult_component"
Info (12021): Found 1 design units, including 1 entities, in source file db/add_sub_jfh.tdf
    Info (12023): Found entity 1: add_sub_jfh
Info (12128): Elaborating entity "add_sub_jfh" for hierarchy "processor:var_mult_echo|MULT:mult_in|lpm_mult:lpm_mult_component|multcore:mult_core|mpar_add:padder|mpar_add:sub_par_add|lpm_add_sub:adder[0]|add_sub_jfh:auto_generated"
Info (12128): Elaborating entity "altshift" for hierarchy "processor:var_mult_echo|MULT:mult_in|lpm_mult:lpm_mult_component|altshift:external_latency_ffs"
Info (12131): Elaborated megafunction instantiation "processor:var_mult_echo|MULT:mult_in|lpm_mult:lpm_mult_component|altshift:external_latency_ffs", which is child of megafunction instantiation "processor:var_mult_echo|MULT:mult_in|lpm_mult:lpm_mult_component"
Info (12128): Elaborating entity "bin2bcd" for hierarchy "processor:var_mult_echo|bin2bcd:bcd_result"
Info (12128): Elaborating entity "add3_ge5" for hierarchy "processor:var_mult_echo|bin2bcd:bcd_result|add3_ge5:A1"
Info (12128): Elaborating entity "hex_to_7seg" for hierarchy "processor:var_mult_echo|hex_to_7seg:seg3"
Warning (13024): Output pins are stuck at VCC or GND
    Warning (13410): Pin "HEX3_D[1]" is stuck at GND
    Warning (13410): Pin "HEX3_D[2]" is stuck at GND
    Warning (13410): Pin "HEX3_D[6]" is stuck at VCC
Info (286030): Timing-Driven Synthesis is running
Info (17049): 4 registers lost all their fanouts during netlist optimizations.
Info (144001): Generated suppressed messages file D:/Workspace/VERI/Ex15/output_files/Ex15.map.smsg
Info (16010): Generating hard_block partition "hard_block:auto_generated_inst"
    Info (16011): Adding 0 node(s), including 0 DDIO, 0 PLL, 0 transceiver and 0 LCELL
Info (21057): Implemented 352 device resources after synthesis - the final resource count might be different
    Info (21058): Implemented 12 input pins
    Info (21059): Implemented 34 output pins
    Info (21061): Implemented 297 logic cells
    Info (21064): Implemented 9 RAM segments
Info: Quartus II 64-Bit Analysis & Synthesis was successful. 0 errors, 5 warnings
    Info: Peak virtual memory: 502 megabytes
    Info: Processing ended: Fri Dec 18 04:02:12 2015
    Info: Elapsed time: 00:00:06
    Info: Total CPU time (on all processors): 00:00:05


+------------------------------------------+
; Analysis & Synthesis Suppressed Messages ;
+------------------------------------------+
The suppressed messages can be found in D:/Workspace/VERI/Ex15/output_files/Ex15.map.smsg.


