Flow report for Ex15
Fri Dec 18 04:02:48 2015
Quartus II 64-Bit Version 13.1.0 Build 162 10/23/2013 SJ Web Edition


---------------------
; Table of Contents ;
---------------------
  1. Legal Notice
  2. Flow Summary
  3. Flow Settings
  4. Flow Non-Default Global Settings
  5. Flow Elapsed Time
  6. Flow OS Summary
  7. Flow Log
  8. Flow Messages
  9. Flow Suppressed Messages



----------------
; Legal Notice ;
----------------
Copyright (C) 1991-2013 Altera Corporation
Your use of Altera Corporation's design tools, logic functions 
and other software and tools, and its AMPP partner logic 
functions, and any output files from any of the foregoing 
(including device programming or simulation files), and any 
associated documentation or information are expressly subject 
to the terms and conditions of the Altera Program License 
Subscription Agreement, Altera MegaCore Function License 
Agreement, or other applicable license agreement, including, 
without limitation, that your use is for the sole purpose of 
programming logic devices manufactured by Altera and sold by 
Altera or its authorized distributors.  Please refer to the 
applicable agreement for further details.



+---------------------------------------------------------------------------------+
; Flow Summary                                                                    ;
+------------------------------------+--------------------------------------------+
; Flow Status                        ; Successful - Fri Dec 18 04:02:48 2015      ;
; Quartus II 64-Bit Version          ; 13.1.0 Build 162 10/23/2013 SJ Web Edition ;
; Revision Name                      ; Ex15                                       ;
; Top-level Entity Name              ; top                                        ;
; Family                             ; Cyclone III                                ;
; Device                             ; EP3C16F484C6                               ;
; Timing Models                      ; Final                                      ;
; Total logic elements               ; 287 / 15,408 ( 2 % )                       ;
;     Total combinational functions  ; 267 / 15,408 ( 2 % )                       ;
;     Dedicated logic registers      ; 115 / 15,408 ( < 1 % )                     ;
; Total registers                    ; 115                                        ;
; Total pins                         ; 46 / 347 ( 13 % )                          ;
; Total virtual pins                 ; 0                                          ;
; Total memory bits                  ; 73,728 / 516,096 ( 14 % )                  ;
; Embedded Multiplier 9-bit elements ; 0 / 112 ( 0 % )                            ;
; Total PLLs                         ; 0 / 4 ( 0 % )                              ;
+------------------------------------+--------------------------------------------+


+-----------------------------------------+
; Flow Settings                           ;
+-------------------+---------------------+
; Option            ; Setting             ;
+-------------------+---------------------+
; Start date & time ; 12/18/2015 04:02:07 ;
; Main task         ; Compilation         ;
; Revision Name     ; Ex15                ;
+-------------------+---------------------+


+----------------------------------------------------------------------------------------------------------------------------+
; Flow Non-Default Global Settings                                                                                           ;
+-------------------------------------+---------------------------------------+---------------+-------------+----------------+
; Assignment Name                     ; Value                                 ; Default Value ; Entity Name ; Section Id     ;
+-------------------------------------+---------------------------------------+---------------+-------------+----------------+
; COMPILER_SIGNATURE_ID               ; 31222765047939.145041132709524        ; --            ; --          ; --             ;
; EDA_OUTPUT_DATA_FORMAT              ; Verilog Hdl                           ; --            ; --          ; eda_simulation ;
; EDA_SIMULATION_TOOL                 ; ModelSim-Altera (Verilog)             ; <None>        ; --          ; --             ;
; IP_TOOL_NAME                        ; RAM: 2-PORT                           ; --            ; --          ; --             ;
; IP_TOOL_NAME                        ; LPM_MULT                              ; --            ; --          ; --             ;
; IP_TOOL_VERSION                     ; 13.1                                  ; --            ; --          ; --             ;
; IP_TOOL_VERSION                     ; 13.1                                  ; --            ; --          ; --             ;
; MAX_CORE_JUNCTION_TEMP              ; 85                                    ; --            ; --          ; --             ;
; MIN_CORE_JUNCTION_TEMP              ; 0                                     ; --            ; --          ; --             ;
; MISC_FILE                           ; RAM_bb.v                              ; --            ; --          ; --             ;
; MISC_FILE                           ; MULT_bb.v                             ; --            ; --          ; --             ;
; NOMINAL_CORE_SUPPLY_VOLTAGE         ; 1.2V                                  ; --            ; --          ; --             ;
; PARTITION_COLOR                     ; 16764057                              ; --            ; top         ; Top            ;
; PARTITION_FITTER_PRESERVATION_LEVEL ; PLACEMENT_AND_ROUTING                 ; --            ; top         ; Top            ;
; PARTITION_NETLIST_TYPE              ; SOURCE                                ; --            ; top         ; Top            ;
; POWER_BOARD_THERMAL_MODEL           ; None (CONSERVATIVE)                   ; --            ; --          ; --             ;
; POWER_PRESET_COOLING_SOLUTION       ; 23 MM HEAT SINK WITH 200 LFPM AIRFLOW ; --            ; --          ; --             ;
; PROJECT_OUTPUT_DIRECTORY            ; output_files                          ; --            ; --          ; --             ;
; TOP_LEVEL_ENTITY                    ; top                                   ; Ex15          ; --          ; --             ;
+-------------------------------------+---------------------------------------+---------------+-------------+----------------+


+-------------------------------------------------------------------------------------------------------------------------------+
; Flow Elapsed Time                                                                                                             ;
+---------------------------+--------------+-------------------------+---------------------+------------------------------------+
; Module Name               ; Elapsed Time ; Average Processors Used ; Peak Virtual Memory ; Total CPU Time (on all processors) ;
+---------------------------+--------------+-------------------------+---------------------+------------------------------------+
; Analysis & Synthesis      ; 00:00:05     ; 1.0                     ; 491 MB              ; 00:00:05                           ;
; Fitter                    ; 00:00:15     ; 1.0                     ; 758 MB              ; 00:00:15                           ;
; Assembler                 ; 00:00:03     ; 1.0                     ; 441 MB              ; 00:00:03                           ;
; TimeQuest Timing Analyzer ; 00:00:05     ; 1.0                     ; 482 MB              ; 00:00:05                           ;
; EDA Netlist Writer        ; 00:00:02     ; 1.0                     ; 414 MB              ; 00:00:02                           ;
; Total                     ; 00:00:30     ; --                      ; --                  ; 00:00:30                           ;
+---------------------------+--------------+-------------------------+---------------------+------------------------------------+


+----------------------------------------------------------------------------------------+
; Flow OS Summary                                                                        ;
+---------------------------+------------------+-----------+------------+----------------+
; Module Name               ; Machine Hostname ; OS Name   ; OS Version ; Processor type ;
+---------------------------+------------------+-----------+------------+----------------+
; Analysis & Synthesis      ; NIKO             ; Windows 7 ; 6.2        ; x86_64         ;
; Fitter                    ; NIKO             ; Windows 7 ; 6.2        ; x86_64         ;
; Assembler                 ; NIKO             ; Windows 7 ; 6.2        ; x86_64         ;
; TimeQuest Timing Analyzer ; NIKO             ; Windows 7 ; 6.2        ; x86_64         ;
; EDA Netlist Writer        ; NIKO             ; Windows 7 ; 6.2        ; x86_64         ;
+---------------------------+------------------+-----------+------------+----------------+


------------
; Flow Log ;
------------
quartus_map --read_settings_files=on --write_settings_files=off Ex15 -c Ex15
quartus_fit --read_settings_files=off --write_settings_files=off Ex15 -c Ex15
quartus_asm --read_settings_files=off --write_settings_files=off Ex15 -c Ex15
quartus_sta Ex15 -c Ex15
quartus_eda --read_settings_files=off --write_settings_files=off Ex15 -c Ex15



