Analysis & Synthesis report for Ex10
Fri Dec 11 14:45:08 2015
Quartus II 64-Bit Version 13.0.1 Build 232 06/12/2013 Service Pack 1 SJ Full Version


---------------------
; Table of Contents ;
---------------------
  1. Legal Notice
  2. Analysis & Synthesis Summary
  3. Analysis & Synthesis Settings
  4. Parallel Compilation
  5. Analysis & Synthesis Source Files Read
  6. Analysis & Synthesis Resource Usage Summary
  7. Analysis & Synthesis Resource Utilization by Entity
  8. Analysis & Synthesis RAM Summary
  9. Analysis & Synthesis IP Cores Summary
 10. State Machine - |top|spi2dac:top_spi2dac|sr_state
 11. State Machine - |top|pulse_gen:top_pulse_gen|state
 12. Registers Removed During Synthesis
 13. Removed Registers Triggering Further Register Optimizations
 14. General Register Statistics
 15. Inverted Register Statistics
 16. Source assignments for ROM:top_rom|altsyncram:altsyncram_component|altsyncram_qg91:auto_generated
 17. Parameter Settings for User Entity Instance: Top-level Entity: |top
 18. Parameter Settings for User Entity Instance: MULT:top_mult|lpm_mult:lpm_mult_component
 19. Parameter Settings for User Entity Instance: ROM:top_rom|altsyncram:altsyncram_component
 20. Parameter Settings for User Entity Instance: pulse_gen:top_pulse_gen
 21. Parameter Settings for User Entity Instance: spi2dac:top_spi2dac
 22. lpm_mult Parameter Settings by Entity Instance
 23. altsyncram Parameter Settings by Entity Instance
 24. Port Connectivity Checks: "hex_to_7seg:H3"
 25. Port Connectivity Checks: "MULT:top_mult"
 26. Port Connectivity Checks: "clk_div:top_clk_div"
 27. Elapsed Time Per Partition
 28. Analysis & Synthesis Messages
 29. Analysis & Synthesis Suppressed Messages



----------------
; Legal Notice ;
----------------
Copyright (C) 1991-2013 Altera Corporation
Your use of Altera Corporation's design tools, logic functions 
and other software and tools, and its AMPP partner logic 
functions, and any output files from any of the foregoing 
(including device programming or simulation files), and any 
associated documentation or information are expressly subject 
to the terms and conditions of the Altera Program License 
Subscription Agreement, Altera MegaCore Function License 
Agreement, or other applicable license agreement, including, 
without limitation, that your use is for the sole purpose of 
programming logic devices manufactured by Altera and sold by 
Altera or its authorized distributors.  Please refer to the 
applicable agreement for further details.



+---------------------------------------------------------------------------------------+
; Analysis & Synthesis Summary                                                          ;
+------------------------------------+--------------------------------------------------+
; Analysis & Synthesis Status        ; Successful - Fri Dec 11 14:45:08 2015            ;
; Quartus II 64-Bit Version          ; 13.0.1 Build 232 06/12/2013 SP 1 SJ Full Version ;
; Revision Name                      ; Ex10                                             ;
; Top-level Entity Name              ; top                                              ;
; Family                             ; Cyclone III                                      ;
; Total logic elements               ; 163                                              ;
;     Total combinational functions  ; 152                                              ;
;     Dedicated logic registers      ; 76                                               ;
; Total registers                    ; 76                                               ;
; Total pins                         ; 43                                               ;
; Total virtual pins                 ; 0                                                ;
; Total memory bits                  ; 10,240                                           ;
; Embedded Multiplier 9-bit elements ; 0                                                ;
; Total PLLs                         ; 0                                                ;
+------------------------------------+--------------------------------------------------+


+----------------------------------------------------------------------------------------------------------------------+
; Analysis & Synthesis Settings                                                                                        ;
+----------------------------------------------------------------------------+--------------------+--------------------+
; Option                                                                     ; Setting            ; Default Value      ;
+----------------------------------------------------------------------------+--------------------+--------------------+
; Device                                                                     ; EP3C16F484C6       ;                    ;
; Top-level entity name                                                      ; top                ; Ex10               ;
; Family name                                                                ; Cyclone III        ; Cyclone IV GX      ;
; Use smart compilation                                                      ; Off                ; Off                ;
; Enable parallel Assembler and TimeQuest Timing Analyzer during compilation ; On                 ; On                 ;
; Enable compact report table                                                ; Off                ; Off                ;
; Restructure Multiplexers                                                   ; Auto               ; Auto               ;
; Create Debugging Nodes for IP Cores                                        ; Off                ; Off                ;
; Preserve fewer node names                                                  ; On                 ; On                 ;
; Disable OpenCore Plus hardware evaluation                                  ; Off                ; Off                ;
; Verilog Version                                                            ; Verilog_2001       ; Verilog_2001       ;
; VHDL Version                                                               ; VHDL_1993          ; VHDL_1993          ;
; State Machine Processing                                                   ; Auto               ; Auto               ;
; Safe State Machine                                                         ; Off                ; Off                ;
; Extract Verilog State Machines                                             ; On                 ; On                 ;
; Extract VHDL State Machines                                                ; On                 ; On                 ;
; Ignore Verilog initial constructs                                          ; Off                ; Off                ;
; Iteration limit for constant Verilog loops                                 ; 5000               ; 5000               ;
; Iteration limit for non-constant Verilog loops                             ; 250                ; 250                ;
; Add Pass-Through Logic to Inferred RAMs                                    ; On                 ; On                 ;
; Infer RAMs from Raw Logic                                                  ; On                 ; On                 ;
; Parallel Synthesis                                                         ; On                 ; On                 ;
; DSP Block Balancing                                                        ; Auto               ; Auto               ;
; NOT Gate Push-Back                                                         ; On                 ; On                 ;
; Power-Up Don't Care                                                        ; On                 ; On                 ;
; Remove Redundant Logic Cells                                               ; Off                ; Off                ;
; Remove Duplicate Registers                                                 ; On                 ; On                 ;
; Ignore CARRY Buffers                                                       ; Off                ; Off                ;
; Ignore CASCADE Buffers                                                     ; Off                ; Off                ;
; Ignore GLOBAL Buffers                                                      ; Off                ; Off                ;
; Ignore ROW GLOBAL Buffers                                                  ; Off                ; Off                ;
; Ignore LCELL Buffers                                                       ; Off                ; Off                ;
; Ignore SOFT Buffers                                                        ; On                 ; On                 ;
; Limit AHDL Integers to 32 Bits                                             ; Off                ; Off                ;
; Optimization Technique                                                     ; Balanced           ; Balanced           ;
; Carry Chain Length                                                         ; 70                 ; 70                 ;
; Auto Carry Chains                                                          ; On                 ; On                 ;
; Auto Open-Drain Pins                                                       ; On                 ; On                 ;
; Perform WYSIWYG Primitive Resynthesis                                      ; Off                ; Off                ;
; Auto ROM Replacement                                                       ; On                 ; On                 ;
; Auto RAM Replacement                                                       ; On                 ; On                 ;
; Auto DSP Block Replacement                                                 ; On                 ; On                 ;
; Auto Shift Register Replacement                                            ; Auto               ; Auto               ;
; Allow Shift Register Merging across Hierarchies                            ; Auto               ; Auto               ;
; Auto Clock Enable Replacement                                              ; On                 ; On                 ;
; Strict RAM Replacement                                                     ; Off                ; Off                ;
; Allow Synchronous Control Signals                                          ; On                 ; On                 ;
; Force Use of Synchronous Clear Signals                                     ; Off                ; Off                ;
; Auto RAM Block Balancing                                                   ; On                 ; On                 ;
; Auto RAM to Logic Cell Conversion                                          ; Off                ; Off                ;
; Auto Resource Sharing                                                      ; Off                ; Off                ;
; Allow Any RAM Size For Recognition                                         ; Off                ; Off                ;
; Allow Any ROM Size For Recognition                                         ; Off                ; Off                ;
; Allow Any Shift Register Size For Recognition                              ; Off                ; Off                ;
; Use LogicLock Constraints during Resource Balancing                        ; On                 ; On                 ;
; Ignore translate_off and synthesis_off directives                          ; Off                ; Off                ;
; Timing-Driven Synthesis                                                    ; On                 ; On                 ;
; Report Parameter Settings                                                  ; On                 ; On                 ;
; Report Source Assignments                                                  ; On                 ; On                 ;
; Report Connectivity Checks                                                 ; On                 ; On                 ;
; Ignore Maximum Fan-Out Assignments                                         ; Off                ; Off                ;
; Synchronization Register Chain Length                                      ; 2                  ; 2                  ;
; PowerPlay Power Optimization                                               ; Normal compilation ; Normal compilation ;
; HDL message level                                                          ; Level2             ; Level2             ;
; Suppress Register Optimization Related Messages                            ; Off                ; Off                ;
; Number of Removed Registers Reported in Synthesis Report                   ; 5000               ; 5000               ;
; Number of Swept Nodes Reported in Synthesis Report                         ; 5000               ; 5000               ;
; Number of Inverted Registers Reported in Synthesis Report                  ; 100                ; 100                ;
; Clock MUX Protection                                                       ; On                 ; On                 ;
; Auto Gated Clock Conversion                                                ; Off                ; Off                ;
; Block Design Naming                                                        ; Auto               ; Auto               ;
; SDC constraint protection                                                  ; Off                ; Off                ;
; Synthesis Effort                                                           ; Auto               ; Auto               ;
; Shift Register Replacement - Allow Asynchronous Clear Signal               ; On                 ; On                 ;
; Pre-Mapping Resynthesis Optimization                                       ; Off                ; Off                ;
; Analysis & Synthesis Message Level                                         ; Medium             ; Medium             ;
; Disable Register Merging Across Hierarchies                                ; Auto               ; Auto               ;
; Resource Aware Inference For Block RAM                                     ; On                 ; On                 ;
; Synthesis Seed                                                             ; 1                  ; 1                  ;
+----------------------------------------------------------------------------+--------------------+--------------------+


+------------------------------------------+
; Parallel Compilation                     ;
+----------------------------+-------------+
; Processors                 ; Number      ;
+----------------------------+-------------+
; Number detected on machine ; 8           ;
; Maximum allowed            ; 4           ;
;                            ;             ;
; Average used               ; 1.00        ;
; Maximum used               ; 1           ;
;                            ;             ;
; Usage by Processor         ; % Time Used ;
;     Processor 1            ; 100.0%      ;
;     Processors 2-8         ;   0.0%      ;
+----------------------------+-------------+


+-----------------------------------------------------------------------------------------------------------------------------------------------------------------------------+
; Analysis & Synthesis Source Files Read                                                                                                                                      ;
+----------------------------------+-----------------+----------------------------------+---------------------------------------------------------------------------+---------+
; File Name with User-Entered Path ; Used in Netlist ; File Type                        ; File Name with Absolute Path                                              ; Library ;
+----------------------------------+-----------------+----------------------------------+---------------------------------------------------------------------------+---------+
; clk_div.v                        ; yes             ; User Verilog HDL File            ; H:/VERI/Ex10/clk_div.v                                                    ;         ;
; rom_data.mif                     ; yes             ; User Memory Initialization File  ; H:/VERI/Ex10/rom_data.mif                                                 ;         ;
; ROM.v                            ; yes             ; User Wizard-Generated File       ; H:/VERI/Ex10/ROM.v                                                        ;         ;
; top.v                            ; yes             ; User Verilog HDL File            ; H:/VERI/Ex10/top.v                                                        ;         ;
; spi2dac.v                        ; yes             ; User Verilog HDL File            ; H:/VERI/Ex10/spi2dac.v                                                    ;         ;
; pulse_gen.v                      ; yes             ; User Verilog HDL File            ; H:/VERI/Ex10/pulse_gen.v                                                  ;         ;
; hex_to_7seg.v                    ; yes             ; User Verilog HDL File            ; H:/VERI/Ex10/hex_to_7seg.v                                                ;         ;
; MULT.v                           ; yes             ; User Wizard-Generated File       ; H:/VERI/Ex10/MULT.v                                                       ;         ;
; addr_reg.v                       ; yes             ; User Verilog HDL File            ; H:/VERI/Ex10/addr_reg.v                                                   ;         ;
; lpm_mult.tdf                     ; yes             ; Megafunction                     ; c:/altera/13.0sp1/quartus/libraries/megafunctions/lpm_mult.tdf            ;         ;
; aglobal130.inc                   ; yes             ; Megafunction                     ; c:/altera/13.0sp1/quartus/libraries/megafunctions/aglobal130.inc          ;         ;
; lpm_add_sub.inc                  ; yes             ; Megafunction                     ; c:/altera/13.0sp1/quartus/libraries/megafunctions/lpm_add_sub.inc         ;         ;
; multcore.inc                     ; yes             ; Megafunction                     ; c:/altera/13.0sp1/quartus/libraries/megafunctions/multcore.inc            ;         ;
; bypassff.inc                     ; yes             ; Megafunction                     ; c:/altera/13.0sp1/quartus/libraries/megafunctions/bypassff.inc            ;         ;
; altshift.inc                     ; yes             ; Megafunction                     ; c:/altera/13.0sp1/quartus/libraries/megafunctions/altshift.inc            ;         ;
; multcore.tdf                     ; yes             ; Megafunction                     ; c:/altera/13.0sp1/quartus/libraries/megafunctions/multcore.tdf            ;         ;
; csa_add.inc                      ; yes             ; Megafunction                     ; c:/altera/13.0sp1/quartus/libraries/megafunctions/csa_add.inc             ;         ;
; mpar_add.inc                     ; yes             ; Megafunction                     ; c:/altera/13.0sp1/quartus/libraries/megafunctions/mpar_add.inc            ;         ;
; muleabz.inc                      ; yes             ; Megafunction                     ; c:/altera/13.0sp1/quartus/libraries/megafunctions/muleabz.inc             ;         ;
; mul_lfrg.inc                     ; yes             ; Megafunction                     ; c:/altera/13.0sp1/quartus/libraries/megafunctions/mul_lfrg.inc            ;         ;
; mul_boothc.inc                   ; yes             ; Megafunction                     ; c:/altera/13.0sp1/quartus/libraries/megafunctions/mul_boothc.inc          ;         ;
; alt_ded_mult.inc                 ; yes             ; Megafunction                     ; c:/altera/13.0sp1/quartus/libraries/megafunctions/alt_ded_mult.inc        ;         ;
; alt_ded_mult_y.inc               ; yes             ; Megafunction                     ; c:/altera/13.0sp1/quartus/libraries/megafunctions/alt_ded_mult_y.inc      ;         ;
; dffpipe.inc                      ; yes             ; Megafunction                     ; c:/altera/13.0sp1/quartus/libraries/megafunctions/dffpipe.inc             ;         ;
; mpar_add.tdf                     ; yes             ; Megafunction                     ; c:/altera/13.0sp1/quartus/libraries/megafunctions/mpar_add.tdf            ;         ;
; lpm_add_sub.tdf                  ; yes             ; Megafunction                     ; c:/altera/13.0sp1/quartus/libraries/megafunctions/lpm_add_sub.tdf         ;         ;
; addcore.inc                      ; yes             ; Megafunction                     ; c:/altera/13.0sp1/quartus/libraries/megafunctions/addcore.inc             ;         ;
; look_add.inc                     ; yes             ; Megafunction                     ; c:/altera/13.0sp1/quartus/libraries/megafunctions/look_add.inc            ;         ;
; alt_stratix_add_sub.inc          ; yes             ; Megafunction                     ; c:/altera/13.0sp1/quartus/libraries/megafunctions/alt_stratix_add_sub.inc ;         ;
; db/add_sub_ifh.tdf               ; yes             ; Auto-Generated Megafunction      ; H:/VERI/Ex10/db/add_sub_ifh.tdf                                           ;         ;
; db/add_sub_dfh.tdf               ; yes             ; Auto-Generated Megafunction      ; H:/VERI/Ex10/db/add_sub_dfh.tdf                                           ;         ;
; altshift.tdf                     ; yes             ; Megafunction                     ; c:/altera/13.0sp1/quartus/libraries/megafunctions/altshift.tdf            ;         ;
; altsyncram.tdf                   ; yes             ; Megafunction                     ; c:/altera/13.0sp1/quartus/libraries/megafunctions/altsyncram.tdf          ;         ;
; stratix_ram_block.inc            ; yes             ; Megafunction                     ; c:/altera/13.0sp1/quartus/libraries/megafunctions/stratix_ram_block.inc   ;         ;
; lpm_mux.inc                      ; yes             ; Megafunction                     ; c:/altera/13.0sp1/quartus/libraries/megafunctions/lpm_mux.inc             ;         ;
; lpm_decode.inc                   ; yes             ; Megafunction                     ; c:/altera/13.0sp1/quartus/libraries/megafunctions/lpm_decode.inc          ;         ;
; a_rdenreg.inc                    ; yes             ; Megafunction                     ; c:/altera/13.0sp1/quartus/libraries/megafunctions/a_rdenreg.inc           ;         ;
; altrom.inc                       ; yes             ; Megafunction                     ; c:/altera/13.0sp1/quartus/libraries/megafunctions/altrom.inc              ;         ;
; altram.inc                       ; yes             ; Megafunction                     ; c:/altera/13.0sp1/quartus/libraries/megafunctions/altram.inc              ;         ;
; altdpram.inc                     ; yes             ; Megafunction                     ; c:/altera/13.0sp1/quartus/libraries/megafunctions/altdpram.inc            ;         ;
; db/altsyncram_qg91.tdf           ; yes             ; Auto-Generated Megafunction      ; H:/VERI/Ex10/db/altsyncram_qg91.tdf                                       ;         ;
+----------------------------------+-----------------+----------------------------------+---------------------------------------------------------------------------+---------+


+--------------------------------------------------------------+
; Analysis & Synthesis Resource Usage Summary                  ;
+---------------------------------------------+----------------+
; Resource                                    ; Usage          ;
+---------------------------------------------+----------------+
; Estimated Total logic elements              ; 163            ;
;                                             ;                ;
; Total combinational functions               ; 152            ;
; Logic element usage by number of LUT inputs ;                ;
;     -- 4 input functions                    ; 54             ;
;     -- 3 input functions                    ; 43             ;
;     -- <=2 input functions                  ; 55             ;
;                                             ;                ;
; Logic elements by mode                      ;                ;
;     -- normal mode                          ; 90             ;
;     -- arithmetic mode                      ; 62             ;
;                                             ;                ;
; Total registers                             ; 76             ;
;     -- Dedicated logic registers            ; 76             ;
;     -- I/O registers                        ; 0              ;
;                                             ;                ;
; I/O pins                                    ; 43             ;
; Total memory bits                           ; 10240          ;
; Embedded Multiplier 9-bit elements          ; 0              ;
; Maximum fan-out node                        ; CLOCK_50~input ;
; Maximum fan-out                             ; 35             ;
; Total fan-out                               ; 812            ;
; Average fan-out                             ; 2.51           ;
+---------------------------------------------+----------------+


+---------------------------------------------------------------------------------------------------------------------------------------------------------------------------------------------------------------------------------------------------------------------------------------------------------------------------------------+
; Analysis & Synthesis Resource Utilization by Entity                                                                                                                                                                                                                                                                                   ;
+---------------------------------------------------+-------------------+--------------+-------------+--------------+---------+-----------+------+--------------+--------------------------------------------------------------------------------------------------------------------------------------------------------+--------------+
; Compilation Hierarchy Node                        ; LC Combinationals ; LC Registers ; Memory Bits ; DSP Elements ; DSP 9x9 ; DSP 18x18 ; Pins ; Virtual Pins ; Full Hierarchy Name                                                                                                                                    ; Library Name ;
+---------------------------------------------------+-------------------+--------------+-------------+--------------+---------+-----------+------+--------------+--------------------------------------------------------------------------------------------------------------------------------------------------------+--------------+
; |top                                              ; 152 (0)           ; 76 (0)       ; 10240       ; 0            ; 0       ; 0         ; 43   ; 0            ; |top                                                                                                                                                   ; work         ;
;    |MULT:top_mult|                                ; 48 (0)            ; 0 (0)        ; 0           ; 0            ; 0       ; 0         ; 0    ; 0            ; |top|MULT:top_mult                                                                                                                                     ; work         ;
;       |lpm_mult:lpm_mult_component|               ; 48 (0)            ; 0 (0)        ; 0           ; 0            ; 0       ; 0         ; 0    ; 0            ; |top|MULT:top_mult|lpm_mult:lpm_mult_component                                                                                                         ; work         ;
;          |multcore:mult_core|                     ; 48 (22)           ; 0 (0)        ; 0           ; 0            ; 0       ; 0         ; 0    ; 0            ; |top|MULT:top_mult|lpm_mult:lpm_mult_component|multcore:mult_core                                                                                      ; work         ;
;             |mpar_add:padder|                     ; 26 (0)            ; 0 (0)        ; 0           ; 0            ; 0       ; 0         ; 0    ; 0            ; |top|MULT:top_mult|lpm_mult:lpm_mult_component|multcore:mult_core|mpar_add:padder                                                                      ; work         ;
;                |lpm_add_sub:adder[0]|             ; 14 (0)            ; 0 (0)        ; 0           ; 0            ; 0       ; 0         ; 0    ; 0            ; |top|MULT:top_mult|lpm_mult:lpm_mult_component|multcore:mult_core|mpar_add:padder|lpm_add_sub:adder[0]                                                 ; work         ;
;                   |add_sub_ifh:auto_generated|    ; 14 (14)           ; 0 (0)        ; 0           ; 0            ; 0       ; 0         ; 0    ; 0            ; |top|MULT:top_mult|lpm_mult:lpm_mult_component|multcore:mult_core|mpar_add:padder|lpm_add_sub:adder[0]|add_sub_ifh:auto_generated                      ; work         ;
;                |mpar_add:sub_par_add|             ; 12 (0)            ; 0 (0)        ; 0           ; 0            ; 0       ; 0         ; 0    ; 0            ; |top|MULT:top_mult|lpm_mult:lpm_mult_component|multcore:mult_core|mpar_add:padder|mpar_add:sub_par_add                                                 ; work         ;
;                   |lpm_add_sub:adder[0]|          ; 12 (0)            ; 0 (0)        ; 0           ; 0            ; 0       ; 0         ; 0    ; 0            ; |top|MULT:top_mult|lpm_mult:lpm_mult_component|multcore:mult_core|mpar_add:padder|mpar_add:sub_par_add|lpm_add_sub:adder[0]                            ; work         ;
;                      |add_sub_dfh:auto_generated| ; 12 (12)           ; 0 (0)        ; 0           ; 0            ; 0       ; 0         ; 0    ; 0            ; |top|MULT:top_mult|lpm_mult:lpm_mult_component|multcore:mult_core|mpar_add:padder|mpar_add:sub_par_add|lpm_add_sub:adder[0]|add_sub_dfh:auto_generated ; work         ;
;    |ROM:top_rom|                                  ; 0 (0)             ; 0 (0)        ; 10240       ; 0            ; 0       ; 0         ; 0    ; 0            ; |top|ROM:top_rom                                                                                                                                       ; work         ;
;       |altsyncram:altsyncram_component|           ; 0 (0)             ; 0 (0)        ; 10240       ; 0            ; 0       ; 0         ; 0    ; 0            ; |top|ROM:top_rom|altsyncram:altsyncram_component                                                                                                       ; work         ;
;          |altsyncram_qg91:auto_generated|         ; 0 (0)             ; 0 (0)        ; 10240       ; 0            ; 0       ; 0         ; 0    ; 0            ; |top|ROM:top_rom|altsyncram:altsyncram_component|altsyncram_qg91:auto_generated                                                                        ; work         ;
;    |addr_reg:top_addr_reg|                        ; 10 (10)           ; 20 (20)      ; 0           ; 0            ; 0       ; 0         ; 0    ; 0            ; |top|addr_reg:top_addr_reg                                                                                                                             ; work         ;
;    |clk_div:top_clk_div|                          ; 30 (30)           ; 23 (23)      ; 0           ; 0            ; 0       ; 0         ; 0    ; 0            ; |top|clk_div:top_clk_div                                                                                                                               ; work         ;
;    |hex_to_7seg:H0|                               ; 7 (7)             ; 0 (0)        ; 0           ; 0            ; 0       ; 0         ; 0    ; 0            ; |top|hex_to_7seg:H0                                                                                                                                    ; work         ;
;    |hex_to_7seg:H1|                               ; 7 (7)             ; 0 (0)        ; 0           ; 0            ; 0       ; 0         ; 0    ; 0            ; |top|hex_to_7seg:H1                                                                                                                                    ; work         ;
;    |hex_to_7seg:H2|                               ; 7 (7)             ; 0 (0)        ; 0           ; 0            ; 0       ; 0         ; 0    ; 0            ; |top|hex_to_7seg:H2                                                                                                                                    ; work         ;
;    |hex_to_7seg:H3|                               ; 3 (3)             ; 0 (0)        ; 0           ; 0            ; 0       ; 0         ; 0    ; 0            ; |top|hex_to_7seg:H3                                                                                                                                    ; work         ;
;    |pulse_gen:top_pulse_gen|                      ; 1 (1)             ; 2 (2)        ; 0           ; 0            ; 0       ; 0         ; 0    ; 0            ; |top|pulse_gen:top_pulse_gen                                                                                                                           ; work         ;
;    |spi2dac:top_spi2dac|                          ; 39 (39)           ; 31 (31)      ; 0           ; 0            ; 0       ; 0         ; 0    ; 0            ; |top|spi2dac:top_spi2dac                                                                                                                               ; work         ;
+---------------------------------------------------+-------------------+--------------+-------------+--------------+---------+-----------+------+--------------+--------------------------------------------------------------------------------------------------------------------------------------------------------+--------------+
Note: For table entries with two numbers listed, the numbers in parentheses indicate the number of resources of the given type used by the specific entity alone. The numbers listed outside of parentheses indicate the total resources of the given type used by the specific entity and all of its sub-entities in the hierarchy.


+----------------------------------------------------------------------------------------------------------------------------------------------------------------------------------------+
; Analysis & Synthesis RAM Summary                                                                                                                                                       ;
+---------------------------------------------------------------------------------------+------+------+--------------+--------------+--------------+--------------+-------+--------------+
; Name                                                                                  ; Type ; Mode ; Port A Depth ; Port A Width ; Port B Depth ; Port B Width ; Size  ; MIF          ;
+---------------------------------------------------------------------------------------+------+------+--------------+--------------+--------------+--------------+-------+--------------+
; ROM:top_rom|altsyncram:altsyncram_component|altsyncram_qg91:auto_generated|ALTSYNCRAM ; AUTO ; ROM  ; 1024         ; 10           ; --           ; --           ; 10240 ; rom_data.mif ;
+---------------------------------------------------------------------------------------+------+------+--------------+--------------+--------------+--------------+-------+--------------+


+----------------------------------------------------------------------------------------------------------+
; Analysis & Synthesis IP Cores Summary                                                                    ;
+--------+--------------+---------+--------------+--------------+--------------------+---------------------+
; Vendor ; IP Core Name ; Version ; Release Date ; License Type ; Entity Instance    ; IP Include File     ;
+--------+--------------+---------+--------------+--------------+--------------------+---------------------+
; Altera ; LPM_MULT     ; 13.0    ; N/A          ; N/A          ; |top|MULT:top_mult ; H:/VERI/Ex10/MULT.v ;
; Altera ; ROM: 1-PORT  ; 13.0    ; N/A          ; N/A          ; |top|ROM:top_rom   ; H:/VERI/Ex10/ROM.v  ;
+--------+--------------+---------+--------------+--------------+--------------------+---------------------+


Encoding Type:  One-Hot
+------------------------------------------------------------------------------------------+
; State Machine - |top|spi2dac:top_spi2dac|sr_state                                        ;
+------------------------+---------------+------------------------+------------------------+
; Name                   ; sr_state.IDLE ; sr_state.WAIT_CSB_HIGH ; sr_state.WAIT_CSB_FALL ;
+------------------------+---------------+------------------------+------------------------+
; sr_state.IDLE          ; 0             ; 0                      ; 0                      ;
; sr_state.WAIT_CSB_FALL ; 1             ; 0                      ; 1                      ;
; sr_state.WAIT_CSB_HIGH ; 1             ; 1                      ; 0                      ;
+------------------------+---------------+------------------------+------------------------+


Encoding Type:  One-Hot
+----------------------------------------------------+
; State Machine - |top|pulse_gen:top_pulse_gen|state ;
+----------------+-----------------------------------+
; Name           ; state.WAIT_LOW                    ;
+----------------+-----------------------------------+
; state.IDLE     ; 0                                 ;
; state.WAIT_LOW ; 1                                 ;
+----------------+-----------------------------------+


+--------------------------------------------------------------------------------+
; Registers Removed During Synthesis                                             ;
+---------------------------------------+----------------------------------------+
; Register name                         ; Reason for Removal                     ;
+---------------------------------------+----------------------------------------+
; spi2dac:top_spi2dac|shift_reg[0,1]    ; Stuck at GND due to stuck port data_in ;
; pulse_gen:top_pulse_gen|state~3       ; Lost fanout                            ;
; Total Number of Removed Registers = 3 ;                                        ;
+---------------------------------------+----------------------------------------+


+-------------------------------------------------------------------------------------------------------+
; Removed Registers Triggering Further Register Optimizations                                           ;
+----------------------------------+---------------------------+----------------------------------------+
; Register name                    ; Reason for Removal        ; Registers Removed due to This Register ;
+----------------------------------+---------------------------+----------------------------------------+
; spi2dac:top_spi2dac|shift_reg[0] ; Stuck at GND              ; spi2dac:top_spi2dac|shift_reg[1]       ;
;                                  ; due to stuck port data_in ;                                        ;
+----------------------------------+---------------------------+----------------------------------------+


+------------------------------------------------------+
; General Register Statistics                          ;
+----------------------------------------------+-------+
; Statistic                                    ; Value ;
+----------------------------------------------+-------+
; Total registers                              ; 76    ;
; Number of registers using Synchronous Clear  ; 27    ;
; Number of registers using Synchronous Load   ; 0     ;
; Number of registers using Asynchronous Clear ; 0     ;
; Number of registers using Asynchronous Load  ; 0     ;
; Number of registers using Clock Enable       ; 0     ;
; Number of registers using Preset             ; 0     ;
+----------------------------------------------+-------+


+--------------------------------------------------+
; Inverted Register Statistics                     ;
+----------------------------------------+---------+
; Inverted Register                      ; Fan out ;
+----------------------------------------+---------+
; spi2dac:top_spi2dac|dac_cs             ; 20      ;
; Total number of inverted registers = 1 ;         ;
+----------------------------------------+---------+


+---------------------------------------------------------------------------------------------------+
; Source assignments for ROM:top_rom|altsyncram:altsyncram_component|altsyncram_qg91:auto_generated ;
+---------------------------------+--------------------+------+-------------------------------------+
; Assignment                      ; Value              ; From ; To                                  ;
+---------------------------------+--------------------+------+-------------------------------------+
; OPTIMIZE_POWER_DURING_SYNTHESIS ; NORMAL_COMPILATION ; -    ; -                                   ;
+---------------------------------+--------------------+------+-------------------------------------+


+---------------------------------------------------------------------+
; Parameter Settings for User Entity Instance: Top-level Entity: |top ;
+----------------+------------------------+---------------------------+
; Parameter Name ; Value                  ; Type                      ;
+----------------+------------------------+---------------------------+
; TC             ; 0000000000100111000011 ; Unsigned Binary           ;
+----------------+------------------------+---------------------------+
Note: In order to hide this table in the UI and the text report file, please set the "Show Parameter Settings in Synthesis Report" option in "Analysis and Synthesis Settings -> More Settings" to "Off".


+----------------------------------------------------------------------------------------+
; Parameter Settings for User Entity Instance: MULT:top_mult|lpm_mult:lpm_mult_component ;
+------------------------------------------------+-------------+-------------------------+
; Parameter Name                                 ; Value       ; Type                    ;
+------------------------------------------------+-------------+-------------------------+
; AUTO_CARRY_CHAINS                              ; ON          ; AUTO_CARRY              ;
; IGNORE_CARRY_BUFFERS                           ; OFF         ; IGNORE_CARRY            ;
; AUTO_CASCADE_CHAINS                            ; ON          ; AUTO_CASCADE            ;
; IGNORE_CASCADE_BUFFERS                         ; OFF         ; IGNORE_CASCADE          ;
; LPM_WIDTHA                                     ; 10          ; Signed Integer          ;
; LPM_WIDTHB                                     ; 14          ; Signed Integer          ;
; LPM_WIDTHP                                     ; 24          ; Signed Integer          ;
; LPM_WIDTHR                                     ; 0           ; Untyped                 ;
; LPM_WIDTHS                                     ; 1           ; Untyped                 ;
; LPM_REPRESENTATION                             ; UNSIGNED    ; Untyped                 ;
; LPM_PIPELINE                                   ; 0           ; Untyped                 ;
; LATENCY                                        ; 0           ; Untyped                 ;
; INPUT_A_IS_CONSTANT                            ; NO          ; Untyped                 ;
; INPUT_B_IS_CONSTANT                            ; YES         ; Untyped                 ;
; USE_EAB                                        ; OFF         ; Untyped                 ;
; MAXIMIZE_SPEED                                 ; 5           ; Untyped                 ;
; DEVICE_FAMILY                                  ; Cyclone III ; Untyped                 ;
; CARRY_CHAIN                                    ; MANUAL      ; Untyped                 ;
; APEX20K_TECHNOLOGY_MAPPER                      ; LUT         ; TECH_MAPPER_APEX20K     ;
; DEDICATED_MULTIPLIER_CIRCUITRY                 ; AUTO        ; Untyped                 ;
; DEDICATED_MULTIPLIER_MIN_INPUT_WIDTH_FOR_AUTO  ; 0           ; Untyped                 ;
; DEDICATED_MULTIPLIER_MIN_OUTPUT_WIDTH_FOR_AUTO ; 0           ; Untyped                 ;
; CBXI_PARAMETER                                 ; NOTHING     ; Untyped                 ;
; INPUT_A_FIXED_VALUE                            ; Bx          ; Untyped                 ;
; INPUT_B_FIXED_VALUE                            ; Bx          ; Untyped                 ;
; USE_AHDL_IMPLEMENTATION                        ; OFF         ; Untyped                 ;
+------------------------------------------------+-------------+-------------------------+
Note: In order to hide this table in the UI and the text report file, please set the "Show Parameter Settings in Synthesis Report" option in "Analysis and Synthesis Settings -> More Settings" to "Off".


+------------------------------------------------------------------------------------------+
; Parameter Settings for User Entity Instance: ROM:top_rom|altsyncram:altsyncram_component ;
+------------------------------------+----------------------+------------------------------+
; Parameter Name                     ; Value                ; Type                         ;
+------------------------------------+----------------------+------------------------------+
; BYTE_SIZE_BLOCK                    ; 8                    ; Untyped                      ;
; AUTO_CARRY_CHAINS                  ; ON                   ; AUTO_CARRY                   ;
; IGNORE_CARRY_BUFFERS               ; OFF                  ; IGNORE_CARRY                 ;
; AUTO_CASCADE_CHAINS                ; ON                   ; AUTO_CASCADE                 ;
; IGNORE_CASCADE_BUFFERS             ; OFF                  ; IGNORE_CASCADE               ;
; WIDTH_BYTEENA                      ; 1                    ; Untyped                      ;
; OPERATION_MODE                     ; ROM                  ; Untyped                      ;
; WIDTH_A                            ; 10                   ; Signed Integer               ;
; WIDTHAD_A                          ; 10                   ; Signed Integer               ;
; NUMWORDS_A                         ; 1024                 ; Signed Integer               ;
; OUTDATA_REG_A                      ; CLOCK0               ; Untyped                      ;
; ADDRESS_ACLR_A                     ; NONE                 ; Untyped                      ;
; OUTDATA_ACLR_A                     ; NONE                 ; Untyped                      ;
; WRCONTROL_ACLR_A                   ; NONE                 ; Untyped                      ;
; INDATA_ACLR_A                      ; NONE                 ; Untyped                      ;
; BYTEENA_ACLR_A                     ; NONE                 ; Untyped                      ;
; WIDTH_B                            ; 1                    ; Untyped                      ;
; WIDTHAD_B                          ; 1                    ; Untyped                      ;
; NUMWORDS_B                         ; 1                    ; Untyped                      ;
; INDATA_REG_B                       ; CLOCK1               ; Untyped                      ;
; WRCONTROL_WRADDRESS_REG_B          ; CLOCK1               ; Untyped                      ;
; RDCONTROL_REG_B                    ; CLOCK1               ; Untyped                      ;
; ADDRESS_REG_B                      ; CLOCK1               ; Untyped                      ;
; OUTDATA_REG_B                      ; UNREGISTERED         ; Untyped                      ;
; BYTEENA_REG_B                      ; CLOCK1               ; Untyped                      ;
; INDATA_ACLR_B                      ; NONE                 ; Untyped                      ;
; WRCONTROL_ACLR_B                   ; NONE                 ; Untyped                      ;
; ADDRESS_ACLR_B                     ; NONE                 ; Untyped                      ;
; OUTDATA_ACLR_B                     ; NONE                 ; Untyped                      ;
; RDCONTROL_ACLR_B                   ; NONE                 ; Untyped                      ;
; BYTEENA_ACLR_B                     ; NONE                 ; Untyped                      ;
; WIDTH_BYTEENA_A                    ; 1                    ; Signed Integer               ;
; WIDTH_BYTEENA_B                    ; 1                    ; Untyped                      ;
; RAM_BLOCK_TYPE                     ; AUTO                 ; Untyped                      ;
; BYTE_SIZE                          ; 8                    ; Untyped                      ;
; READ_DURING_WRITE_MODE_MIXED_PORTS ; DONT_CARE            ; Untyped                      ;
; READ_DURING_WRITE_MODE_PORT_A      ; NEW_DATA_NO_NBE_READ ; Untyped                      ;
; READ_DURING_WRITE_MODE_PORT_B      ; NEW_DATA_NO_NBE_READ ; Untyped                      ;
; INIT_FILE                          ; rom_data.mif         ; Untyped                      ;
; INIT_FILE_LAYOUT                   ; PORT_A               ; Untyped                      ;
; MAXIMUM_DEPTH                      ; 0                    ; Untyped                      ;
; CLOCK_ENABLE_INPUT_A               ; BYPASS               ; Untyped                      ;
; CLOCK_ENABLE_INPUT_B               ; NORMAL               ; Untyped                      ;
; CLOCK_ENABLE_OUTPUT_A              ; BYPASS               ; Untyped                      ;
; CLOCK_ENABLE_OUTPUT_B              ; NORMAL               ; Untyped                      ;
; CLOCK_ENABLE_CORE_A                ; USE_INPUT_CLKEN      ; Untyped                      ;
; CLOCK_ENABLE_CORE_B                ; USE_INPUT_CLKEN      ; Untyped                      ;
; ENABLE_ECC                         ; FALSE                ; Untyped                      ;
; ECC_PIPELINE_STAGE_ENABLED         ; FALSE                ; Untyped                      ;
; WIDTH_ECCSTATUS                    ; 3                    ; Untyped                      ;
; DEVICE_FAMILY                      ; Cyclone III          ; Untyped                      ;
; CBXI_PARAMETER                     ; altsyncram_qg91      ; Untyped                      ;
+------------------------------------+----------------------+------------------------------+
Note: In order to hide this table in the UI and the text report file, please set the "Show Parameter Settings in Synthesis Report" option in "Analysis and Synthesis Settings -> More Settings" to "Off".


+----------------------------------------------------------------------+
; Parameter Settings for User Entity Instance: pulse_gen:top_pulse_gen ;
+----------------+-------+---------------------------------------------+
; Parameter Name ; Value ; Type                                        ;
+----------------+-------+---------------------------------------------+
; IDLE           ; 0     ; Unsigned Binary                             ;
; WAIT_LOW       ; 1     ; Unsigned Binary                             ;
+----------------+-------+---------------------------------------------+
Note: In order to hide this table in the UI and the text report file, please set the "Show Parameter Settings in Synthesis Report" option in "Analysis and Synthesis Settings -> More Settings" to "Off".


+------------------------------------------------------------------+
; Parameter Settings for User Entity Instance: spi2dac:top_spi2dac ;
+----------------+-------+-----------------------------------------+
; Parameter Name ; Value ; Type                                    ;
+----------------+-------+-----------------------------------------+
; BUF            ; 1     ; Unsigned Binary                         ;
; GA_N           ; 0     ; Unsigned Binary                         ;
; SHDN_N         ; 1     ; Unsigned Binary                         ;
; TIME_CONSTANT  ; 11000 ; Unsigned Binary                         ;
; IDLE           ; 00    ; Unsigned Binary                         ;
; WAIT_CSB_FALL  ; 01    ; Unsigned Binary                         ;
; WAIT_CSB_HIGH  ; 10    ; Unsigned Binary                         ;
+----------------+-------+-----------------------------------------+
Note: In order to hide this table in the UI and the text report file, please set the "Show Parameter Settings in Synthesis Report" option in "Analysis and Synthesis Settings -> More Settings" to "Off".


+-----------------------------------------------------------------------------------+
; lpm_mult Parameter Settings by Entity Instance                                    ;
+---------------------------------------+-------------------------------------------+
; Name                                  ; Value                                     ;
+---------------------------------------+-------------------------------------------+
; Number of entity instances            ; 1                                         ;
; Entity Instance                       ; MULT:top_mult|lpm_mult:lpm_mult_component ;
;     -- LPM_WIDTHA                     ; 10                                        ;
;     -- LPM_WIDTHB                     ; 14                                        ;
;     -- LPM_WIDTHP                     ; 24                                        ;
;     -- LPM_REPRESENTATION             ; UNSIGNED                                  ;
;     -- INPUT_A_IS_CONSTANT            ; NO                                        ;
;     -- INPUT_B_IS_CONSTANT            ; YES                                       ;
;     -- USE_EAB                        ; OFF                                       ;
;     -- DEDICATED_MULTIPLIER_CIRCUITRY ; AUTO                                      ;
;     -- INPUT_A_FIXED_VALUE            ; Bx                                        ;
;     -- INPUT_B_FIXED_VALUE            ; Bx                                        ;
+---------------------------------------+-------------------------------------------+


+-----------------------------------------------------------------------------------------+
; altsyncram Parameter Settings by Entity Instance                                        ;
+-------------------------------------------+---------------------------------------------+
; Name                                      ; Value                                       ;
+-------------------------------------------+---------------------------------------------+
; Number of entity instances                ; 1                                           ;
; Entity Instance                           ; ROM:top_rom|altsyncram:altsyncram_component ;
;     -- OPERATION_MODE                     ; ROM                                         ;
;     -- WIDTH_A                            ; 10                                          ;
;     -- NUMWORDS_A                         ; 1024                                        ;
;     -- OUTDATA_REG_A                      ; CLOCK0                                      ;
;     -- WIDTH_B                            ; 1                                           ;
;     -- NUMWORDS_B                         ; 1                                           ;
;     -- ADDRESS_REG_B                      ; CLOCK1                                      ;
;     -- OUTDATA_REG_B                      ; UNREGISTERED                                ;
;     -- RAM_BLOCK_TYPE                     ; AUTO                                        ;
;     -- READ_DURING_WRITE_MODE_MIXED_PORTS ; DONT_CARE                                   ;
+-------------------------------------------+---------------------------------------------+


+--------------------------------------------+
; Port Connectivity Checks: "hex_to_7seg:H3" ;
+----------+-------+----------+--------------+
; Port     ; Type  ; Severity ; Details      ;
+----------+-------+----------+--------------+
; in[3..2] ; Input ; Info     ; Stuck at GND ;
+----------+-------+----------+--------------+


+------------------------------------------------------------------------------------------------------------------------+
; Port Connectivity Checks: "MULT:top_mult"                                                                              ;
+--------------+--------+----------+-------------------------------------------------------------------------------------+
; Port         ; Type   ; Severity ; Details                                                                             ;
+--------------+--------+----------+-------------------------------------------------------------------------------------+
; result[9..0] ; Output ; Info     ; Connected to dangling logic. Logic that only feeds a dangling port will be removed. ;
+--------------+--------+----------+-------------------------------------------------------------------------------------+


+-------------------------------------------------+
; Port Connectivity Checks: "clk_div:top_clk_div" ;
+------------+-------+----------+-----------------+
; Port       ; Type  ; Severity ; Details         ;
+------------+-------+----------+-----------------+
; tc[8..6]   ; Input ; Info     ; Stuck at VCC    ;
; tc[1..0]   ; Input ; Info     ; Stuck at VCC    ;
; tc[21..12] ; Input ; Info     ; Stuck at GND    ;
; tc[10..9]  ; Input ; Info     ; Stuck at GND    ;
; tc[5..2]   ; Input ; Info     ; Stuck at GND    ;
; tc[11]     ; Input ; Info     ; Stuck at VCC    ;
+------------+-------+----------+-----------------+


+-------------------------------+
; Elapsed Time Per Partition    ;
+----------------+--------------+
; Partition Name ; Elapsed Time ;
+----------------+--------------+
; Top            ; 00:00:00     ;
+----------------+--------------+


+-------------------------------+
; Analysis & Synthesis Messages ;
+-------------------------------+
Info: *******************************************************************
Info: Running Quartus II 64-Bit Analysis & Synthesis
    Info: Version 13.0.1 Build 232 06/12/2013 Service Pack 1 SJ Full Version
    Info: Processing started: Fri Dec 11 14:45:02 2015
Info: Command: quartus_map --read_settings_files=on --write_settings_files=off Ex10 -c Ex10
Info (11104): Parallel Compilation has detected 8 hyper-threaded processors. However, the extra hyper-threaded processors will not be used by default. Parallel Compilation will use 4 of the 4 physical processors detected instead.
Info (12021): Found 1 design units, including 1 entities, in source file clk_div.v
    Info (12023): Found entity 1: clk_div
Info (12021): Found 1 design units, including 1 entities, in source file rom.v
    Info (12023): Found entity 1: ROM
Info (12021): Found 1 design units, including 1 entities, in source file top.v
    Info (12023): Found entity 1: top
Info (12021): Found 1 design units, including 1 entities, in source file spi2dac.v
    Info (12023): Found entity 1: spi2dac
Info (12021): Found 1 design units, including 1 entities, in source file pulse_gen.v
    Info (12023): Found entity 1: pulse_gen
Info (12021): Found 1 design units, including 1 entities, in source file hex_to_7seg.v
    Info (12023): Found entity 1: hex_to_7seg
Info (12021): Found 1 design units, including 1 entities, in source file mult.v
    Info (12023): Found entity 1: MULT
Info (12021): Found 1 design units, including 1 entities, in source file addr_reg.v
    Info (12023): Found entity 1: addr_reg
Info (12127): Elaborating entity "top" for the top level hierarchy
Info (12128): Elaborating entity "clk_div" for hierarchy "clk_div:top_clk_div"
Warning (10230): Verilog HDL assignment warning at clk_div.v(14): truncated value with size 32 to match size of target (22)
Info (12128): Elaborating entity "MULT" for hierarchy "MULT:top_mult"
Info (12128): Elaborating entity "lpm_mult" for hierarchy "MULT:top_mult|lpm_mult:lpm_mult_component"
Info (12130): Elaborated megafunction instantiation "MULT:top_mult|lpm_mult:lpm_mult_component"
Info (12133): Instantiated megafunction "MULT:top_mult|lpm_mult:lpm_mult_component" with the following parameter:
    Info (12134): Parameter "lpm_hint" = "INPUT_B_IS_CONSTANT=YES,MAXIMIZE_SPEED=5"
    Info (12134): Parameter "lpm_representation" = "UNSIGNED"
    Info (12134): Parameter "lpm_type" = "LPM_MULT"
    Info (12134): Parameter "lpm_widtha" = "10"
    Info (12134): Parameter "lpm_widthb" = "14"
    Info (12134): Parameter "lpm_widthp" = "24"
Info (12128): Elaborating entity "multcore" for hierarchy "MULT:top_mult|lpm_mult:lpm_mult_component|multcore:mult_core"
Info (12131): Elaborated megafunction instantiation "MULT:top_mult|lpm_mult:lpm_mult_component|multcore:mult_core", which is child of megafunction instantiation "MULT:top_mult|lpm_mult:lpm_mult_component"
Info (12128): Elaborating entity "mpar_add" for hierarchy "MULT:top_mult|lpm_mult:lpm_mult_component|multcore:mult_core|mpar_add:padder"
Info (12131): Elaborated megafunction instantiation "MULT:top_mult|lpm_mult:lpm_mult_component|multcore:mult_core|mpar_add:padder", which is child of megafunction instantiation "MULT:top_mult|lpm_mult:lpm_mult_component"
Info (12128): Elaborating entity "lpm_add_sub" for hierarchy "MULT:top_mult|lpm_mult:lpm_mult_component|multcore:mult_core|mpar_add:padder|lpm_add_sub:adder[0]"
Info (12131): Elaborated megafunction instantiation "MULT:top_mult|lpm_mult:lpm_mult_component|multcore:mult_core|mpar_add:padder|lpm_add_sub:adder[0]", which is child of megafunction instantiation "MULT:top_mult|lpm_mult:lpm_mult_component"
Info (12021): Found 1 design units, including 1 entities, in source file db/add_sub_ifh.tdf
    Info (12023): Found entity 1: add_sub_ifh
Info (12128): Elaborating entity "add_sub_ifh" for hierarchy "MULT:top_mult|lpm_mult:lpm_mult_component|multcore:mult_core|mpar_add:padder|lpm_add_sub:adder[0]|add_sub_ifh:auto_generated"
Info (12128): Elaborating entity "mpar_add" for hierarchy "MULT:top_mult|lpm_mult:lpm_mult_component|multcore:mult_core|mpar_add:padder|mpar_add:sub_par_add"
Info (12131): Elaborated megafunction instantiation "MULT:top_mult|lpm_mult:lpm_mult_component|multcore:mult_core|mpar_add:padder|mpar_add:sub_par_add", which is child of megafunction instantiation "MULT:top_mult|lpm_mult:lpm_mult_component"
Info (12128): Elaborating entity "lpm_add_sub" for hierarchy "MULT:top_mult|lpm_mult:lpm_mult_component|multcore:mult_core|mpar_add:padder|mpar_add:sub_par_add|lpm_add_sub:adder[0]"
Info (12131): Elaborated megafunction instantiation "MULT:top_mult|lpm_mult:lpm_mult_component|multcore:mult_core|mpar_add:padder|mpar_add:sub_par_add|lpm_add_sub:adder[0]", which is child of megafunction instantiation "MULT:top_mult|lpm_mult:lpm_mult_component"
Info (12021): Found 1 design units, including 1 entities, in source file db/add_sub_dfh.tdf
    Info (12023): Found entity 1: add_sub_dfh
Info (12128): Elaborating entity "add_sub_dfh" for hierarchy "MULT:top_mult|lpm_mult:lpm_mult_component|multcore:mult_core|mpar_add:padder|mpar_add:sub_par_add|lpm_add_sub:adder[0]|add_sub_dfh:auto_generated"
Info (12128): Elaborating entity "altshift" for hierarchy "MULT:top_mult|lpm_mult:lpm_mult_component|altshift:external_latency_ffs"
Info (12131): Elaborated megafunction instantiation "MULT:top_mult|lpm_mult:lpm_mult_component|altshift:external_latency_ffs", which is child of megafunction instantiation "MULT:top_mult|lpm_mult:lpm_mult_component"
Info (12128): Elaborating entity "addr_reg" for hierarchy "addr_reg:top_addr_reg"
Info (12128): Elaborating entity "ROM" for hierarchy "ROM:top_rom"
Info (12128): Elaborating entity "altsyncram" for hierarchy "ROM:top_rom|altsyncram:altsyncram_component"
Info (12130): Elaborated megafunction instantiation "ROM:top_rom|altsyncram:altsyncram_component"
Info (12133): Instantiated megafunction "ROM:top_rom|altsyncram:altsyncram_component" with the following parameter:
    Info (12134): Parameter "address_aclr_a" = "NONE"
    Info (12134): Parameter "clock_enable_input_a" = "BYPASS"
    Info (12134): Parameter "clock_enable_output_a" = "BYPASS"
    Info (12134): Parameter "init_file" = "rom_data.mif"
    Info (12134): Parameter "intended_device_family" = "Cyclone III"
    Info (12134): Parameter "lpm_hint" = "ENABLE_RUNTIME_MOD=NO"
    Info (12134): Parameter "lpm_type" = "altsyncram"
    Info (12134): Parameter "numwords_a" = "1024"
    Info (12134): Parameter "operation_mode" = "ROM"
    Info (12134): Parameter "outdata_aclr_a" = "NONE"
    Info (12134): Parameter "outdata_reg_a" = "CLOCK0"
    Info (12134): Parameter "widthad_a" = "10"
    Info (12134): Parameter "width_a" = "10"
    Info (12134): Parameter "width_byteena_a" = "1"
Info (12021): Found 1 design units, including 1 entities, in source file db/altsyncram_qg91.tdf
    Info (12023): Found entity 1: altsyncram_qg91
Info (12128): Elaborating entity "altsyncram_qg91" for hierarchy "ROM:top_rom|altsyncram:altsyncram_component|altsyncram_qg91:auto_generated"
Info (12128): Elaborating entity "pulse_gen" for hierarchy "pulse_gen:top_pulse_gen"
Info (12128): Elaborating entity "spi2dac" for hierarchy "spi2dac:top_spi2dac"
Info (12128): Elaborating entity "hex_to_7seg" for hierarchy "hex_to_7seg:H0"
Warning (13024): Output pins are stuck at VCC or GND
    Warning (13410): Pin "HEX3_D[1]" is stuck at GND
Info (286030): Timing-Driven Synthesis is running
Info (17049): 1 registers lost all their fanouts during netlist optimizations.
Info (144001): Generated suppressed messages file H:/VERI/Ex10/output_files/Ex10.map.smsg
Info (16010): Generating hard_block partition "hard_block:auto_generated_inst"
    Info (16011): Adding 0 node(s), including 0 DDIO, 0 PLL, 0 transceiver and 0 LCELL
Info (21057): Implemented 216 device resources after synthesis - the final resource count might be different
    Info (21058): Implemented 11 input pins
    Info (21059): Implemented 32 output pins
    Info (21061): Implemented 163 logic cells
    Info (21064): Implemented 10 RAM segments
Info: Quartus II 64-Bit Analysis & Synthesis was successful. 0 errors, 3 warnings
    Info: Peak virtual memory: 479 megabytes
    Info: Processing ended: Fri Dec 11 14:45:08 2015
    Info: Elapsed time: 00:00:06
    Info: Total CPU time (on all processors): 00:00:03


+------------------------------------------+
; Analysis & Synthesis Suppressed Messages ;
+------------------------------------------+
The suppressed messages can be found in H:/VERI/Ex10/output_files/Ex10.map.smsg.


