TimeQuest Timing Analyzer report for Ex4
Fri Nov 27 11:52:16 2015
Quartus II 64-Bit Version 13.0.1 Build 232 06/12/2013 Service Pack 1 SJ Full Version


---------------------
; Table of Contents ;
---------------------
  1. Legal Notice
  2. TimeQuest Timing Analyzer Summary
  3. Parallel Compilation
  4. SDC File List
  5. Clocks
  6. Slow 1200mV 85C Model Fmax Summary
  7. Timing Closure Recommendations
  8. Slow 1200mV 85C Model Setup Summary
  9. Slow 1200mV 85C Model Hold Summary
 10. Slow 1200mV 85C Model Recovery Summary
 11. Slow 1200mV 85C Model Removal Summary
 12. Slow 1200mV 85C Model Minimum Pulse Width Summary
 13. Slow 1200mV 85C Model Setup: 'clock'
 14. Slow 1200mV 85C Model Hold: 'clock'
 15. Slow 1200mV 85C Model Minimum Pulse Width: 'clock'
 16. Setup Times
 17. Hold Times
 18. Clock to Output Times
 19. Minimum Clock to Output Times
 20. Slow 1200mV 85C Model Metastability Report
 21. Slow 1200mV 0C Model Fmax Summary
 22. Slow 1200mV 0C Model Setup Summary
 23. Slow 1200mV 0C Model Hold Summary
 24. Slow 1200mV 0C Model Recovery Summary
 25. Slow 1200mV 0C Model Removal Summary
 26. Slow 1200mV 0C Model Minimum Pulse Width Summary
 27. Slow 1200mV 0C Model Setup: 'clock'
 28. Slow 1200mV 0C Model Hold: 'clock'
 29. Slow 1200mV 0C Model Minimum Pulse Width: 'clock'
 30. Setup Times
 31. Hold Times
 32. Clock to Output Times
 33. Minimum Clock to Output Times
 34. Slow 1200mV 0C Model Metastability Report
 35. Fast 1200mV 0C Model Setup Summary
 36. Fast 1200mV 0C Model Hold Summary
 37. Fast 1200mV 0C Model Recovery Summary
 38. Fast 1200mV 0C Model Removal Summary
 39. Fast 1200mV 0C Model Minimum Pulse Width Summary
 40. Fast 1200mV 0C Model Setup: 'clock'
 41. Fast 1200mV 0C Model Hold: 'clock'
 42. Fast 1200mV 0C Model Minimum Pulse Width: 'clock'
 43. Setup Times
 44. Hold Times
 45. Clock to Output Times
 46. Minimum Clock to Output Times
 47. Fast 1200mV 0C Model Metastability Report
 48. Multicorner Timing Analysis Summary
 49. Setup Times
 50. Hold Times
 51. Clock to Output Times
 52. Minimum Clock to Output Times
 53. Board Trace Model Assignments
 54. Input Transition Times
 55. Slow Corner Signal Integrity Metrics
 56. Fast Corner Signal Integrity Metrics
 57. Setup Transfers
 58. Hold Transfers
 59. Report TCCS
 60. Report RSKM
 61. Unconstrained Paths
 62. TimeQuest Timing Analyzer Messages



----------------
; Legal Notice ;
----------------
Copyright (C) 1991-2013 Altera Corporation
Your use of Altera Corporation's design tools, logic functions 
and other software and tools, and its AMPP partner logic 
functions, and any output files from any of the foregoing 
(including device programming or simulation files), and any 
associated documentation or information are expressly subject 
to the terms and conditions of the Altera Program License 
Subscription Agreement, Altera MegaCore Function License 
Agreement, or other applicable license agreement, including, 
without limitation, that your use is for the sole purpose of 
programming logic devices manufactured by Altera and sold by 
Altera or its authorized distributors.  Please refer to the 
applicable agreement for further details.



+-----------------------------------------------------------------------------------------+
; TimeQuest Timing Analyzer Summary                                                       ;
+--------------------+--------------------------------------------------------------------+
; Quartus II Version ; Version 13.0.1 Build 232 06/12/2013 Service Pack 1 SJ Full Version ;
; Revision Name      ; Ex4                                                                ;
; Device Family      ; Cyclone III                                                        ;
; Device Name        ; EP3C16F484C8                                                       ;
; Timing Models      ; Final                                                              ;
; Delay Model        ; Combined                                                           ;
; Rise/Fall Delays   ; Enabled                                                            ;
+--------------------+--------------------------------------------------------------------+


+------------------------------------------+
; Parallel Compilation                     ;
+----------------------------+-------------+
; Processors                 ; Number      ;
+----------------------------+-------------+
; Number detected on machine ; 8           ;
; Maximum allowed            ; 4           ;
;                            ;             ;
; Average used               ; 1.00        ;
; Maximum used               ; 4           ;
;                            ;             ;
; Usage by Processor         ; % Time Used ;
;     Processor 1            ; 100.0%      ;
;     Processors 2-4         ; < 0.1%      ;
;     Processors 5-8         ;   0.0%      ;
+----------------------------+-------------+


+---------------------------------------------------+
; SDC File List                                     ;
+---------------+--------+--------------------------+
; SDC File Path ; Status ; Read at                  ;
+---------------+--------+--------------------------+
; Ex4.sdc       ; OK     ; Fri Nov 27 11:52:14 2015 ;
+---------------+--------+--------------------------+


+-----------------------------------------------------------------------------------------------------------------------------------------------------------------------------------+
; Clocks                                                                                                                                                                            ;
+------------+------+--------+------------+-------+-------+------------+-----------+-------------+-------+--------+-----------+------------+----------+--------+--------+-----------+
; Clock Name ; Type ; Period ; Frequency  ; Rise  ; Fall  ; Duty Cycle ; Divide by ; Multiply by ; Phase ; Offset ; Edge List ; Edge Shift ; Inverted ; Master ; Source ; Targets   ;
+------------+------+--------+------------+-------+-------+------------+-----------+-------------+-------+--------+-----------+------------+----------+--------+--------+-----------+
; clock      ; Base ; 1.000  ; 1000.0 MHz ; 0.000 ; 0.500 ;            ;           ;             ;       ;        ;           ;            ;          ;        ;        ; { clock } ;
+------------+------+--------+------------+-------+-------+------------+-----------+-------------+-------+--------+-----------+------------+----------+--------+--------+-----------+


+-----------------------------------------------------------------------------------------------------------+
; Slow 1200mV 85C Model Fmax Summary                                                                        ;
+------------+-----------------+------------+---------------------------------------------------------------+
; Fmax       ; Restricted Fmax ; Clock Name ; Note                                                          ;
+------------+-----------------+------------+---------------------------------------------------------------+
; 528.26 MHz ; 250.0 MHz       ; clock      ; limit due to minimum period restriction (max I/O toggle rate) ;
+------------+-----------------+------------+---------------------------------------------------------------+
This panel reports FMAX for every clock in the design, regardless of the user-specified clock periods.  FMAX is only computed for paths where the source and destination registers or ports are driven by the same clock.  Paths of different clocks, including generated clocks, are ignored.  For paths between a clock and its inversion, FMAX is computed as if the rising and falling edges are scaled along with FMAX, such that the duty cycle (in terms of a percentage) is maintained. Altera recommends that you always use clock constraints and other slack reports for sign-off analysis.


----------------------------------
; Timing Closure Recommendations ;
----------------------------------
HTML report is unavailable in plain text report export.


+-------------------------------------+
; Slow 1200mV 85C Model Setup Summary ;
+-------+--------+--------------------+
; Clock ; Slack  ; End Point TNS      ;
+-------+--------+--------------------+
; clock ; -0.893 ; -2.100             ;
+-------+--------+--------------------+


+------------------------------------+
; Slow 1200mV 85C Model Hold Summary ;
+-------+-------+--------------------+
; Clock ; Slack ; End Point TNS      ;
+-------+-------+--------------------+
; clock ; 0.454 ; 0.000              ;
+-------+-------+--------------------+


------------------------------------------
; Slow 1200mV 85C Model Recovery Summary ;
------------------------------------------
No paths to report.


-----------------------------------------
; Slow 1200mV 85C Model Removal Summary ;
-----------------------------------------
No paths to report.


+---------------------------------------------------+
; Slow 1200mV 85C Model Minimum Pulse Width Summary ;
+-------+--------+----------------------------------+
; Clock ; Slack  ; End Point TNS                    ;
+-------+--------+----------------------------------+
; clock ; -3.000 ; -8.948                           ;
+-------+--------+----------------------------------+


+--------------------------------------------------------------------------------------------------------------+
; Slow 1200mV 85C Model Setup: 'clock'                                                                         ;
+--------+---------------+---------------+--------------+-------------+--------------+------------+------------+
; Slack  ; From Node     ; To Node       ; Launch Clock ; Latch Clock ; Relationship ; Clock Skew ; Data Delay ;
+--------+---------------+---------------+--------------+-------------+--------------+------------+------------+
; -0.893 ; count[1]~reg0 ; count[3]~reg0 ; clock        ; clock       ; 1.000        ; -0.080     ; 1.814      ;
; -0.891 ; count[1]~reg0 ; count[1]~reg0 ; clock        ; clock       ; 1.000        ; -0.080     ; 1.812      ;
; -0.873 ; count[2]~reg0 ; count[3]~reg0 ; clock        ; clock       ; 1.000        ; -0.080     ; 1.794      ;
; -0.871 ; count[2]~reg0 ; count[1]~reg0 ; clock        ; clock       ; 1.000        ; -0.080     ; 1.792      ;
; -0.785 ; count[3]~reg0 ; count[3]~reg0 ; clock        ; clock       ; 1.000        ; -0.080     ; 1.706      ;
; -0.782 ; count[0]~reg0 ; count[3]~reg0 ; clock        ; clock       ; 1.000        ; -0.080     ; 1.703      ;
; -0.780 ; count[0]~reg0 ; count[1]~reg0 ; clock        ; clock       ; 1.000        ; -0.080     ; 1.701      ;
; -0.718 ; count[3]~reg0 ; count[1]~reg0 ; clock        ; clock       ; 1.000        ; -0.080     ; 1.639      ;
; -0.316 ; count[1]~reg0 ; count[2]~reg0 ; clock        ; clock       ; 1.000        ; -0.080     ; 1.237      ;
; -0.205 ; count[0]~reg0 ; count[2]~reg0 ; clock        ; clock       ; 1.000        ; -0.080     ; 1.126      ;
; 0.063  ; count[0]~reg0 ; count[0]~reg0 ; clock        ; clock       ; 1.000        ; -0.080     ; 0.858      ;
; 0.063  ; count[2]~reg0 ; count[2]~reg0 ; clock        ; clock       ; 1.000        ; -0.080     ; 0.858      ;
+--------+---------------+---------------+--------------+-------------+--------------+------------+------------+


+-------------------------------------------------------------------------------------------------------------+
; Slow 1200mV 85C Model Hold: 'clock'                                                                         ;
+-------+---------------+---------------+--------------+-------------+--------------+------------+------------+
; Slack ; From Node     ; To Node       ; Launch Clock ; Latch Clock ; Relationship ; Clock Skew ; Data Delay ;
+-------+---------------+---------------+--------------+-------------+--------------+------------+------------+
; 0.454 ; count[2]~reg0 ; count[2]~reg0 ; clock        ; clock       ; 0.000        ; 0.080      ; 0.746      ;
; 0.466 ; count[0]~reg0 ; count[0]~reg0 ; clock        ; clock       ; 0.000        ; 0.080      ; 0.758      ;
; 0.755 ; count[0]~reg0 ; count[2]~reg0 ; clock        ; clock       ; 0.000        ; 0.080      ; 1.047      ;
; 0.813 ; count[1]~reg0 ; count[2]~reg0 ; clock        ; clock       ; 0.000        ; 0.080      ; 1.105      ;
; 0.898 ; count[2]~reg0 ; count[3]~reg0 ; clock        ; clock       ; 0.000        ; 0.080      ; 1.190      ;
; 1.056 ; count[1]~reg0 ; count[3]~reg0 ; clock        ; clock       ; 0.000        ; 0.080      ; 1.348      ;
; 1.058 ; count[1]~reg0 ; count[1]~reg0 ; clock        ; clock       ; 0.000        ; 0.080      ; 1.350      ;
; 1.134 ; count[0]~reg0 ; count[1]~reg0 ; clock        ; clock       ; 0.000        ; 0.080      ; 1.426      ;
; 1.172 ; count[3]~reg0 ; count[3]~reg0 ; clock        ; clock       ; 0.000        ; 0.080      ; 1.464      ;
; 1.212 ; count[0]~reg0 ; count[3]~reg0 ; clock        ; clock       ; 0.000        ; 0.080      ; 1.504      ;
; 1.234 ; count[3]~reg0 ; count[1]~reg0 ; clock        ; clock       ; 0.000        ; 0.080      ; 1.526      ;
; 1.342 ; count[2]~reg0 ; count[1]~reg0 ; clock        ; clock       ; 0.000        ; 0.080      ; 1.634      ;
+-------+---------------+---------------+--------------+-------------+--------------+------------+------------+


+--------------------------------------------------------------------------------------------------------------+
; Slow 1200mV 85C Model Minimum Pulse Width: 'clock'                                                           ;
+--------+--------------+----------------+------------------+-------+------------+-----------------------------+
; Slack  ; Actual Width ; Required Width ; Type             ; Clock ; Clock Edge ; Target                      ;
+--------+--------------+----------------+------------------+-------+------------+-----------------------------+
; -3.000 ; 1.000        ; 4.000          ; Port Rate        ; clock ; Rise       ; clock                       ;
; -1.487 ; 1.000        ; 2.487          ; Min Period       ; clock ; Rise       ; count[0]~reg0               ;
; -1.487 ; 1.000        ; 2.487          ; Min Period       ; clock ; Rise       ; count[1]~reg0               ;
; -1.487 ; 1.000        ; 2.487          ; Min Period       ; clock ; Rise       ; count[2]~reg0               ;
; -1.487 ; 1.000        ; 2.487          ; Min Period       ; clock ; Rise       ; count[3]~reg0               ;
; 0.256  ; 0.476        ; 0.220          ; High Pulse Width ; clock ; Rise       ; count[0]~reg0               ;
; 0.256  ; 0.476        ; 0.220          ; High Pulse Width ; clock ; Rise       ; count[1]~reg0               ;
; 0.256  ; 0.476        ; 0.220          ; High Pulse Width ; clock ; Rise       ; count[2]~reg0               ;
; 0.256  ; 0.476        ; 0.220          ; High Pulse Width ; clock ; Rise       ; count[3]~reg0               ;
; 0.335  ; 0.523        ; 0.188          ; Low Pulse Width  ; clock ; Rise       ; count[0]~reg0               ;
; 0.335  ; 0.523        ; 0.188          ; Low Pulse Width  ; clock ; Rise       ; count[1]~reg0               ;
; 0.335  ; 0.523        ; 0.188          ; Low Pulse Width  ; clock ; Rise       ; count[2]~reg0               ;
; 0.335  ; 0.523        ; 0.188          ; Low Pulse Width  ; clock ; Rise       ; count[3]~reg0               ;
; 0.462  ; 0.462        ; 0.000          ; Low Pulse Width  ; clock ; Rise       ; clock~input|o               ;
; 0.473  ; 0.473        ; 0.000          ; Low Pulse Width  ; clock ; Rise       ; clock~inputclkctrl|inclk[0] ;
; 0.473  ; 0.473        ; 0.000          ; Low Pulse Width  ; clock ; Rise       ; clock~inputclkctrl|outclk   ;
; 0.475  ; 0.475        ; 0.000          ; Low Pulse Width  ; clock ; Rise       ; count[0]~reg0|clk           ;
; 0.475  ; 0.475        ; 0.000          ; Low Pulse Width  ; clock ; Rise       ; count[1]~reg0|clk           ;
; 0.475  ; 0.475        ; 0.000          ; Low Pulse Width  ; clock ; Rise       ; count[2]~reg0|clk           ;
; 0.475  ; 0.475        ; 0.000          ; Low Pulse Width  ; clock ; Rise       ; count[3]~reg0|clk           ;
; 0.500  ; 0.500        ; 0.000          ; High Pulse Width ; clock ; Rise       ; clock~input|i               ;
; 0.500  ; 0.500        ; 0.000          ; Low Pulse Width  ; clock ; Rise       ; clock~input|i               ;
; 0.525  ; 0.525        ; 0.000          ; High Pulse Width ; clock ; Rise       ; count[0]~reg0|clk           ;
; 0.525  ; 0.525        ; 0.000          ; High Pulse Width ; clock ; Rise       ; count[1]~reg0|clk           ;
; 0.525  ; 0.525        ; 0.000          ; High Pulse Width ; clock ; Rise       ; count[2]~reg0|clk           ;
; 0.525  ; 0.525        ; 0.000          ; High Pulse Width ; clock ; Rise       ; count[3]~reg0|clk           ;
; 0.527  ; 0.527        ; 0.000          ; High Pulse Width ; clock ; Rise       ; clock~inputclkctrl|inclk[0] ;
; 0.527  ; 0.527        ; 0.000          ; High Pulse Width ; clock ; Rise       ; clock~inputclkctrl|outclk   ;
; 0.538  ; 0.538        ; 0.000          ; High Pulse Width ; clock ; Rise       ; clock~input|o               ;
+--------+--------------+----------------+------------------+-------+------------+-----------------------------+


+-----------------------------------------------------------------------+
; Setup Times                                                           ;
+-----------+------------+-------+-------+------------+-----------------+
; Data Port ; Clock Port ; Rise  ; Fall  ; Clock Edge ; Clock Reference ;
+-----------+------------+-------+-------+------------+-----------------+
; enable    ; clock      ; 2.586 ; 2.786 ; Rise       ; clock           ;
; reset     ; clock      ; 2.452 ; 2.635 ; Rise       ; clock           ;
; select    ; clock      ; 1.515 ; 1.779 ; Rise       ; clock           ;
+-----------+------------+-------+-------+------------+-----------------+


+-------------------------------------------------------------------------+
; Hold Times                                                              ;
+-----------+------------+--------+--------+------------+-----------------+
; Data Port ; Clock Port ; Rise   ; Fall   ; Clock Edge ; Clock Reference ;
+-----------+------------+--------+--------+------------+-----------------+
; enable    ; clock      ; -2.243 ; -2.430 ; Rise       ; clock           ;
; reset     ; clock      ; -0.802 ; -1.076 ; Rise       ; clock           ;
; select    ; clock      ; -1.044 ; -1.303 ; Rise       ; clock           ;
+-----------+------------+--------+--------+------------+-----------------+


+-----------------------------------------------------------------------+
; Clock to Output Times                                                 ;
+-----------+------------+-------+-------+------------+-----------------+
; Data Port ; Clock Port ; Rise  ; Fall  ; Clock Edge ; Clock Reference ;
+-----------+------------+-------+-------+------------+-----------------+
; count[*]  ; clock      ; 6.935 ; 6.857 ; Rise       ; clock           ;
;  count[0] ; clock      ; 6.935 ; 6.857 ; Rise       ; clock           ;
;  count[1] ; clock      ; 6.407 ; 6.363 ; Rise       ; clock           ;
;  count[2] ; clock      ; 6.919 ; 6.849 ; Rise       ; clock           ;
;  count[3] ; clock      ; 6.787 ; 6.695 ; Rise       ; clock           ;
+-----------+------------+-------+-------+------------+-----------------+


+-----------------------------------------------------------------------+
; Minimum Clock to Output Times                                         ;
+-----------+------------+-------+-------+------------+-----------------+
; Data Port ; Clock Port ; Rise  ; Fall  ; Clock Edge ; Clock Reference ;
+-----------+------------+-------+-------+------------+-----------------+
; count[*]  ; clock      ; 6.280 ; 6.237 ; Rise       ; clock           ;
;  count[0] ; clock      ; 6.792 ; 6.716 ; Rise       ; clock           ;
;  count[1] ; clock      ; 6.280 ; 6.237 ; Rise       ; clock           ;
;  count[2] ; clock      ; 6.778 ; 6.709 ; Rise       ; clock           ;
;  count[3] ; clock      ; 6.646 ; 6.556 ; Rise       ; clock           ;
+-----------+------------+-------+-------+------------+-----------------+


----------------------------------------------
; Slow 1200mV 85C Model Metastability Report ;
----------------------------------------------
No synchronizer chains to report.


+----------------------------------------------------------------------------------------------------------+
; Slow 1200mV 0C Model Fmax Summary                                                                        ;
+-----------+-----------------+------------+---------------------------------------------------------------+
; Fmax      ; Restricted Fmax ; Clock Name ; Note                                                          ;
+-----------+-----------------+------------+---------------------------------------------------------------+
; 587.2 MHz ; 250.0 MHz       ; clock      ; limit due to minimum period restriction (max I/O toggle rate) ;
+-----------+-----------------+------------+---------------------------------------------------------------+
This panel reports FMAX for every clock in the design, regardless of the user-specified clock periods.  FMAX is only computed for paths where the source and destination registers or ports are driven by the same clock.  Paths of different clocks, including generated clocks, are ignored.  For paths between a clock and its inversion, FMAX is computed as if the rising and falling edges are scaled along with FMAX, such that the duty cycle (in terms of a percentage) is maintained. Altera recommends that you always use clock constraints and other slack reports for sign-off analysis.


+------------------------------------+
; Slow 1200mV 0C Model Setup Summary ;
+-------+--------+-------------------+
; Clock ; Slack  ; End Point TNS     ;
+-------+--------+-------------------+
; clock ; -0.703 ; -1.588            ;
+-------+--------+-------------------+


+-----------------------------------+
; Slow 1200mV 0C Model Hold Summary ;
+-------+-------+-------------------+
; Clock ; Slack ; End Point TNS     ;
+-------+-------+-------------------+
; clock ; 0.403 ; 0.000             ;
+-------+-------+-------------------+


-----------------------------------------
; Slow 1200mV 0C Model Recovery Summary ;
-----------------------------------------
No paths to report.


----------------------------------------
; Slow 1200mV 0C Model Removal Summary ;
----------------------------------------
No paths to report.


+--------------------------------------------------+
; Slow 1200mV 0C Model Minimum Pulse Width Summary ;
+-------+--------+---------------------------------+
; Clock ; Slack  ; End Point TNS                   ;
+-------+--------+---------------------------------+
; clock ; -3.000 ; -8.948                          ;
+-------+--------+---------------------------------+


+--------------------------------------------------------------------------------------------------------------+
; Slow 1200mV 0C Model Setup: 'clock'                                                                          ;
+--------+---------------+---------------+--------------+-------------+--------------+------------+------------+
; Slack  ; From Node     ; To Node       ; Launch Clock ; Latch Clock ; Relationship ; Clock Skew ; Data Delay ;
+--------+---------------+---------------+--------------+-------------+--------------+------------+------------+
; -0.703 ; count[1]~reg0 ; count[3]~reg0 ; clock        ; clock       ; 1.000        ; -0.071     ; 1.634      ;
; -0.701 ; count[1]~reg0 ; count[1]~reg0 ; clock        ; clock       ; 1.000        ; -0.071     ; 1.632      ;
; -0.685 ; count[2]~reg0 ; count[3]~reg0 ; clock        ; clock       ; 1.000        ; -0.071     ; 1.616      ;
; -0.683 ; count[2]~reg0 ; count[1]~reg0 ; clock        ; clock       ; 1.000        ; -0.071     ; 1.614      ;
; -0.642 ; count[0]~reg0 ; count[3]~reg0 ; clock        ; clock       ; 1.000        ; -0.071     ; 1.573      ;
; -0.640 ; count[0]~reg0 ; count[1]~reg0 ; clock        ; clock       ; 1.000        ; -0.071     ; 1.571      ;
; -0.605 ; count[3]~reg0 ; count[3]~reg0 ; clock        ; clock       ; 1.000        ; -0.071     ; 1.536      ;
; -0.578 ; count[3]~reg0 ; count[1]~reg0 ; clock        ; clock       ; 1.000        ; -0.071     ; 1.509      ;
; -0.184 ; count[1]~reg0 ; count[2]~reg0 ; clock        ; clock       ; 1.000        ; -0.071     ; 1.115      ;
; -0.115 ; count[0]~reg0 ; count[2]~reg0 ; clock        ; clock       ; 1.000        ; -0.071     ; 1.046      ;
; 0.161  ; count[0]~reg0 ; count[0]~reg0 ; clock        ; clock       ; 1.000        ; -0.071     ; 0.770      ;
; 0.161  ; count[2]~reg0 ; count[2]~reg0 ; clock        ; clock       ; 1.000        ; -0.071     ; 0.770      ;
+--------+---------------+---------------+--------------+-------------+--------------+------------+------------+


+-------------------------------------------------------------------------------------------------------------+
; Slow 1200mV 0C Model Hold: 'clock'                                                                          ;
+-------+---------------+---------------+--------------+-------------+--------------+------------+------------+
; Slack ; From Node     ; To Node       ; Launch Clock ; Latch Clock ; Relationship ; Clock Skew ; Data Delay ;
+-------+---------------+---------------+--------------+-------------+--------------+------------+------------+
; 0.403 ; count[2]~reg0 ; count[2]~reg0 ; clock        ; clock       ; 0.000        ; 0.071      ; 0.669      ;
; 0.418 ; count[0]~reg0 ; count[0]~reg0 ; clock        ; clock       ; 0.000        ; 0.071      ; 0.684      ;
; 0.679 ; count[0]~reg0 ; count[2]~reg0 ; clock        ; clock       ; 0.000        ; 0.071      ; 0.945      ;
; 0.763 ; count[1]~reg0 ; count[2]~reg0 ; clock        ; clock       ; 0.000        ; 0.071      ; 1.029      ;
; 0.823 ; count[2]~reg0 ; count[3]~reg0 ; clock        ; clock       ; 0.000        ; 0.071      ; 1.089      ;
; 0.970 ; count[1]~reg0 ; count[1]~reg0 ; clock        ; clock       ; 0.000        ; 0.071      ; 1.236      ;
; 0.972 ; count[1]~reg0 ; count[3]~reg0 ; clock        ; clock       ; 0.000        ; 0.071      ; 1.238      ;
; 1.017 ; count[0]~reg0 ; count[1]~reg0 ; clock        ; clock       ; 0.000        ; 0.071      ; 1.283      ;
; 1.095 ; count[3]~reg0 ; count[3]~reg0 ; clock        ; clock       ; 0.000        ; 0.071      ; 1.361      ;
; 1.101 ; count[0]~reg0 ; count[3]~reg0 ; clock        ; clock       ; 0.000        ; 0.071      ; 1.367      ;
; 1.130 ; count[3]~reg0 ; count[1]~reg0 ; clock        ; clock       ; 0.000        ; 0.071      ; 1.396      ;
; 1.258 ; count[2]~reg0 ; count[1]~reg0 ; clock        ; clock       ; 0.000        ; 0.071      ; 1.524      ;
+-------+---------------+---------------+--------------+-------------+--------------+------------+------------+


+--------------------------------------------------------------------------------------------------------------+
; Slow 1200mV 0C Model Minimum Pulse Width: 'clock'                                                            ;
+--------+--------------+----------------+------------------+-------+------------+-----------------------------+
; Slack  ; Actual Width ; Required Width ; Type             ; Clock ; Clock Edge ; Target                      ;
+--------+--------------+----------------+------------------+-------+------------+-----------------------------+
; -3.000 ; 1.000        ; 4.000          ; Port Rate        ; clock ; Rise       ; clock                       ;
; -1.487 ; 1.000        ; 2.487          ; Min Period       ; clock ; Rise       ; count[0]~reg0               ;
; -1.487 ; 1.000        ; 2.487          ; Min Period       ; clock ; Rise       ; count[1]~reg0               ;
; -1.487 ; 1.000        ; 2.487          ; Min Period       ; clock ; Rise       ; count[2]~reg0               ;
; -1.487 ; 1.000        ; 2.487          ; Min Period       ; clock ; Rise       ; count[3]~reg0               ;
; 0.268  ; 0.484        ; 0.216          ; High Pulse Width ; clock ; Rise       ; count[0]~reg0               ;
; 0.268  ; 0.484        ; 0.216          ; High Pulse Width ; clock ; Rise       ; count[1]~reg0               ;
; 0.268  ; 0.484        ; 0.216          ; High Pulse Width ; clock ; Rise       ; count[2]~reg0               ;
; 0.268  ; 0.484        ; 0.216          ; High Pulse Width ; clock ; Rise       ; count[3]~reg0               ;
; 0.330  ; 0.514        ; 0.184          ; Low Pulse Width  ; clock ; Rise       ; count[0]~reg0               ;
; 0.330  ; 0.514        ; 0.184          ; Low Pulse Width  ; clock ; Rise       ; count[1]~reg0               ;
; 0.330  ; 0.514        ; 0.184          ; Low Pulse Width  ; clock ; Rise       ; count[2]~reg0               ;
; 0.330  ; 0.514        ; 0.184          ; Low Pulse Width  ; clock ; Rise       ; count[3]~reg0               ;
; 0.462  ; 0.462        ; 0.000          ; Low Pulse Width  ; clock ; Rise       ; clock~input|o               ;
; 0.462  ; 0.462        ; 0.000          ; Low Pulse Width  ; clock ; Rise       ; count[0]~reg0|clk           ;
; 0.462  ; 0.462        ; 0.000          ; Low Pulse Width  ; clock ; Rise       ; count[1]~reg0|clk           ;
; 0.462  ; 0.462        ; 0.000          ; Low Pulse Width  ; clock ; Rise       ; count[2]~reg0|clk           ;
; 0.462  ; 0.462        ; 0.000          ; Low Pulse Width  ; clock ; Rise       ; count[3]~reg0|clk           ;
; 0.465  ; 0.465        ; 0.000          ; Low Pulse Width  ; clock ; Rise       ; clock~inputclkctrl|inclk[0] ;
; 0.465  ; 0.465        ; 0.000          ; Low Pulse Width  ; clock ; Rise       ; clock~inputclkctrl|outclk   ;
; 0.500  ; 0.500        ; 0.000          ; High Pulse Width ; clock ; Rise       ; clock~input|i               ;
; 0.500  ; 0.500        ; 0.000          ; Low Pulse Width  ; clock ; Rise       ; clock~input|i               ;
; 0.535  ; 0.535        ; 0.000          ; High Pulse Width ; clock ; Rise       ; clock~inputclkctrl|inclk[0] ;
; 0.535  ; 0.535        ; 0.000          ; High Pulse Width ; clock ; Rise       ; clock~inputclkctrl|outclk   ;
; 0.537  ; 0.537        ; 0.000          ; High Pulse Width ; clock ; Rise       ; count[0]~reg0|clk           ;
; 0.537  ; 0.537        ; 0.000          ; High Pulse Width ; clock ; Rise       ; count[1]~reg0|clk           ;
; 0.537  ; 0.537        ; 0.000          ; High Pulse Width ; clock ; Rise       ; count[2]~reg0|clk           ;
; 0.537  ; 0.537        ; 0.000          ; High Pulse Width ; clock ; Rise       ; count[3]~reg0|clk           ;
; 0.538  ; 0.538        ; 0.000          ; High Pulse Width ; clock ; Rise       ; clock~input|o               ;
+--------+--------------+----------------+------------------+-------+------------+-----------------------------+


+-----------------------------------------------------------------------+
; Setup Times                                                           ;
+-----------+------------+-------+-------+------------+-----------------+
; Data Port ; Clock Port ; Rise  ; Fall  ; Clock Edge ; Clock Reference ;
+-----------+------------+-------+-------+------------+-----------------+
; enable    ; clock      ; 2.335 ; 2.388 ; Rise       ; clock           ;
; reset     ; clock      ; 2.211 ; 2.246 ; Rise       ; clock           ;
; select    ; clock      ; 1.306 ; 1.463 ; Rise       ; clock           ;
+-----------+------------+-------+-------+------------+-----------------+


+-------------------------------------------------------------------------+
; Hold Times                                                              ;
+-----------+------------+--------+--------+------------+-----------------+
; Data Port ; Clock Port ; Rise   ; Fall   ; Clock Edge ; Clock Reference ;
+-----------+------------+--------+--------+------------+-----------------+
; enable    ; clock      ; -2.025 ; -2.078 ; Rise       ; clock           ;
; reset     ; clock      ; -0.655 ; -0.839 ; Rise       ; clock           ;
; select    ; clock      ; -0.884 ; -1.041 ; Rise       ; clock           ;
+-----------+------------+--------+--------+------------+-----------------+


+-----------------------------------------------------------------------+
; Clock to Output Times                                                 ;
+-----------+------------+-------+-------+------------+-----------------+
; Data Port ; Clock Port ; Rise  ; Fall  ; Clock Edge ; Clock Reference ;
+-----------+------------+-------+-------+------------+-----------------+
; count[*]  ; clock      ; 6.643 ; 6.516 ; Rise       ; clock           ;
;  count[0] ; clock      ; 6.643 ; 6.516 ; Rise       ; clock           ;
;  count[1] ; clock      ; 6.135 ; 6.061 ; Rise       ; clock           ;
;  count[2] ; clock      ; 6.632 ; 6.508 ; Rise       ; clock           ;
;  count[3] ; clock      ; 6.499 ; 6.358 ; Rise       ; clock           ;
+-----------+------------+-------+-------+------------+-----------------+


+-----------------------------------------------------------------------+
; Minimum Clock to Output Times                                         ;
+-----------+------------+-------+-------+------------+-----------------+
; Data Port ; Clock Port ; Rise  ; Fall  ; Clock Edge ; Clock Reference ;
+-----------+------------+-------+-------+------------+-----------------+
; count[*]  ; clock      ; 6.021 ; 5.948 ; Rise       ; clock           ;
;  count[0] ; clock      ; 6.514 ; 6.391 ; Rise       ; clock           ;
;  count[1] ; clock      ; 6.021 ; 5.948 ; Rise       ; clock           ;
;  count[2] ; clock      ; 6.504 ; 6.383 ; Rise       ; clock           ;
;  count[3] ; clock      ; 6.371 ; 6.234 ; Rise       ; clock           ;
+-----------+------------+-------+-------+------------+-----------------+


---------------------------------------------
; Slow 1200mV 0C Model Metastability Report ;
---------------------------------------------
No synchronizer chains to report.


+------------------------------------+
; Fast 1200mV 0C Model Setup Summary ;
+-------+-------+--------------------+
; Clock ; Slack ; End Point TNS      ;
+-------+-------+--------------------+
; clock ; 0.176 ; 0.000              ;
+-------+-------+--------------------+


+-----------------------------------+
; Fast 1200mV 0C Model Hold Summary ;
+-------+-------+-------------------+
; Clock ; Slack ; End Point TNS     ;
+-------+-------+-------------------+
; clock ; 0.188 ; 0.000             ;
+-------+-------+-------------------+


-----------------------------------------
; Fast 1200mV 0C Model Recovery Summary ;
-----------------------------------------
No paths to report.


----------------------------------------
; Fast 1200mV 0C Model Removal Summary ;
----------------------------------------
No paths to report.


+--------------------------------------------------+
; Fast 1200mV 0C Model Minimum Pulse Width Summary ;
+-------+--------+---------------------------------+
; Clock ; Slack  ; End Point TNS                   ;
+-------+--------+---------------------------------+
; clock ; -3.000 ; -7.220                          ;
+-------+--------+---------------------------------+


+-------------------------------------------------------------------------------------------------------------+
; Fast 1200mV 0C Model Setup: 'clock'                                                                         ;
+-------+---------------+---------------+--------------+-------------+--------------+------------+------------+
; Slack ; From Node     ; To Node       ; Launch Clock ; Latch Clock ; Relationship ; Clock Skew ; Data Delay ;
+-------+---------------+---------------+--------------+-------------+--------------+------------+------------+
; 0.176 ; count[1]~reg0 ; count[3]~reg0 ; clock        ; clock       ; 1.000        ; -0.035     ; 0.776      ;
; 0.180 ; count[1]~reg0 ; count[1]~reg0 ; clock        ; clock       ; 1.000        ; -0.035     ; 0.772      ;
; 0.186 ; count[2]~reg0 ; count[3]~reg0 ; clock        ; clock       ; 1.000        ; -0.035     ; 0.766      ;
; 0.190 ; count[2]~reg0 ; count[1]~reg0 ; clock        ; clock       ; 1.000        ; -0.035     ; 0.762      ;
; 0.220 ; count[3]~reg0 ; count[3]~reg0 ; clock        ; clock       ; 1.000        ; -0.035     ; 0.732      ;
; 0.247 ; count[0]~reg0 ; count[3]~reg0 ; clock        ; clock       ; 1.000        ; -0.035     ; 0.705      ;
; 0.250 ; count[0]~reg0 ; count[1]~reg0 ; clock        ; clock       ; 1.000        ; -0.035     ; 0.702      ;
; 0.284 ; count[3]~reg0 ; count[1]~reg0 ; clock        ; clock       ; 1.000        ; -0.035     ; 0.668      ;
; 0.427 ; count[1]~reg0 ; count[2]~reg0 ; clock        ; clock       ; 1.000        ; -0.035     ; 0.525      ;
; 0.470 ; count[0]~reg0 ; count[2]~reg0 ; clock        ; clock       ; 1.000        ; -0.035     ; 0.482      ;
; 0.593 ; count[0]~reg0 ; count[0]~reg0 ; clock        ; clock       ; 1.000        ; -0.035     ; 0.359      ;
; 0.593 ; count[2]~reg0 ; count[2]~reg0 ; clock        ; clock       ; 1.000        ; -0.035     ; 0.359      ;
+-------+---------------+---------------+--------------+-------------+--------------+------------+------------+


+-------------------------------------------------------------------------------------------------------------+
; Fast 1200mV 0C Model Hold: 'clock'                                                                          ;
+-------+---------------+---------------+--------------+-------------+--------------+------------+------------+
; Slack ; From Node     ; To Node       ; Launch Clock ; Latch Clock ; Relationship ; Clock Skew ; Data Delay ;
+-------+---------------+---------------+--------------+-------------+--------------+------------+------------+
; 0.188 ; count[2]~reg0 ; count[2]~reg0 ; clock        ; clock       ; 0.000        ; 0.035      ; 0.307      ;
; 0.195 ; count[0]~reg0 ; count[0]~reg0 ; clock        ; clock       ; 0.000        ; 0.035      ; 0.314      ;
; 0.291 ; count[0]~reg0 ; count[2]~reg0 ; clock        ; clock       ; 0.000        ; 0.035      ; 0.410      ;
; 0.328 ; count[1]~reg0 ; count[2]~reg0 ; clock        ; clock       ; 0.000        ; 0.035      ; 0.447      ;
; 0.364 ; count[2]~reg0 ; count[3]~reg0 ; clock        ; clock       ; 0.000        ; 0.035      ; 0.483      ;
; 0.431 ; count[1]~reg0 ; count[3]~reg0 ; clock        ; clock       ; 0.000        ; 0.035      ; 0.550      ;
; 0.432 ; count[1]~reg0 ; count[1]~reg0 ; clock        ; clock       ; 0.000        ; 0.035      ; 0.551      ;
; 0.444 ; count[0]~reg0 ; count[1]~reg0 ; clock        ; clock       ; 0.000        ; 0.035      ; 0.563      ;
; 0.464 ; count[3]~reg0 ; count[3]~reg0 ; clock        ; clock       ; 0.000        ; 0.035      ; 0.583      ;
; 0.480 ; count[0]~reg0 ; count[3]~reg0 ; clock        ; clock       ; 0.000        ; 0.035      ; 0.599      ;
; 0.514 ; count[3]~reg0 ; count[1]~reg0 ; clock        ; clock       ; 0.000        ; 0.035      ; 0.633      ;
; 0.535 ; count[2]~reg0 ; count[1]~reg0 ; clock        ; clock       ; 0.000        ; 0.035      ; 0.654      ;
+-------+---------------+---------------+--------------+-------------+--------------+------------+------------+


+--------------------------------------------------------------------------------------------------------------+
; Fast 1200mV 0C Model Minimum Pulse Width: 'clock'                                                            ;
+--------+--------------+----------------+------------------+-------+------------+-----------------------------+
; Slack  ; Actual Width ; Required Width ; Type             ; Clock ; Clock Edge ; Target                      ;
+--------+--------------+----------------+------------------+-------+------------+-----------------------------+
; -3.000 ; 1.000        ; 4.000          ; Port Rate        ; clock ; Rise       ; clock                       ;
; -1.000 ; 1.000        ; 2.000          ; Min Period       ; clock ; Rise       ; count[0]~reg0               ;
; -1.000 ; 1.000        ; 2.000          ; Min Period       ; clock ; Rise       ; count[1]~reg0               ;
; -1.000 ; 1.000        ; 2.000          ; Min Period       ; clock ; Rise       ; count[2]~reg0               ;
; -1.000 ; 1.000        ; 2.000          ; Min Period       ; clock ; Rise       ; count[3]~reg0               ;
; -0.055 ; 0.129        ; 0.184          ; Low Pulse Width  ; clock ; Rise       ; count[0]~reg0               ;
; -0.055 ; 0.129        ; 0.184          ; Low Pulse Width  ; clock ; Rise       ; count[1]~reg0               ;
; -0.055 ; 0.129        ; 0.184          ; Low Pulse Width  ; clock ; Rise       ; count[2]~reg0               ;
; -0.055 ; 0.129        ; 0.184          ; Low Pulse Width  ; clock ; Rise       ; count[3]~reg0               ;
; 0.118  ; 0.118        ; 0.000          ; Low Pulse Width  ; clock ; Rise       ; clock~input|o               ;
; 0.125  ; 0.125        ; 0.000          ; Low Pulse Width  ; clock ; Rise       ; count[0]~reg0|clk           ;
; 0.125  ; 0.125        ; 0.000          ; Low Pulse Width  ; clock ; Rise       ; count[1]~reg0|clk           ;
; 0.125  ; 0.125        ; 0.000          ; Low Pulse Width  ; clock ; Rise       ; count[2]~reg0|clk           ;
; 0.125  ; 0.125        ; 0.000          ; Low Pulse Width  ; clock ; Rise       ; count[3]~reg0|clk           ;
; 0.132  ; 0.132        ; 0.000          ; Low Pulse Width  ; clock ; Rise       ; clock~inputclkctrl|inclk[0] ;
; 0.132  ; 0.132        ; 0.000          ; Low Pulse Width  ; clock ; Rise       ; clock~inputclkctrl|outclk   ;
; 0.500  ; 0.500        ; 0.000          ; High Pulse Width ; clock ; Rise       ; clock~input|i               ;
; 0.500  ; 0.500        ; 0.000          ; Low Pulse Width  ; clock ; Rise       ; clock~input|i               ;
; 0.653  ; 0.869        ; 0.216          ; High Pulse Width ; clock ; Rise       ; count[0]~reg0               ;
; 0.653  ; 0.869        ; 0.216          ; High Pulse Width ; clock ; Rise       ; count[1]~reg0               ;
; 0.653  ; 0.869        ; 0.216          ; High Pulse Width ; clock ; Rise       ; count[2]~reg0               ;
; 0.653  ; 0.869        ; 0.216          ; High Pulse Width ; clock ; Rise       ; count[3]~reg0               ;
; 0.867  ; 0.867        ; 0.000          ; High Pulse Width ; clock ; Rise       ; clock~inputclkctrl|inclk[0] ;
; 0.867  ; 0.867        ; 0.000          ; High Pulse Width ; clock ; Rise       ; clock~inputclkctrl|outclk   ;
; 0.875  ; 0.875        ; 0.000          ; High Pulse Width ; clock ; Rise       ; count[0]~reg0|clk           ;
; 0.875  ; 0.875        ; 0.000          ; High Pulse Width ; clock ; Rise       ; count[1]~reg0|clk           ;
; 0.875  ; 0.875        ; 0.000          ; High Pulse Width ; clock ; Rise       ; count[2]~reg0|clk           ;
; 0.875  ; 0.875        ; 0.000          ; High Pulse Width ; clock ; Rise       ; count[3]~reg0|clk           ;
; 0.882  ; 0.882        ; 0.000          ; High Pulse Width ; clock ; Rise       ; clock~input|o               ;
+--------+--------------+----------------+------------------+-------+------------+-----------------------------+


+-----------------------------------------------------------------------+
; Setup Times                                                           ;
+-----------+------------+-------+-------+------------+-----------------+
; Data Port ; Clock Port ; Rise  ; Fall  ; Clock Edge ; Clock Reference ;
+-----------+------------+-------+-------+------------+-----------------+
; enable    ; clock      ; 1.107 ; 1.678 ; Rise       ; clock           ;
; reset     ; clock      ; 1.054 ; 1.620 ; Rise       ; clock           ;
; select    ; clock      ; 0.696 ; 1.244 ; Rise       ; clock           ;
+-----------+------------+-------+-------+------------+-----------------+


+-------------------------------------------------------------------------+
; Hold Times                                                              ;
+-----------+------------+--------+--------+------------+-----------------+
; Data Port ; Clock Port ; Rise   ; Fall   ; Clock Edge ; Clock Reference ;
+-----------+------------+--------+--------+------------+-----------------+
; enable    ; clock      ; -0.951 ; -1.516 ; Rise       ; clock           ;
; reset     ; clock      ; -0.388 ; -0.930 ; Rise       ; clock           ;
; select    ; clock      ; -0.484 ; -1.033 ; Rise       ; clock           ;
+-----------+------------+--------+--------+------------+-----------------+


+-----------------------------------------------------------------------+
; Clock to Output Times                                                 ;
+-----------+------------+-------+-------+------------+-----------------+
; Data Port ; Clock Port ; Rise  ; Fall  ; Clock Edge ; Clock Reference ;
+-----------+------------+-------+-------+------------+-----------------+
; count[*]  ; clock      ; 3.381 ; 3.423 ; Rise       ; clock           ;
;  count[0] ; clock      ; 3.381 ; 3.423 ; Rise       ; clock           ;
;  count[1] ; clock      ; 3.086 ; 3.143 ; Rise       ; clock           ;
;  count[2] ; clock      ; 3.381 ; 3.421 ; Rise       ; clock           ;
;  count[3] ; clock      ; 3.252 ; 3.321 ; Rise       ; clock           ;
+-----------+------------+-------+-------+------------+-----------------+


+-----------------------------------------------------------------------+
; Minimum Clock to Output Times                                         ;
+-----------+------------+-------+-------+------------+-----------------+
; Data Port ; Clock Port ; Rise  ; Fall  ; Clock Edge ; Clock Reference ;
+-----------+------------+-------+-------+------------+-----------------+
; count[*]  ; clock      ; 3.029 ; 3.085 ; Rise       ; clock           ;
;  count[0] ; clock      ; 3.317 ; 3.357 ; Rise       ; clock           ;
;  count[1] ; clock      ; 3.029 ; 3.085 ; Rise       ; clock           ;
;  count[2] ; clock      ; 3.318 ; 3.356 ; Rise       ; clock           ;
;  count[3] ; clock      ; 3.188 ; 3.256 ; Rise       ; clock           ;
+-----------+------------+-------+-------+------------+-----------------+


---------------------------------------------
; Fast 1200mV 0C Model Metastability Report ;
---------------------------------------------
No synchronizer chains to report.


+------------------------------------------------------------------------------+
; Multicorner Timing Analysis Summary                                          ;
+------------------+--------+-------+----------+---------+---------------------+
; Clock            ; Setup  ; Hold  ; Recovery ; Removal ; Minimum Pulse Width ;
+------------------+--------+-------+----------+---------+---------------------+
; Worst-case Slack ; -0.893 ; 0.188 ; N/A      ; N/A     ; -3.000              ;
;  clock           ; -0.893 ; 0.188 ; N/A      ; N/A     ; -3.000              ;
; Design-wide TNS  ; -2.1   ; 0.0   ; 0.0      ; 0.0     ; -8.948              ;
;  clock           ; -2.100 ; 0.000 ; N/A      ; N/A     ; -8.948              ;
+------------------+--------+-------+----------+---------+---------------------+


+-----------------------------------------------------------------------+
; Setup Times                                                           ;
+-----------+------------+-------+-------+------------+-----------------+
; Data Port ; Clock Port ; Rise  ; Fall  ; Clock Edge ; Clock Reference ;
+-----------+------------+-------+-------+------------+-----------------+
; enable    ; clock      ; 2.586 ; 2.786 ; Rise       ; clock           ;
; reset     ; clock      ; 2.452 ; 2.635 ; Rise       ; clock           ;
; select    ; clock      ; 1.515 ; 1.779 ; Rise       ; clock           ;
+-----------+------------+-------+-------+------------+-----------------+


+-------------------------------------------------------------------------+
; Hold Times                                                              ;
+-----------+------------+--------+--------+------------+-----------------+
; Data Port ; Clock Port ; Rise   ; Fall   ; Clock Edge ; Clock Reference ;
+-----------+------------+--------+--------+------------+-----------------+
; enable    ; clock      ; -0.951 ; -1.516 ; Rise       ; clock           ;
; reset     ; clock      ; -0.388 ; -0.839 ; Rise       ; clock           ;
; select    ; clock      ; -0.484 ; -1.033 ; Rise       ; clock           ;
+-----------+------------+--------+--------+------------+-----------------+


+-----------------------------------------------------------------------+
; Clock to Output Times                                                 ;
+-----------+------------+-------+-------+------------+-----------------+
; Data Port ; Clock Port ; Rise  ; Fall  ; Clock Edge ; Clock Reference ;
+-----------+------------+-------+-------+------------+-----------------+
; count[*]  ; clock      ; 6.935 ; 6.857 ; Rise       ; clock           ;
;  count[0] ; clock      ; 6.935 ; 6.857 ; Rise       ; clock           ;
;  count[1] ; clock      ; 6.407 ; 6.363 ; Rise       ; clock           ;
;  count[2] ; clock      ; 6.919 ; 6.849 ; Rise       ; clock           ;
;  count[3] ; clock      ; 6.787 ; 6.695 ; Rise       ; clock           ;
+-----------+------------+-------+-------+------------+-----------------+


+-----------------------------------------------------------------------+
; Minimum Clock to Output Times                                         ;
+-----------+------------+-------+-------+------------+-----------------+
; Data Port ; Clock Port ; Rise  ; Fall  ; Clock Edge ; Clock Reference ;
+-----------+------------+-------+-------+------------+-----------------+
; count[*]  ; clock      ; 3.029 ; 3.085 ; Rise       ; clock           ;
;  count[0] ; clock      ; 3.317 ; 3.357 ; Rise       ; clock           ;
;  count[1] ; clock      ; 3.029 ; 3.085 ; Rise       ; clock           ;
;  count[2] ; clock      ; 3.318 ; 3.356 ; Rise       ; clock           ;
;  count[3] ; clock      ; 3.188 ; 3.256 ; Rise       ; clock           ;
+-----------+------------+-------+-------+------------+-----------------+


+------------------------------------------------------------------------------------------------------------------------------------------------------------------------------------------------------------------------------------------------------------------------------------------------------------------------------------------------------------------------------------------------------------------+
; Board Trace Model Assignments                                                                                                                                                                                                                                                                                                                                                                                    ;
+---------------+--------------+-------------------+-------------------------+-------------------------+---------------+---------------------+----------------+------------------+--------+------------------+------------------------+------------------------+--------------+---------------+-----------------+-------+---------------------+--------------------+---------------+-----------------+-------------+
; Pin           ; I/O Standard ; Near Tline Length ; Near Tline L per Length ; Near Tline C per Length ; Near Series R ; Near Differential R ; Near Pull-up R ; Near Pull-down R ; Near C ; Far Tline Length ; Far Tline L per Length ; Far Tline C per Length ; Far Series R ; Far Pull-up R ; Far Pull-down R ; Far C ; Termination Voltage ; Far Differential R ; EBD File Name ; EBD Signal Name ; EBD Far-end ;
+---------------+--------------+-------------------+-------------------------+-------------------------+---------------+---------------------+----------------+------------------+--------+------------------+------------------------+------------------------+--------------+---------------+-----------------+-------+---------------------+--------------------+---------------+-----------------+-------------+
; count[0]      ; 2.5 V        ; 0 in              ; 0 H/in                  ; 0 F/in                  ; short         ; -                   ; open           ; open             ; open   ; 0 in             ; 0 H/in                 ; 0 F/in                 ; short        ; open          ; open            ; open  ; 0 V                 ; -                  ; n/a           ; n/a             ; n/a         ;
; count[1]      ; 2.5 V        ; 0 in              ; 0 H/in                  ; 0 F/in                  ; short         ; -                   ; open           ; open             ; open   ; 0 in             ; 0 H/in                 ; 0 F/in                 ; short        ; open          ; open            ; open  ; 0 V                 ; -                  ; n/a           ; n/a             ; n/a         ;
; count[2]      ; 2.5 V        ; 0 in              ; 0 H/in                  ; 0 F/in                  ; short         ; -                   ; open           ; open             ; open   ; 0 in             ; 0 H/in                 ; 0 F/in                 ; short        ; open          ; open            ; open  ; 0 V                 ; -                  ; n/a           ; n/a             ; n/a         ;
; count[3]      ; 2.5 V        ; 0 in              ; 0 H/in                  ; 0 F/in                  ; short         ; -                   ; open           ; open             ; open   ; 0 in             ; 0 H/in                 ; 0 F/in                 ; short        ; open          ; open            ; open  ; 0 V                 ; -                  ; n/a           ; n/a             ; n/a         ;
; ~ALTERA_DCLK~ ; 2.5 V        ; 0 in              ; 0 H/in                  ; 0 F/in                  ; short         ; -                   ; open           ; open             ; open   ; 0 in             ; 0 H/in                 ; 0 F/in                 ; short        ; open          ; open            ; open  ; 0 V                 ; -                  ; n/a           ; n/a             ; n/a         ;
; ~ALTERA_nCEO~ ; 2.5 V        ; 0 in              ; 0 H/in                  ; 0 F/in                  ; short         ; -                   ; open           ; open             ; open   ; 0 in             ; 0 H/in                 ; 0 F/in                 ; short        ; open          ; open            ; open  ; 0 V                 ; -                  ; n/a           ; n/a             ; n/a         ;
+---------------+--------------+-------------------+-------------------------+-------------------------+---------------+---------------------+----------------+------------------+--------+------------------+------------------------+------------------------+--------------+---------------+-----------------+-------+---------------------+--------------------+---------------+-----------------+-------------+


+----------------------------------------------------------------------------+
; Input Transition Times                                                     ;
+-------------------------+--------------+-----------------+-----------------+
; Pin                     ; I/O Standard ; 10-90 Rise Time ; 90-10 Fall Time ;
+-------------------------+--------------+-----------------+-----------------+
; reset                   ; 2.5 V        ; 2000 ps         ; 2000 ps         ;
; clock                   ; 2.5 V        ; 2000 ps         ; 2000 ps         ;
; enable                  ; 2.5 V        ; 2000 ps         ; 2000 ps         ;
; select                  ; 2.5 V        ; 2000 ps         ; 2000 ps         ;
; ~ALTERA_ASDO_DATA1~     ; 2.5 V        ; 2000 ps         ; 2000 ps         ;
; ~ALTERA_FLASH_nCE_nCSO~ ; 2.5 V        ; 2000 ps         ; 2000 ps         ;
; ~ALTERA_DATA0~          ; 2.5 V        ; 2000 ps         ; 2000 ps         ;
+-------------------------+--------------+-----------------+-----------------+


+--------------------------------------------------------------------------------------------------------------------------------------------------------------------------------------------------------------------------------------------------------------------------------------------------------------------------------------------------------------------------------------------------------------------------------------------------------------------------------------------------------------------------------------------------------------------------------------------------------------------------------------------------------------------------------------------+
; Slow Corner Signal Integrity Metrics                                                                                                                                                                                                                                                                                                                                                                                                                                                                                                                                                                                                                                                       ;
+---------------+--------------+---------------------+---------------------+------------------------------+------------------------------+---------------------+---------------------+--------------------------------------+--------------------------------------+-----------------------------+-----------------------------+----------------------------+----------------------------+-----------------------------+-----------------------------+--------------------+--------------------+-------------------------------------+-------------------------------------+----------------------------+----------------------------+---------------------------+---------------------------+
; Pin           ; I/O Standard ; Board Delay on Rise ; Board Delay on Fall ; Steady State Voh at FPGA Pin ; Steady State Vol at FPGA Pin ; Voh Max at FPGA Pin ; Vol Min at FPGA Pin ; Ringback Voltage on Rise at FPGA Pin ; Ringback Voltage on Fall at FPGA Pin ; 10-90 Rise Time at FPGA Pin ; 90-10 Fall Time at FPGA Pin ; Monotonic Rise at FPGA Pin ; Monotonic Fall at FPGA Pin ; Steady State Voh at Far-end ; Steady State Vol at Far-end ; Voh Max at Far-end ; Vol Min at Far-end ; Ringback Voltage on Rise at Far-end ; Ringback Voltage on Fall at Far-end ; 10-90 Rise Time at Far-end ; 90-10 Fall Time at Far-end ; Monotonic Rise at Far-end ; Monotonic Fall at Far-end ;
+---------------+--------------+---------------------+---------------------+------------------------------+------------------------------+---------------------+---------------------+--------------------------------------+--------------------------------------+-----------------------------+-----------------------------+----------------------------+----------------------------+-----------------------------+-----------------------------+--------------------+--------------------+-------------------------------------+-------------------------------------+----------------------------+----------------------------+---------------------------+---------------------------+
; count[0]      ; 2.5 V        ; 0 s                 ; 0 s                 ; 2.32 V                       ; 1.95e-07 V                   ; 2.34 V              ; -0.00561 V          ; 0.078 V                              ; 0.022 V                              ; 9.09e-10 s                  ; 8.84e-10 s                  ; Yes                        ; Yes                        ; 2.32 V                      ; 1.95e-07 V                  ; 2.34 V             ; -0.00561 V         ; 0.078 V                             ; 0.022 V                             ; 9.09e-10 s                 ; 8.84e-10 s                 ; Yes                       ; Yes                       ;
; count[1]      ; 2.5 V        ; 0 s                 ; 0 s                 ; 2.32 V                       ; 1.95e-07 V                   ; 2.34 V              ; -0.00616 V          ; 0.065 V                              ; 0.016 V                              ; 6.89e-10 s                  ; 6.77e-10 s                  ; Yes                        ; Yes                        ; 2.32 V                      ; 1.95e-07 V                  ; 2.34 V             ; -0.00616 V         ; 0.065 V                             ; 0.016 V                             ; 6.89e-10 s                 ; 6.77e-10 s                 ; Yes                       ; Yes                       ;
; count[2]      ; 2.5 V        ; 0 s                 ; 0 s                 ; 2.32 V                       ; 1.95e-07 V                   ; 2.34 V              ; -0.00561 V          ; 0.078 V                              ; 0.022 V                              ; 9.09e-10 s                  ; 8.84e-10 s                  ; Yes                        ; Yes                        ; 2.32 V                      ; 1.95e-07 V                  ; 2.34 V             ; -0.00561 V         ; 0.078 V                             ; 0.022 V                             ; 9.09e-10 s                 ; 8.84e-10 s                 ; Yes                       ; Yes                       ;
; count[3]      ; 2.5 V        ; 0 s                 ; 0 s                 ; 2.32 V                       ; 1.95e-07 V                   ; 2.34 V              ; -0.00616 V          ; 0.065 V                              ; 0.016 V                              ; 6.89e-10 s                  ; 6.77e-10 s                  ; Yes                        ; Yes                        ; 2.32 V                      ; 1.95e-07 V                  ; 2.34 V             ; -0.00616 V         ; 0.065 V                             ; 0.016 V                             ; 6.89e-10 s                 ; 6.77e-10 s                 ; Yes                       ; Yes                       ;
; ~ALTERA_DCLK~ ; 2.5 V        ; 0 s                 ; 0 s                 ; 2.32 V                       ; 1.53e-07 V                   ; 2.34 V              ; -0.00861 V          ; 0.106 V                              ; 0.016 V                              ; 6.53e-10 s                  ; 5.54e-10 s                  ; Yes                        ; Yes                        ; 2.32 V                      ; 1.53e-07 V                  ; 2.34 V             ; -0.00861 V         ; 0.106 V                             ; 0.016 V                             ; 6.53e-10 s                 ; 5.54e-10 s                 ; Yes                       ; Yes                       ;
; ~ALTERA_nCEO~ ; 2.5 V        ; 0 s                 ; 0 s                 ; 2.32 V                       ; 2.51e-07 V                   ; 2.34 V              ; -0.00303 V          ; 0.118 V                              ; 0.017 V                              ; 8.67e-10 s                  ; 1.08e-09 s                  ; Yes                        ; Yes                        ; 2.32 V                      ; 2.51e-07 V                  ; 2.34 V             ; -0.00303 V         ; 0.118 V                             ; 0.017 V                             ; 8.67e-10 s                 ; 1.08e-09 s                 ; Yes                       ; Yes                       ;
+---------------+--------------+---------------------+---------------------+------------------------------+------------------------------+---------------------+---------------------+--------------------------------------+--------------------------------------+-----------------------------+-----------------------------+----------------------------+----------------------------+-----------------------------+-----------------------------+--------------------+--------------------+-------------------------------------+-------------------------------------+----------------------------+----------------------------+---------------------------+---------------------------+


+--------------------------------------------------------------------------------------------------------------------------------------------------------------------------------------------------------------------------------------------------------------------------------------------------------------------------------------------------------------------------------------------------------------------------------------------------------------------------------------------------------------------------------------------------------------------------------------------------------------------------------------------------------------------------------------------+
; Fast Corner Signal Integrity Metrics                                                                                                                                                                                                                                                                                                                                                                                                                                                                                                                                                                                                                                                       ;
+---------------+--------------+---------------------+---------------------+------------------------------+------------------------------+---------------------+---------------------+--------------------------------------+--------------------------------------+-----------------------------+-----------------------------+----------------------------+----------------------------+-----------------------------+-----------------------------+--------------------+--------------------+-------------------------------------+-------------------------------------+----------------------------+----------------------------+---------------------------+---------------------------+
; Pin           ; I/O Standard ; Board Delay on Rise ; Board Delay on Fall ; Steady State Voh at FPGA Pin ; Steady State Vol at FPGA Pin ; Voh Max at FPGA Pin ; Vol Min at FPGA Pin ; Ringback Voltage on Rise at FPGA Pin ; Ringback Voltage on Fall at FPGA Pin ; 10-90 Rise Time at FPGA Pin ; 90-10 Fall Time at FPGA Pin ; Monotonic Rise at FPGA Pin ; Monotonic Fall at FPGA Pin ; Steady State Voh at Far-end ; Steady State Vol at Far-end ; Voh Max at Far-end ; Vol Min at Far-end ; Ringback Voltage on Rise at Far-end ; Ringback Voltage on Fall at Far-end ; 10-90 Rise Time at Far-end ; 90-10 Fall Time at Far-end ; Monotonic Rise at Far-end ; Monotonic Fall at Far-end ;
+---------------+--------------+---------------------+---------------------+------------------------------+------------------------------+---------------------+---------------------+--------------------------------------+--------------------------------------+-----------------------------+-----------------------------+----------------------------+----------------------------+-----------------------------+-----------------------------+--------------------+--------------------+-------------------------------------+-------------------------------------+----------------------------+----------------------------+---------------------------+---------------------------+
; count[0]      ; 2.5 V        ; 0 s                 ; 0 s                 ; 2.62 V                       ; 2.78e-08 V                   ; 2.71 V              ; -0.0349 V           ; 0.253 V                              ; 0.069 V                              ; 4.96e-10 s                  ; 5.19e-10 s                  ; No                         ; Yes                        ; 2.62 V                      ; 2.78e-08 V                  ; 2.71 V             ; -0.0349 V          ; 0.253 V                             ; 0.069 V                             ; 4.96e-10 s                 ; 5.19e-10 s                 ; No                        ; Yes                       ;
; count[1]      ; 2.5 V        ; 0 s                 ; 0 s                 ; 2.62 V                       ; 2.78e-08 V                   ; 2.72 V              ; -0.0408 V           ; 0.163 V                              ; 0.075 V                              ; 4.51e-10 s                  ; 4.33e-10 s                  ; No                         ; Yes                        ; 2.62 V                      ; 2.78e-08 V                  ; 2.72 V             ; -0.0408 V          ; 0.163 V                             ; 0.075 V                             ; 4.51e-10 s                 ; 4.33e-10 s                 ; No                        ; Yes                       ;
; count[2]      ; 2.5 V        ; 0 s                 ; 0 s                 ; 2.62 V                       ; 2.78e-08 V                   ; 2.71 V              ; -0.0349 V           ; 0.253 V                              ; 0.069 V                              ; 4.96e-10 s                  ; 5.19e-10 s                  ; No                         ; Yes                        ; 2.62 V                      ; 2.78e-08 V                  ; 2.71 V             ; -0.0349 V          ; 0.253 V                             ; 0.069 V                             ; 4.96e-10 s                 ; 5.19e-10 s                 ; No                        ; Yes                       ;
; count[3]      ; 2.5 V        ; 0 s                 ; 0 s                 ; 2.62 V                       ; 2.78e-08 V                   ; 2.72 V              ; -0.0408 V           ; 0.163 V                              ; 0.075 V                              ; 4.51e-10 s                  ; 4.33e-10 s                  ; No                         ; Yes                        ; 2.62 V                      ; 2.78e-08 V                  ; 2.72 V             ; -0.0408 V          ; 0.163 V                             ; 0.075 V                             ; 4.51e-10 s                 ; 4.33e-10 s                 ; No                        ; Yes                       ;
; ~ALTERA_DCLK~ ; 2.5 V        ; 0 s                 ; 0 s                 ; 2.62 V                       ; 2.22e-08 V                   ; 2.72 V              ; -0.0747 V           ; 0.28 V                               ; 0.169 V                              ; 3.1e-10 s                   ; 3.01e-10 s                  ; No                         ; Yes                        ; 2.62 V                      ; 2.22e-08 V                  ; 2.72 V             ; -0.0747 V          ; 0.28 V                              ; 0.169 V                             ; 3.1e-10 s                  ; 3.01e-10 s                 ; No                        ; Yes                       ;
; ~ALTERA_nCEO~ ; 2.5 V        ; 0 s                 ; 0 s                 ; 2.62 V                       ; 3.53e-08 V                   ; 2.7 V               ; -0.0212 V           ; 0.204 V                              ; 0.049 V                              ; 4.85e-10 s                  ; 6.73e-10 s                  ; No                         ; Yes                        ; 2.62 V                      ; 3.53e-08 V                  ; 2.7 V              ; -0.0212 V          ; 0.204 V                             ; 0.049 V                             ; 4.85e-10 s                 ; 6.73e-10 s                 ; No                        ; Yes                       ;
+---------------+--------------+---------------------+---------------------+------------------------------+------------------------------+---------------------+---------------------+--------------------------------------+--------------------------------------+-----------------------------+-----------------------------+----------------------------+----------------------------+-----------------------------+-----------------------------+--------------------+--------------------+-------------------------------------+-------------------------------------+----------------------------+----------------------------+---------------------------+---------------------------+


+-------------------------------------------------------------------+
; Setup Transfers                                                   ;
+------------+----------+----------+----------+----------+----------+
; From Clock ; To Clock ; RR Paths ; FR Paths ; RF Paths ; FF Paths ;
+------------+----------+----------+----------+----------+----------+
; clock      ; clock    ; 18       ; 0        ; 0        ; 0        ;
+------------+----------+----------+----------+----------+----------+
Entries labeled "false path" only account for clock-to-clock false paths and not path-based false paths. As a result, actual path counts may be lower than reported.


+-------------------------------------------------------------------+
; Hold Transfers                                                    ;
+------------+----------+----------+----------+----------+----------+
; From Clock ; To Clock ; RR Paths ; FR Paths ; RF Paths ; FF Paths ;
+------------+----------+----------+----------+----------+----------+
; clock      ; clock    ; 18       ; 0        ; 0        ; 0        ;
+------------+----------+----------+----------+----------+----------+
Entries labeled "false path" only account for clock-to-clock false paths and not path-based false paths. As a result, actual path counts may be lower than reported.


---------------
; Report TCCS ;
---------------
No dedicated SERDES Transmitter circuitry present in device or used in design


---------------
; Report RSKM ;
---------------
No dedicated SERDES Receiver circuitry present in device or used in design


+------------------------------------------------+
; Unconstrained Paths                            ;
+---------------------------------+-------+------+
; Property                        ; Setup ; Hold ;
+---------------------------------+-------+------+
; Illegal Clocks                  ; 0     ; 0    ;
; Unconstrained Clocks            ; 0     ; 0    ;
; Unconstrained Input Ports       ; 3     ; 3    ;
; Unconstrained Input Port Paths  ; 10    ; 10   ;
; Unconstrained Output Ports      ; 4     ; 4    ;
; Unconstrained Output Port Paths ; 4     ; 4    ;
+---------------------------------+-------+------+


+------------------------------------+
; TimeQuest Timing Analyzer Messages ;
+------------------------------------+
Info: *******************************************************************
Info: Running Quartus II 64-Bit TimeQuest Timing Analyzer
    Info: Version 13.0.1 Build 232 06/12/2013 Service Pack 1 SJ Full Version
    Info: Processing started: Fri Nov 27 11:52:13 2015
Info: Command: quartus_sta Ex4 -c Ex4
Info: qsta_default_script.tcl version: #1
Info (11104): Parallel Compilation has detected 8 hyper-threaded processors. However, the extra hyper-threaded processors will not be used by default. Parallel Compilation will use 4 of the 4 physical processors detected instead.
Info (21077): Low junction temperature is 0 degrees C
Info (21077): High junction temperature is 85 degrees C
Info (332104): Reading SDC File: 'Ex4.sdc'
Warning (332174): Ignored filter at Ex4.sdc(26): CLOCK_50 could not be matched with a port
Warning (332049): Ignored create_clock at Ex4.sdc(26): Argument <targets> is an empty collection
    Info (332050): create_clock -name "CLOCK_50" -period 20.000ns [get_ports {CLOCK_50}]
Info (332151): Clock uncertainty is not calculated until you update the timing netlist.
Info (332142): No user constrained base clocks found in the design. Calling "derive_clocks -period 1.0"
Info (332105): Deriving Clocks
    Info (332105): create_clock -period 1.000 -name clock clock
Info (332123): Deriving Clock Uncertainty. Please refer to report_sdc in TimeQuest to see clock uncertainties.
Info: Found TIMEQUEST_REPORT_SCRIPT_INCLUDE_DEFAULT_ANALYSIS = ON
Info: Analyzing Slow 1200mV 85C Model
Critical Warning (332148): Timing requirements not met
    Info (11105): For recommendations on closing timing, run Report Timing Closure Recommendations in the TimeQuest Timing Analyzer.
Info (332146): Worst-case setup slack is -0.893
    Info (332119):     Slack End Point TNS Clock 
    Info (332119): ========= ============= =====================
    Info (332119):    -0.893        -2.100 clock 
Info (332146): Worst-case hold slack is 0.454
    Info (332119):     Slack End Point TNS Clock 
    Info (332119): ========= ============= =====================
    Info (332119):     0.454         0.000 clock 
Info (332140): No Recovery paths to report
Info (332140): No Removal paths to report
Info (332146): Worst-case minimum pulse width slack is -3.000
    Info (332119):     Slack End Point TNS Clock 
    Info (332119): ========= ============= =====================
    Info (332119):    -3.000        -8.948 clock 
Info: Analyzing Slow 1200mV 0C Model
Info (334003): Started post-fitting delay annotation
Info (334004): Delay annotation completed successfully
Info (332123): Deriving Clock Uncertainty. Please refer to report_sdc in TimeQuest to see clock uncertainties.
Critical Warning (332148): Timing requirements not met
    Info (11105): For recommendations on closing timing, run Report Timing Closure Recommendations in the TimeQuest Timing Analyzer.
Info (332146): Worst-case setup slack is -0.703
    Info (332119):     Slack End Point TNS Clock 
    Info (332119): ========= ============= =====================
    Info (332119):    -0.703        -1.588 clock 
Info (332146): Worst-case hold slack is 0.403
    Info (332119):     Slack End Point TNS Clock 
    Info (332119): ========= ============= =====================
    Info (332119):     0.403         0.000 clock 
Info (332140): No Recovery paths to report
Info (332140): No Removal paths to report
Info (332146): Worst-case minimum pulse width slack is -3.000
    Info (332119):     Slack End Point TNS Clock 
    Info (332119): ========= ============= =====================
    Info (332119):    -3.000        -8.948 clock 
Info: Analyzing Fast 1200mV 0C Model
Info (332123): Deriving Clock Uncertainty. Please refer to report_sdc in TimeQuest to see clock uncertainties.
Info (332146): Worst-case setup slack is 0.176
    Info (332119):     Slack End Point TNS Clock 
    Info (332119): ========= ============= =====================
    Info (332119):     0.176         0.000 clock 
Info (332146): Worst-case hold slack is 0.188
    Info (332119):     Slack End Point TNS Clock 
    Info (332119): ========= ============= =====================
    Info (332119):     0.188         0.000 clock 
Info (332140): No Recovery paths to report
Info (332140): No Removal paths to report
Critical Warning (332148): Timing requirements not met
    Info (11105): For recommendations on closing timing, run Report Timing Closure Recommendations in the TimeQuest Timing Analyzer.
Info (332146): Worst-case minimum pulse width slack is -3.000
    Info (332119):     Slack End Point TNS Clock 
    Info (332119): ========= ============= =====================
    Info (332119):    -3.000        -7.220 clock 
Info (332102): Design is not fully constrained for setup requirements
Info (332102): Design is not fully constrained for hold requirements
Info: Quartus II 64-Bit TimeQuest Timing Analyzer was successful. 0 errors, 5 warnings
    Info: Peak virtual memory: 481 megabytes
    Info: Processing ended: Fri Nov 27 11:52:16 2015
    Info: Elapsed time: 00:00:03
    Info: Total CPU time (on all processors): 00:00:02


