Analysis & Synthesis report for Ex13
Thu Dec 17 18:06:16 2015
Quartus II 64-Bit Version 13.0.1 Build 232 06/12/2013 Service Pack 1 SJ Full Version


---------------------
; Table of Contents ;
---------------------
  1. Legal Notice
  2. Analysis & Synthesis Summary
  3. Analysis & Synthesis Settings
  4. Parallel Compilation
  5. Analysis & Synthesis Source Files Read
  6. Analysis & Synthesis Resource Usage Summary
  7. Analysis & Synthesis Resource Utilization by Entity
  8. Analysis & Synthesis RAM Summary
  9. Analysis & Synthesis IP Cores Summary
 10. State Machine - |top|processor:ECHO_SYNT|pulse_gen:pulse_gen_echo|state
 11. State Machine - |top|spi2adc:SPI_ADC|sr_state
 12. State Machine - |top|spi2dac:SPI_DAC|sr_state
 13. State Machine - |top|pulse_gen:PULSE|state
 14. Registers Removed During Synthesis
 15. Removed Registers Triggering Further Register Optimizations
 16. General Register Statistics
 17. Inverted Register Statistics
 18. Source assignments for processor:ECHO_SYNT|FIFO:fifo_top|scfifo:scfifo_component|scfifo_gj21:auto_generated|a_dpfifo_np21:dpfifo|dpram_7711:FIFOram|altsyncram_t4k1:altsyncram1
 19. Parameter Settings for User Entity Instance: clk_div:GEN_10K
 20. Parameter Settings for User Entity Instance: pulse_gen:PULSE
 21. Parameter Settings for User Entity Instance: spi2dac:SPI_DAC
 22. Parameter Settings for User Entity Instance: spi2adc:SPI_ADC
 23. Parameter Settings for User Entity Instance: processor:ECHO_SYNT
 24. Parameter Settings for User Entity Instance: processor:ECHO_SYNT|pulse_gen:pulse_gen_echo
 25. Parameter Settings for User Entity Instance: processor:ECHO_SYNT|FIFO:fifo_top|scfifo:scfifo_component
 26. scfifo Parameter Settings by Entity Instance
 27. Port Connectivity Checks: "hex_to_7seg:SEG2"
 28. Port Connectivity Checks: "processor:ECHO_SYNT|FIFO:fifo_top"
 29. Port Connectivity Checks: "clk_div:GEN_10K"
 30. Elapsed Time Per Partition
 31. Analysis & Synthesis Messages



----------------
; Legal Notice ;
----------------
Copyright (C) 1991-2013 Altera Corporation
Your use of Altera Corporation's design tools, logic functions 
and other software and tools, and its AMPP partner logic 
functions, and any output files from any of the foregoing 
(including device programming or simulation files), and any 
associated documentation or information are expressly subject 
to the terms and conditions of the Altera Program License 
Subscription Agreement, Altera MegaCore Function License 
Agreement, or other applicable license agreement, including, 
without limitation, that your use is for the sole purpose of 
programming logic devices manufactured by Altera and sold by 
Altera or its authorized distributors.  Please refer to the 
applicable agreement for further details.



+---------------------------------------------------------------------------------------+
; Analysis & Synthesis Summary                                                          ;
+------------------------------------+--------------------------------------------------+
; Analysis & Synthesis Status        ; Successful - Thu Dec 17 18:06:16 2015            ;
; Quartus II 64-Bit Version          ; 13.0.1 Build 232 06/12/2013 SP 1 SJ Full Version ;
; Revision Name                      ; Ex13                                             ;
; Top-level Entity Name              ; top                                              ;
; Family                             ; Cyclone III                                      ;
; Total logic elements               ; 209                                              ;
;     Total combinational functions  ; 187                                              ;
;     Dedicated logic registers      ; 142                                              ;
; Total registers                    ; 142                                              ;
; Total pins                         ; 39                                               ;
; Total virtual pins                 ; 0                                                ;
; Total memory bits                  ; 65,536                                           ;
; Embedded Multiplier 9-bit elements ; 0                                                ;
; Total PLLs                         ; 0                                                ;
+------------------------------------+--------------------------------------------------+


+----------------------------------------------------------------------------------------------------------------------+
; Analysis & Synthesis Settings                                                                                        ;
+----------------------------------------------------------------------------+--------------------+--------------------+
; Option                                                                     ; Setting            ; Default Value      ;
+----------------------------------------------------------------------------+--------------------+--------------------+
; Device                                                                     ; EP3C16F484C6       ;                    ;
; Top-level entity name                                                      ; top                ; Ex13               ;
; Family name                                                                ; Cyclone III        ; Cyclone IV GX      ;
; Use smart compilation                                                      ; Off                ; Off                ;
; Enable parallel Assembler and TimeQuest Timing Analyzer during compilation ; On                 ; On                 ;
; Enable compact report table                                                ; Off                ; Off                ;
; Restructure Multiplexers                                                   ; Auto               ; Auto               ;
; Create Debugging Nodes for IP Cores                                        ; Off                ; Off                ;
; Preserve fewer node names                                                  ; On                 ; On                 ;
; Disable OpenCore Plus hardware evaluation                                  ; Off                ; Off                ;
; Verilog Version                                                            ; Verilog_2001       ; Verilog_2001       ;
; VHDL Version                                                               ; VHDL_1993          ; VHDL_1993          ;
; State Machine Processing                                                   ; Auto               ; Auto               ;
; Safe State Machine                                                         ; Off                ; Off                ;
; Extract Verilog State Machines                                             ; On                 ; On                 ;
; Extract VHDL State Machines                                                ; On                 ; On                 ;
; Ignore Verilog initial constructs                                          ; Off                ; Off                ;
; Iteration limit for constant Verilog loops                                 ; 5000               ; 5000               ;
; Iteration limit for non-constant Verilog loops                             ; 250                ; 250                ;
; Add Pass-Through Logic to Inferred RAMs                                    ; On                 ; On                 ;
; Infer RAMs from Raw Logic                                                  ; On                 ; On                 ;
; Parallel Synthesis                                                         ; On                 ; On                 ;
; DSP Block Balancing                                                        ; Auto               ; Auto               ;
; NOT Gate Push-Back                                                         ; On                 ; On                 ;
; Power-Up Don't Care                                                        ; On                 ; On                 ;
; Remove Redundant Logic Cells                                               ; Off                ; Off                ;
; Remove Duplicate Registers                                                 ; On                 ; On                 ;
; Ignore CARRY Buffers                                                       ; Off                ; Off                ;
; Ignore CASCADE Buffers                                                     ; Off                ; Off                ;
; Ignore GLOBAL Buffers                                                      ; Off                ; Off                ;
; Ignore ROW GLOBAL Buffers                                                  ; Off                ; Off                ;
; Ignore LCELL Buffers                                                       ; Off                ; Off                ;
; Ignore SOFT Buffers                                                        ; On                 ; On                 ;
; Limit AHDL Integers to 32 Bits                                             ; Off                ; Off                ;
; Optimization Technique                                                     ; Balanced           ; Balanced           ;
; Carry Chain Length                                                         ; 70                 ; 70                 ;
; Auto Carry Chains                                                          ; On                 ; On                 ;
; Auto Open-Drain Pins                                                       ; On                 ; On                 ;
; Perform WYSIWYG Primitive Resynthesis                                      ; Off                ; Off                ;
; Auto ROM Replacement                                                       ; On                 ; On                 ;
; Auto RAM Replacement                                                       ; On                 ; On                 ;
; Auto DSP Block Replacement                                                 ; On                 ; On                 ;
; Auto Shift Register Replacement                                            ; Auto               ; Auto               ;
; Allow Shift Register Merging across Hierarchies                            ; Auto               ; Auto               ;
; Auto Clock Enable Replacement                                              ; On                 ; On                 ;
; Strict RAM Replacement                                                     ; Off                ; Off                ;
; Allow Synchronous Control Signals                                          ; On                 ; On                 ;
; Force Use of Synchronous Clear Signals                                     ; Off                ; Off                ;
; Auto RAM Block Balancing                                                   ; On                 ; On                 ;
; Auto RAM to Logic Cell Conversion                                          ; Off                ; Off                ;
; Auto Resource Sharing                                                      ; Off                ; Off                ;
; Allow Any RAM Size For Recognition                                         ; Off                ; Off                ;
; Allow Any ROM Size For Recognition                                         ; Off                ; Off                ;
; Allow Any Shift Register Size For Recognition                              ; Off                ; Off                ;
; Use LogicLock Constraints during Resource Balancing                        ; On                 ; On                 ;
; Ignore translate_off and synthesis_off directives                          ; Off                ; Off                ;
; Timing-Driven Synthesis                                                    ; On                 ; On                 ;
; Report Parameter Settings                                                  ; On                 ; On                 ;
; Report Source Assignments                                                  ; On                 ; On                 ;
; Report Connectivity Checks                                                 ; On                 ; On                 ;
; Ignore Maximum Fan-Out Assignments                                         ; Off                ; Off                ;
; Synchronization Register Chain Length                                      ; 2                  ; 2                  ;
; PowerPlay Power Optimization                                               ; Normal compilation ; Normal compilation ;
; HDL message level                                                          ; Level2             ; Level2             ;
; Suppress Register Optimization Related Messages                            ; Off                ; Off                ;
; Number of Removed Registers Reported in Synthesis Report                   ; 5000               ; 5000               ;
; Number of Swept Nodes Reported in Synthesis Report                         ; 5000               ; 5000               ;
; Number of Inverted Registers Reported in Synthesis Report                  ; 100                ; 100                ;
; Clock MUX Protection                                                       ; On                 ; On                 ;
; Auto Gated Clock Conversion                                                ; Off                ; Off                ;
; Block Design Naming                                                        ; Auto               ; Auto               ;
; SDC constraint protection                                                  ; Off                ; Off                ;
; Synthesis Effort                                                           ; Auto               ; Auto               ;
; Shift Register Replacement - Allow Asynchronous Clear Signal               ; On                 ; On                 ;
; Pre-Mapping Resynthesis Optimization                                       ; Off                ; Off                ;
; Analysis & Synthesis Message Level                                         ; Medium             ; Medium             ;
; Disable Register Merging Across Hierarchies                                ; Auto               ; Auto               ;
; Resource Aware Inference For Block RAM                                     ; On                 ; On                 ;
; Synthesis Seed                                                             ; 1                  ; 1                  ;
+----------------------------------------------------------------------------+--------------------+--------------------+


+------------------------------------------+
; Parallel Compilation                     ;
+----------------------------+-------------+
; Processors                 ; Number      ;
+----------------------------+-------------+
; Number detected on machine ; 8           ;
; Maximum allowed            ; 4           ;
;                            ;             ;
; Average used               ; 1.00        ;
; Maximum used               ; 1           ;
;                            ;             ;
; Usage by Processor         ; % Time Used ;
;     Processor 1            ; 100.0%      ;
;     Processors 2-8         ;   0.0%      ;
+----------------------------+-------------+


+----------------------------------------------------------------------------------------------------------------------------------------------------------------+
; Analysis & Synthesis Source Files Read                                                                                                                         ;
+----------------------------------+-----------------+------------------------------+------------------------------------------------------------------+---------+
; File Name with User-Entered Path ; Used in Netlist ; File Type                    ; File Name with Absolute Path                                     ; Library ;
+----------------------------------+-----------------+------------------------------+------------------------------------------------------------------+---------+
; FIFO.v                           ; yes             ; User Wizard-Generated File   ; H:/VERI/Ex13/FIFO.v                                              ;         ;
; top.v                            ; yes             ; User Verilog HDL File        ; H:/VERI/Ex13/top.v                                               ;         ;
; spi2dac.v                        ; yes             ; User Verilog HDL File        ; H:/VERI/Ex13/spi2dac.v                                           ;         ;
; spi2adc.v                        ; yes             ; User Verilog HDL File        ; H:/VERI/Ex13/spi2adc.v                                           ;         ;
; pulse_gen.v                      ; yes             ; User Verilog HDL File        ; H:/VERI/Ex13/pulse_gen.v                                         ;         ;
; hex_to_7seg.v                    ; yes             ; User Verilog HDL File        ; H:/VERI/Ex13/hex_to_7seg.v                                       ;         ;
; clk_div.v                        ; yes             ; User Verilog HDL File        ; H:/VERI/Ex13/clk_div.v                                           ;         ;
; echo_mult.v                      ; yes             ; User Verilog HDL File        ; H:/VERI/Ex13/echo_mult.v                                         ;         ;
; scfifo.tdf                       ; yes             ; Megafunction                 ; c:/altera/13.0sp1/quartus/libraries/megafunctions/scfifo.tdf     ;         ;
; a_regfifo.inc                    ; yes             ; Megafunction                 ; c:/altera/13.0sp1/quartus/libraries/megafunctions/a_regfifo.inc  ;         ;
; a_dpfifo.inc                     ; yes             ; Megafunction                 ; c:/altera/13.0sp1/quartus/libraries/megafunctions/a_dpfifo.inc   ;         ;
; a_i2fifo.inc                     ; yes             ; Megafunction                 ; c:/altera/13.0sp1/quartus/libraries/megafunctions/a_i2fifo.inc   ;         ;
; a_fffifo.inc                     ; yes             ; Megafunction                 ; c:/altera/13.0sp1/quartus/libraries/megafunctions/a_fffifo.inc   ;         ;
; a_f2fifo.inc                     ; yes             ; Megafunction                 ; c:/altera/13.0sp1/quartus/libraries/megafunctions/a_f2fifo.inc   ;         ;
; aglobal130.inc                   ; yes             ; Megafunction                 ; c:/altera/13.0sp1/quartus/libraries/megafunctions/aglobal130.inc ;         ;
; db/scfifo_gj21.tdf               ; yes             ; Auto-Generated Megafunction  ; H:/VERI/Ex13/db/scfifo_gj21.tdf                                  ;         ;
; db/a_dpfifo_np21.tdf             ; yes             ; Auto-Generated Megafunction  ; H:/VERI/Ex13/db/a_dpfifo_np21.tdf                                ;         ;
; db/a_fefifo_4be.tdf              ; yes             ; Auto-Generated Megafunction  ; H:/VERI/Ex13/db/a_fefifo_4be.tdf                                 ;         ;
; db/cntr_io7.tdf                  ; yes             ; Auto-Generated Megafunction  ; H:/VERI/Ex13/db/cntr_io7.tdf                                     ;         ;
; db/dpram_7711.tdf                ; yes             ; Auto-Generated Megafunction  ; H:/VERI/Ex13/db/dpram_7711.tdf                                   ;         ;
; db/altsyncram_t4k1.tdf           ; yes             ; Auto-Generated Megafunction  ; H:/VERI/Ex13/db/altsyncram_t4k1.tdf                              ;         ;
; db/cntr_6ob.tdf                  ; yes             ; Auto-Generated Megafunction  ; H:/VERI/Ex13/db/cntr_6ob.tdf                                     ;         ;
+----------------------------------+-----------------+------------------------------+------------------------------------------------------------------+---------+


+--------------------------------------------------------------+
; Analysis & Synthesis Resource Usage Summary                  ;
+---------------------------------------------+----------------+
; Resource                                    ; Usage          ;
+---------------------------------------------+----------------+
; Estimated Total logic elements              ; 209            ;
;                                             ;                ;
; Total combinational functions               ; 187            ;
; Logic element usage by number of LUT inputs ;                ;
;     -- 4 input functions                    ; 66             ;
;     -- 3 input functions                    ; 36             ;
;     -- <=2 input functions                  ; 85             ;
;                                             ;                ;
; Logic elements by mode                      ;                ;
;     -- normal mode                          ; 108            ;
;     -- arithmetic mode                      ; 79             ;
;                                             ;                ;
; Total registers                             ; 142            ;
;     -- Dedicated logic registers            ; 142            ;
;     -- I/O registers                        ; 0              ;
;                                             ;                ;
; I/O pins                                    ; 39             ;
; Total memory bits                           ; 65536          ;
; Embedded Multiplier 9-bit elements          ; 0              ;
; Maximum fan-out node                        ; CLOCK_50~input ;
; Maximum fan-out                             ; 100            ;
; Total fan-out                               ; 1185           ;
; Average fan-out                             ; 2.86           ;
+---------------------------------------------+----------------+


+-----------------------------------------------------------------------------------------------------------------------------------------------------------------------------------------------------------------------------------------------------------------------------------------------------------------------------------------------+
; Analysis & Synthesis Resource Utilization by Entity                                                                                                                                                                                                                                                                                           ;
+----------------------------------------------------+-------------------+--------------+-------------+--------------+---------+-----------+------+--------------+---------------------------------------------------------------------------------------------------------------------------------------------------------------+--------------+
; Compilation Hierarchy Node                         ; LC Combinationals ; LC Registers ; Memory Bits ; DSP Elements ; DSP 9x9 ; DSP 18x18 ; Pins ; Virtual Pins ; Full Hierarchy Name                                                                                                                                           ; Library Name ;
+----------------------------------------------------+-------------------+--------------+-------------+--------------+---------+-----------+------+--------------+---------------------------------------------------------------------------------------------------------------------------------------------------------------+--------------+
; |top                                               ; 187 (1)           ; 142 (0)      ; 65536       ; 0            ; 0       ; 0         ; 39   ; 0            ; |top                                                                                                                                                          ; work         ;
;    |clk_div:GEN_10K|                               ; 43 (43)           ; 22 (22)      ; 0           ; 0            ; 0       ; 0         ; 0    ; 0            ; |top|clk_div:GEN_10K                                                                                                                                          ; work         ;
;    |hex_to_7seg:SEG0|                              ; 7 (7)             ; 0 (0)        ; 0           ; 0            ; 0       ; 0         ; 0    ; 0            ; |top|hex_to_7seg:SEG0                                                                                                                                         ; work         ;
;    |hex_to_7seg:SEG1|                              ; 7 (7)             ; 0 (0)        ; 0           ; 0            ; 0       ; 0         ; 0    ; 0            ; |top|hex_to_7seg:SEG1                                                                                                                                         ; work         ;
;    |hex_to_7seg:SEG2|                              ; 3 (3)             ; 0 (0)        ; 0           ; 0            ; 0       ; 0         ; 0    ; 0            ; |top|hex_to_7seg:SEG2                                                                                                                                         ; work         ;
;    |processor:ECHO_SYNT|                           ; 63 (15)           ; 53 (11)      ; 65536       ; 0            ; 0       ; 0         ; 0    ; 0            ; |top|processor:ECHO_SYNT                                                                                                                                      ; work         ;
;       |FIFO:fifo_top|                              ; 46 (0)            ; 40 (0)       ; 65536       ; 0            ; 0       ; 0         ; 0    ; 0            ; |top|processor:ECHO_SYNT|FIFO:fifo_top                                                                                                                        ; work         ;
;          |scfifo:scfifo_component|                 ; 46 (0)            ; 40 (0)       ; 65536       ; 0            ; 0       ; 0         ; 0    ; 0            ; |top|processor:ECHO_SYNT|FIFO:fifo_top|scfifo:scfifo_component                                                                                                ; work         ;
;             |scfifo_gj21:auto_generated|           ; 46 (0)            ; 40 (0)       ; 65536       ; 0            ; 0       ; 0         ; 0    ; 0            ; |top|processor:ECHO_SYNT|FIFO:fifo_top|scfifo:scfifo_component|scfifo_gj21:auto_generated                                                                     ; work         ;
;                |a_dpfifo_np21:dpfifo|              ; 46 (1)            ; 40 (0)       ; 65536       ; 0            ; 0       ; 0         ; 0    ; 0            ; |top|processor:ECHO_SYNT|FIFO:fifo_top|scfifo:scfifo_component|scfifo_gj21:auto_generated|a_dpfifo_np21:dpfifo                                                ; work         ;
;                   |a_fefifo_4be:fifo_state|        ; 19 (6)            ; 14 (1)       ; 0           ; 0            ; 0       ; 0         ; 0    ; 0            ; |top|processor:ECHO_SYNT|FIFO:fifo_top|scfifo:scfifo_component|scfifo_gj21:auto_generated|a_dpfifo_np21:dpfifo|a_fefifo_4be:fifo_state                        ; work         ;
;                      |cntr_io7:count_usedw|        ; 13 (13)           ; 13 (13)      ; 0           ; 0            ; 0       ; 0         ; 0    ; 0            ; |top|processor:ECHO_SYNT|FIFO:fifo_top|scfifo:scfifo_component|scfifo_gj21:auto_generated|a_dpfifo_np21:dpfifo|a_fefifo_4be:fifo_state|cntr_io7:count_usedw   ; work         ;
;                   |cntr_6ob:rd_ptr_count|          ; 13 (13)           ; 13 (13)      ; 0           ; 0            ; 0       ; 0         ; 0    ; 0            ; |top|processor:ECHO_SYNT|FIFO:fifo_top|scfifo:scfifo_component|scfifo_gj21:auto_generated|a_dpfifo_np21:dpfifo|cntr_6ob:rd_ptr_count                          ; work         ;
;                   |cntr_6ob:wr_ptr|                ; 13 (13)           ; 13 (13)      ; 0           ; 0            ; 0       ; 0         ; 0    ; 0            ; |top|processor:ECHO_SYNT|FIFO:fifo_top|scfifo:scfifo_component|scfifo_gj21:auto_generated|a_dpfifo_np21:dpfifo|cntr_6ob:wr_ptr                                ; work         ;
;                   |dpram_7711:FIFOram|             ; 0 (0)             ; 0 (0)        ; 65536       ; 0            ; 0       ; 0         ; 0    ; 0            ; |top|processor:ECHO_SYNT|FIFO:fifo_top|scfifo:scfifo_component|scfifo_gj21:auto_generated|a_dpfifo_np21:dpfifo|dpram_7711:FIFOram                             ; work         ;
;                      |altsyncram_t4k1:altsyncram1| ; 0 (0)             ; 0 (0)        ; 65536       ; 0            ; 0       ; 0         ; 0    ; 0            ; |top|processor:ECHO_SYNT|FIFO:fifo_top|scfifo:scfifo_component|scfifo_gj21:auto_generated|a_dpfifo_np21:dpfifo|dpram_7711:FIFOram|altsyncram_t4k1:altsyncram1 ; work         ;
;       |pulse_gen:pulse_gen_echo|                   ; 2 (2)             ; 2 (2)        ; 0           ; 0            ; 0       ; 0         ; 0    ; 0            ; |top|processor:ECHO_SYNT|pulse_gen:pulse_gen_echo                                                                                                             ; work         ;
;    |pulse_gen:PULSE|                               ; 1 (1)             ; 2 (2)        ; 0           ; 0            ; 0       ; 0         ; 0    ; 0            ; |top|pulse_gen:PULSE                                                                                                                                          ; work         ;
;    |spi2adc:SPI_ADC|                               ; 31 (31)           ; 39 (39)      ; 0           ; 0            ; 0       ; 0         ; 0    ; 0            ; |top|spi2adc:SPI_ADC                                                                                                                                          ; work         ;
;    |spi2dac:SPI_DAC|                               ; 31 (31)           ; 26 (26)      ; 0           ; 0            ; 0       ; 0         ; 0    ; 0            ; |top|spi2dac:SPI_DAC                                                                                                                                          ; work         ;
+----------------------------------------------------+-------------------+--------------+-------------+--------------+---------+-----------+------+--------------+---------------------------------------------------------------------------------------------------------------------------------------------------------------+--------------+
Note: For table entries with two numbers listed, the numbers in parentheses indicate the number of resources of the given type used by the specific entity alone. The numbers listed outside of parentheses indicate the total resources of the given type used by the specific entity and all of its sub-entities in the hierarchy.


+--------------------------------------------------------------------------------------------------------------------------------------------------------------------------------------------------------------------------------------------------------------------------+
; Analysis & Synthesis RAM Summary                                                                                                                                                                                                                                         ;
+---------------------------------------------------------------------------------------------------------------------------------------------------------------------+------+------------------+--------------+--------------+--------------+--------------+-------+------+
; Name                                                                                                                                                                ; Type ; Mode             ; Port A Depth ; Port A Width ; Port B Depth ; Port B Width ; Size  ; MIF  ;
+---------------------------------------------------------------------------------------------------------------------------------------------------------------------+------+------------------+--------------+--------------+--------------+--------------+-------+------+
; processor:ECHO_SYNT|FIFO:fifo_top|scfifo:scfifo_component|scfifo_gj21:auto_generated|a_dpfifo_np21:dpfifo|dpram_7711:FIFOram|altsyncram_t4k1:altsyncram1|ALTSYNCRAM ; AUTO ; Simple Dual Port ; 8192         ; 10           ; 8192         ; 10           ; 81920 ; None ;
+---------------------------------------------------------------------------------------------------------------------------------------------------------------------+------+------------------+--------------+--------------+--------------+--------------+-------+------+


+------------------------------------------------------------------------------------------------------------------------------+
; Analysis & Synthesis IP Cores Summary                                                                                        ;
+--------+--------------+---------+--------------+--------------+----------------------------------------+---------------------+
; Vendor ; IP Core Name ; Version ; Release Date ; License Type ; Entity Instance                        ; IP Include File     ;
+--------+--------------+---------+--------------+--------------+----------------------------------------+---------------------+
; Altera ; FIFO         ; 13.0    ; N/A          ; N/A          ; |top|processor:ECHO_SYNT|FIFO:fifo_top ; H:/VERI/Ex13/FIFO.v ;
+--------+--------------+---------+--------------+--------------+----------------------------------------+---------------------+


Encoding Type:  One-Hot
+-------------------------------------------------------------------------+
; State Machine - |top|processor:ECHO_SYNT|pulse_gen:pulse_gen_echo|state ;
+----------------+------------+----------------+--------------------------+
; Name           ; state.IDLE ; state.WAIT_LOW ; state.IN_HIGH            ;
+----------------+------------+----------------+--------------------------+
; state.IDLE     ; 0          ; 0              ; 0                        ;
; state.IN_HIGH  ; 1          ; 0              ; 1                        ;
; state.WAIT_LOW ; 1          ; 1              ; 0                        ;
+----------------+------------+----------------+--------------------------+


Encoding Type:  One-Hot
+------------------------------------------------------------------------------------------+
; State Machine - |top|spi2adc:SPI_ADC|sr_state                                            ;
+------------------------+---------------+------------------------+------------------------+
; Name                   ; sr_state.IDLE ; sr_state.WAIT_CSB_HIGH ; sr_state.WAIT_CSB_FALL ;
+------------------------+---------------+------------------------+------------------------+
; sr_state.IDLE          ; 0             ; 0                      ; 0                      ;
; sr_state.WAIT_CSB_FALL ; 1             ; 0                      ; 1                      ;
; sr_state.WAIT_CSB_HIGH ; 1             ; 1                      ; 0                      ;
+------------------------+---------------+------------------------+------------------------+


Encoding Type:  One-Hot
+------------------------------------------------------------------------------------------+
; State Machine - |top|spi2dac:SPI_DAC|sr_state                                            ;
+------------------------+---------------+------------------------+------------------------+
; Name                   ; sr_state.IDLE ; sr_state.WAIT_CSB_HIGH ; sr_state.WAIT_CSB_FALL ;
+------------------------+---------------+------------------------+------------------------+
; sr_state.IDLE          ; 0             ; 0                      ; 0                      ;
; sr_state.WAIT_CSB_FALL ; 1             ; 0                      ; 1                      ;
; sr_state.WAIT_CSB_HIGH ; 1             ; 1                      ; 0                      ;
+------------------------+---------------+------------------------+------------------------+


Encoding Type:  One-Hot
+--------------------------------------------------------------+
; State Machine - |top|pulse_gen:PULSE|state                   ;
+----------------+------------+----------------+---------------+
; Name           ; state.IDLE ; state.WAIT_LOW ; state.IN_HIGH ;
+----------------+------------+----------------+---------------+
; state.IDLE     ; 0          ; 0              ; 0             ;
; state.IN_HIGH  ; 1          ; 0              ; 1             ;
; state.WAIT_LOW ; 1          ; 1              ; 0             ;
+----------------+------------+----------------+---------------+


+----------------------------------------------------------------------------------------------------------------------------------------------------------------------------------------+
; Registers Removed During Synthesis                                                                                                                                                     ;
+-----------------------------------------------------------------------------------------------------------------------------------------------+----------------------------------------+
; Register name                                                                                                                                 ; Reason for Removal                     ;
+-----------------------------------------------------------------------------------------------------------------------------------------------+----------------------------------------+
; spi2dac:SPI_DAC|shift_reg[0,1]                                                                                                                ; Stuck at GND due to stuck port data_in ;
; spi2dac:SPI_DAC|ctr[0]                                                                                                                        ; Merged with spi2adc:SPI_ADC|ctr[0]     ;
; spi2dac:SPI_DAC|ctr[1]                                                                                                                        ; Merged with spi2adc:SPI_ADC|ctr[1]     ;
; spi2dac:SPI_DAC|ctr[2]                                                                                                                        ; Merged with spi2adc:SPI_ADC|ctr[2]     ;
; spi2dac:SPI_DAC|ctr[3]                                                                                                                        ; Merged with spi2adc:SPI_ADC|ctr[3]     ;
; spi2dac:SPI_DAC|ctr[4]                                                                                                                        ; Merged with spi2adc:SPI_ADC|ctr[4]     ;
; processor:ECHO_SYNT|pulse_gen:pulse_gen_echo|state.IN_HIGH                                                                                    ; Lost fanout                            ;
; processor:ECHO_SYNT|pulse_gen:pulse_gen_echo|state.WAIT_LOW                                                                                   ; Lost fanout                            ;
; pulse_gen:PULSE|state.IN_HIGH                                                                                                                 ; Lost fanout                            ;
; pulse_gen:PULSE|state.WAIT_LOW                                                                                                                ; Lost fanout                            ;
; processor:ECHO_SYNT|FIFO:fifo_top|scfifo:scfifo_component|scfifo_gj21:auto_generated|a_dpfifo_np21:dpfifo|a_fefifo_4be:fifo_state|b_non_empty ; Stuck at VCC due to stuck port data_in ;
; Total Number of Removed Registers = 12                                                                                                        ;                                        ;
+-----------------------------------------------------------------------------------------------------------------------------------------------+----------------------------------------+


+---------------------------------------------------------------------------------------------------+
; Removed Registers Triggering Further Register Optimizations                                       ;
+------------------------------+---------------------------+----------------------------------------+
; Register name                ; Reason for Removal        ; Registers Removed due to This Register ;
+------------------------------+---------------------------+----------------------------------------+
; spi2dac:SPI_DAC|shift_reg[0] ; Stuck at GND              ; spi2dac:SPI_DAC|shift_reg[1]           ;
;                              ; due to stuck port data_in ;                                        ;
+------------------------------+---------------------------+----------------------------------------+


+------------------------------------------------------+
; General Register Statistics                          ;
+----------------------------------------------+-------+
; Statistic                                    ; Value ;
+----------------------------------------------+-------+
; Total registers                              ; 142   ;
; Number of registers using Synchronous Clear  ; 5     ;
; Number of registers using Synchronous Load   ; 0     ;
; Number of registers using Asynchronous Clear ; 0     ;
; Number of registers using Asynchronous Load  ; 0     ;
; Number of registers using Clock Enable       ; 61    ;
; Number of registers using Preset             ; 0     ;
+----------------------------------------------+-------+


+--------------------------------------------------+
; Inverted Register Statistics                     ;
+----------------------------------------+---------+
; Inverted Register                      ; Fan out ;
+----------------------------------------+---------+
; spi2dac:SPI_DAC|dac_cs                 ; 20      ;
; spi2adc:SPI_ADC|adc_cs                 ; 9       ;
; Total number of inverted registers = 2 ;         ;
+----------------------------------------+---------+


+---------------------------------------------------------------------------------------------------------------------------------------------------------------------------------+
; Source assignments for processor:ECHO_SYNT|FIFO:fifo_top|scfifo:scfifo_component|scfifo_gj21:auto_generated|a_dpfifo_np21:dpfifo|dpram_7711:FIFOram|altsyncram_t4k1:altsyncram1 ;
+---------------------------------+--------------------+------+-------------------------------------------------------------------------------------------------------------------+
; Assignment                      ; Value              ; From ; To                                                                                                                ;
+---------------------------------+--------------------+------+-------------------------------------------------------------------------------------------------------------------+
; OPTIMIZE_POWER_DURING_SYNTHESIS ; NORMAL_COMPILATION ; -    ; -                                                                                                                 ;
+---------------------------------+--------------------+------+-------------------------------------------------------------------------------------------------------------------+


+--------------------------------------------------------------+
; Parameter Settings for User Entity Instance: clk_div:GEN_10K ;
+----------------+-------+-------------------------------------+
; Parameter Name ; Value ; Type                                ;
+----------------+-------+-------------------------------------+
; BIT_SZ         ; 21    ; Signed Integer                      ;
+----------------+-------+-------------------------------------+
Note: In order to hide this table in the UI and the text report file, please set the "Show Parameter Settings in Synthesis Report" option in "Analysis and Synthesis Settings -> More Settings" to "Off".


+--------------------------------------------------------------+
; Parameter Settings for User Entity Instance: pulse_gen:PULSE ;
+----------------+-------+-------------------------------------+
; Parameter Name ; Value ; Type                                ;
+----------------+-------+-------------------------------------+
; IDLE           ; 00    ; Unsigned Binary                     ;
; IN_HIGH        ; 01    ; Unsigned Binary                     ;
; WAIT_LOW       ; 10    ; Unsigned Binary                     ;
+----------------+-------+-------------------------------------+
Note: In order to hide this table in the UI and the text report file, please set the "Show Parameter Settings in Synthesis Report" option in "Analysis and Synthesis Settings -> More Settings" to "Off".


+--------------------------------------------------------------+
; Parameter Settings for User Entity Instance: spi2dac:SPI_DAC ;
+----------------+-------+-------------------------------------+
; Parameter Name ; Value ; Type                                ;
+----------------+-------+-------------------------------------+
; BUF            ; 1     ; Unsigned Binary                     ;
; GA_N           ; 0     ; Unsigned Binary                     ;
; SHDN_N         ; 1     ; Unsigned Binary                     ;
; TIME_CONSTANT  ; 11000 ; Unsigned Binary                     ;
; IDLE           ; 00    ; Unsigned Binary                     ;
; WAIT_CSB_FALL  ; 01    ; Unsigned Binary                     ;
; WAIT_CSB_HIGH  ; 10    ; Unsigned Binary                     ;
+----------------+-------+-------------------------------------+
Note: In order to hide this table in the UI and the text report file, please set the "Show Parameter Settings in Synthesis Report" option in "Analysis and Synthesis Settings -> More Settings" to "Off".


+--------------------------------------------------------------+
; Parameter Settings for User Entity Instance: spi2adc:SPI_ADC ;
+----------------+-------+-------------------------------------+
; Parameter Name ; Value ; Type                                ;
+----------------+-------+-------------------------------------+
; SGL            ; 1     ; Unsigned Binary                     ;
; MSBF           ; 1     ; Unsigned Binary                     ;
; TIME_CONSTANT  ; 11000 ; Unsigned Binary                     ;
; IDLE           ; 00    ; Unsigned Binary                     ;
; WAIT_CSB_FALL  ; 01    ; Unsigned Binary                     ;
; WAIT_CSB_HIGH  ; 10    ; Unsigned Binary                     ;
+----------------+-------+-------------------------------------+
Note: In order to hide this table in the UI and the text report file, please set the "Show Parameter Settings in Synthesis Report" option in "Analysis and Synthesis Settings -> More Settings" to "Off".


+------------------------------------------------------------------+
; Parameter Settings for User Entity Instance: processor:ECHO_SYNT ;
+----------------+------------+------------------------------------+
; Parameter Name ; Value      ; Type                               ;
+----------------+------------+------------------------------------+
; ADC_OFFSET     ; 0110000001 ; Unsigned Binary                    ;
; DAC_OFFSET     ; 1000000000 ; Unsigned Binary                    ;
; beta           ; 2          ; Signed Integer                     ;
+----------------+------------+------------------------------------+
Note: In order to hide this table in the UI and the text report file, please set the "Show Parameter Settings in Synthesis Report" option in "Analysis and Synthesis Settings -> More Settings" to "Off".


+-------------------------------------------------------------------------------------------+
; Parameter Settings for User Entity Instance: processor:ECHO_SYNT|pulse_gen:pulse_gen_echo ;
+----------------+-------+------------------------------------------------------------------+
; Parameter Name ; Value ; Type                                                             ;
+----------------+-------+------------------------------------------------------------------+
; IDLE           ; 00    ; Unsigned Binary                                                  ;
; IN_HIGH        ; 01    ; Unsigned Binary                                                  ;
; WAIT_LOW       ; 10    ; Unsigned Binary                                                  ;
+----------------+-------+------------------------------------------------------------------+
Note: In order to hide this table in the UI and the text report file, please set the "Show Parameter Settings in Synthesis Report" option in "Analysis and Synthesis Settings -> More Settings" to "Off".


+--------------------------------------------------------------------------------------------------------+
; Parameter Settings for User Entity Instance: processor:ECHO_SYNT|FIFO:fifo_top|scfifo:scfifo_component ;
+-------------------------+-------------+----------------------------------------------------------------+
; Parameter Name          ; Value       ; Type                                                           ;
+-------------------------+-------------+----------------------------------------------------------------+
; AUTO_CARRY_CHAINS       ; ON          ; AUTO_CARRY                                                     ;
; IGNORE_CARRY_BUFFERS    ; OFF         ; IGNORE_CARRY                                                   ;
; AUTO_CASCADE_CHAINS     ; ON          ; AUTO_CASCADE                                                   ;
; IGNORE_CASCADE_BUFFERS  ; OFF         ; IGNORE_CASCADE                                                 ;
; lpm_width               ; 10          ; Signed Integer                                                 ;
; LPM_NUMWORDS            ; 8192        ; Signed Integer                                                 ;
; LPM_WIDTHU              ; 13          ; Signed Integer                                                 ;
; LPM_SHOWAHEAD           ; OFF         ; Untyped                                                        ;
; UNDERFLOW_CHECKING      ; ON          ; Untyped                                                        ;
; OVERFLOW_CHECKING       ; ON          ; Untyped                                                        ;
; ALLOW_RWCYCLE_WHEN_FULL ; OFF         ; Untyped                                                        ;
; ADD_RAM_OUTPUT_REGISTER ; OFF         ; Untyped                                                        ;
; ALMOST_FULL_VALUE       ; 0           ; Untyped                                                        ;
; ALMOST_EMPTY_VALUE      ; 0           ; Untyped                                                        ;
; USE_EAB                 ; ON          ; Untyped                                                        ;
; MAXIMIZE_SPEED          ; 5           ; Untyped                                                        ;
; DEVICE_FAMILY           ; Cyclone III ; Untyped                                                        ;
; OPTIMIZE_FOR_SPEED      ; 5           ; Untyped                                                        ;
; CBXI_PARAMETER          ; scfifo_gj21 ; Untyped                                                        ;
+-------------------------+-------------+----------------------------------------------------------------+
Note: In order to hide this table in the UI and the text report file, please set the "Show Parameter Settings in Synthesis Report" option in "Analysis and Synthesis Settings -> More Settings" to "Off".


+----------------------------------------------------------------------------------------+
; scfifo Parameter Settings by Entity Instance                                           ;
+----------------------------+-----------------------------------------------------------+
; Name                       ; Value                                                     ;
+----------------------------+-----------------------------------------------------------+
; Number of entity instances ; 1                                                         ;
; Entity Instance            ; processor:ECHO_SYNT|FIFO:fifo_top|scfifo:scfifo_component ;
;     -- FIFO Type           ; Single Clock                                              ;
;     -- lpm_width           ; 10                                                        ;
;     -- LPM_NUMWORDS        ; 8192                                                      ;
;     -- LPM_SHOWAHEAD       ; OFF                                                       ;
;     -- USE_EAB             ; ON                                                        ;
+----------------------------+-----------------------------------------------------------+


+----------------------------------------------+
; Port Connectivity Checks: "hex_to_7seg:SEG2" ;
+----------+-------+----------+----------------+
; Port     ; Type  ; Severity ; Details        ;
+----------+-------+----------+----------------+
; in[3..2] ; Input ; Info     ; Stuck at GND   ;
+----------+-------+----------+----------------+


+-------------------------------------------------------------------------------------------------------------------+
; Port Connectivity Checks: "processor:ECHO_SYNT|FIFO:fifo_top"                                                     ;
+---------+--------+----------+-------------------------------------------------------------------------------------+
; Port    ; Type   ; Severity ; Details                                                                             ;
+---------+--------+----------+-------------------------------------------------------------------------------------+
; q[1..0] ; Output ; Info     ; Connected to dangling logic. Logic that only feeds a dangling port will be removed. ;
+---------+--------+----------+-------------------------------------------------------------------------------------+


+----------------------------------------------+
; Port Connectivity Checks: "clk_div:GEN_10K"  ;
+------------+-------+----------+--------------+
; Port       ; Type  ; Severity ; Details      ;
+------------+-------+----------+--------------+
; tc[8..6]   ; Input ; Info     ; Stuck at VCC ;
; tc[1..0]   ; Input ; Info     ; Stuck at VCC ;
; tc[20..12] ; Input ; Info     ; Stuck at GND ;
; tc[10..9]  ; Input ; Info     ; Stuck at GND ;
; tc[5..2]   ; Input ; Info     ; Stuck at GND ;
; tc[11]     ; Input ; Info     ; Stuck at VCC ;
+------------+-------+----------+--------------+


+-------------------------------+
; Elapsed Time Per Partition    ;
+----------------+--------------+
; Partition Name ; Elapsed Time ;
+----------------+--------------+
; Top            ; 00:00:00     ;
+----------------+--------------+


+-------------------------------+
; Analysis & Synthesis Messages ;
+-------------------------------+
Info: *******************************************************************
Info: Running Quartus II 64-Bit Analysis & Synthesis
    Info: Version 13.0.1 Build 232 06/12/2013 Service Pack 1 SJ Full Version
    Info: Processing started: Thu Dec 17 18:06:11 2015
Info: Command: quartus_map --read_settings_files=on --write_settings_files=off Ex13 -c Ex13
Info (11104): Parallel Compilation has detected 8 hyper-threaded processors. However, the extra hyper-threaded processors will not be used by default. Parallel Compilation will use 4 of the 4 physical processors detected instead.
Info (12021): Found 1 design units, including 1 entities, in source file fifo.v
    Info (12023): Found entity 1: FIFO
Info (12021): Found 1 design units, including 1 entities, in source file top.v
    Info (12023): Found entity 1: top
Info (12021): Found 1 design units, including 1 entities, in source file spi2dac.v
    Info (12023): Found entity 1: spi2dac
Info (12021): Found 1 design units, including 1 entities, in source file spi2adc.v
    Info (12023): Found entity 1: spi2adc
Info (12021): Found 1 design units, including 1 entities, in source file pulse_gen.v
    Info (12023): Found entity 1: pulse_gen
Info (12021): Found 1 design units, including 1 entities, in source file hex_to_7seg.v
    Info (12023): Found entity 1: hex_to_7seg
Info (12021): Found 1 design units, including 1 entities, in source file clk_div.v
    Info (12023): Found entity 1: clk_div
Info (12021): Found 1 design units, including 1 entities, in source file echo_mult.v
    Info (12023): Found entity 1: processor
Info (12127): Elaborating entity "top" for the top level hierarchy
Info (12128): Elaborating entity "clk_div" for hierarchy "clk_div:GEN_10K"
Info (12128): Elaborating entity "pulse_gen" for hierarchy "pulse_gen:PULSE"
Info (12128): Elaborating entity "spi2dac" for hierarchy "spi2dac:SPI_DAC"
Info (12128): Elaborating entity "spi2adc" for hierarchy "spi2adc:SPI_ADC"
Info (12128): Elaborating entity "processor" for hierarchy "processor:ECHO_SYNT"
Info (12128): Elaborating entity "FIFO" for hierarchy "processor:ECHO_SYNT|FIFO:fifo_top"
Info (12128): Elaborating entity "scfifo" for hierarchy "processor:ECHO_SYNT|FIFO:fifo_top|scfifo:scfifo_component"
Info (12130): Elaborated megafunction instantiation "processor:ECHO_SYNT|FIFO:fifo_top|scfifo:scfifo_component"
Info (12133): Instantiated megafunction "processor:ECHO_SYNT|FIFO:fifo_top|scfifo:scfifo_component" with the following parameter:
    Info (12134): Parameter "add_ram_output_register" = "OFF"
    Info (12134): Parameter "intended_device_family" = "Cyclone III"
    Info (12134): Parameter "lpm_numwords" = "8192"
    Info (12134): Parameter "lpm_showahead" = "OFF"
    Info (12134): Parameter "lpm_type" = "scfifo"
    Info (12134): Parameter "lpm_width" = "10"
    Info (12134): Parameter "lpm_widthu" = "13"
    Info (12134): Parameter "overflow_checking" = "ON"
    Info (12134): Parameter "underflow_checking" = "ON"
    Info (12134): Parameter "use_eab" = "ON"
Info (12021): Found 1 design units, including 1 entities, in source file db/scfifo_gj21.tdf
    Info (12023): Found entity 1: scfifo_gj21
Info (12128): Elaborating entity "scfifo_gj21" for hierarchy "processor:ECHO_SYNT|FIFO:fifo_top|scfifo:scfifo_component|scfifo_gj21:auto_generated"
Info (12021): Found 1 design units, including 1 entities, in source file db/a_dpfifo_np21.tdf
    Info (12023): Found entity 1: a_dpfifo_np21
Info (12128): Elaborating entity "a_dpfifo_np21" for hierarchy "processor:ECHO_SYNT|FIFO:fifo_top|scfifo:scfifo_component|scfifo_gj21:auto_generated|a_dpfifo_np21:dpfifo"
Info (12021): Found 1 design units, including 1 entities, in source file db/a_fefifo_4be.tdf
    Info (12023): Found entity 1: a_fefifo_4be
Info (12128): Elaborating entity "a_fefifo_4be" for hierarchy "processor:ECHO_SYNT|FIFO:fifo_top|scfifo:scfifo_component|scfifo_gj21:auto_generated|a_dpfifo_np21:dpfifo|a_fefifo_4be:fifo_state"
Info (12021): Found 1 design units, including 1 entities, in source file db/cntr_io7.tdf
    Info (12023): Found entity 1: cntr_io7
Info (12128): Elaborating entity "cntr_io7" for hierarchy "processor:ECHO_SYNT|FIFO:fifo_top|scfifo:scfifo_component|scfifo_gj21:auto_generated|a_dpfifo_np21:dpfifo|a_fefifo_4be:fifo_state|cntr_io7:count_usedw"
Info (12021): Found 1 design units, including 1 entities, in source file db/dpram_7711.tdf
    Info (12023): Found entity 1: dpram_7711
Info (12128): Elaborating entity "dpram_7711" for hierarchy "processor:ECHO_SYNT|FIFO:fifo_top|scfifo:scfifo_component|scfifo_gj21:auto_generated|a_dpfifo_np21:dpfifo|dpram_7711:FIFOram"
Info (12021): Found 1 design units, including 1 entities, in source file db/altsyncram_t4k1.tdf
    Info (12023): Found entity 1: altsyncram_t4k1
Info (12128): Elaborating entity "altsyncram_t4k1" for hierarchy "processor:ECHO_SYNT|FIFO:fifo_top|scfifo:scfifo_component|scfifo_gj21:auto_generated|a_dpfifo_np21:dpfifo|dpram_7711:FIFOram|altsyncram_t4k1:altsyncram1"
Info (12021): Found 1 design units, including 1 entities, in source file db/cntr_6ob.tdf
    Info (12023): Found entity 1: cntr_6ob
Info (12128): Elaborating entity "cntr_6ob" for hierarchy "processor:ECHO_SYNT|FIFO:fifo_top|scfifo:scfifo_component|scfifo_gj21:auto_generated|a_dpfifo_np21:dpfifo|cntr_6ob:rd_ptr_count"
Info (12128): Elaborating entity "hex_to_7seg" for hierarchy "hex_to_7seg:SEG0"
Warning (14284): Synthesized away the following node(s):
    Warning (14285): Synthesized away the following RAM node(s):
        Warning (14320): Synthesized away node "processor:ECHO_SYNT|FIFO:fifo_top|scfifo:scfifo_component|scfifo_gj21:auto_generated|a_dpfifo_np21:dpfifo|dpram_7711:FIFOram|altsyncram_t4k1:altsyncram1|q_b[0]"
        Warning (14320): Synthesized away node "processor:ECHO_SYNT|FIFO:fifo_top|scfifo:scfifo_component|scfifo_gj21:auto_generated|a_dpfifo_np21:dpfifo|dpram_7711:FIFOram|altsyncram_t4k1:altsyncram1|q_b[1]"
Warning (13024): Output pins are stuck at VCC or GND
    Warning (13410): Pin "HEX2_D[1]" is stuck at GND
Info (286030): Timing-Driven Synthesis is running
Info (17049): 4 registers lost all their fanouts during netlist optimizations.
Info (16010): Generating hard_block partition "hard_block:auto_generated_inst"
    Info (16011): Adding 0 node(s), including 0 DDIO, 0 PLL, 0 transceiver and 0 LCELL
Warning (21074): Design contains 9 input pin(s) that do not drive logic
    Warning (15610): No output dependent on input pin "SW[0]"
    Warning (15610): No output dependent on input pin "SW[1]"
    Warning (15610): No output dependent on input pin "SW[2]"
    Warning (15610): No output dependent on input pin "SW[3]"
    Warning (15610): No output dependent on input pin "SW[4]"
    Warning (15610): No output dependent on input pin "SW[5]"
    Warning (15610): No output dependent on input pin "SW[6]"
    Warning (15610): No output dependent on input pin "SW[7]"
    Warning (15610): No output dependent on input pin "SW[8]"
Info (21057): Implemented 263 device resources after synthesis - the final resource count might be different
    Info (21058): Implemented 12 input pins
    Info (21059): Implemented 27 output pins
    Info (21061): Implemented 216 logic cells
    Info (21064): Implemented 8 RAM segments
Info: Quartus II 64-Bit Analysis & Synthesis was successful. 0 errors, 16 warnings
    Info: Peak virtual memory: 476 megabytes
    Info: Processing ended: Thu Dec 17 18:06:16 2015
    Info: Elapsed time: 00:00:05
    Info: Total CPU time (on all processors): 00:00:02


